{
  "stats": {
    "suites": 48,
    "tests": 246,
    "passes": 220,
    "pending": 0,
    "failures": 26,
    "start": "2020-09-14T12:25:21.753Z",
    "end": "2020-09-14T12:37:44.328Z",
    "duration": 742575,
    "testsRegistered": 246,
    "passPercent": 89.43089430894308,
    "pendingPercent": 0,
    "other": 0,
    "hasOther": false,
    "skipped": 0,
    "hasSkipped": false
  },
  "results": [
    {
      "uuid": "a74f943e-a98f-4ec8-b11c-f47ad5aab898",
      "title": "",
      "fullFile": "",
      "file": "",
      "beforeHooks": [],
      "afterHooks": [],
      "tests": [],
      "suites": [
        {
          "uuid": "83a18a40-fcdc-4d52-a514-184e0da30ff9",
          "title": "Account Creation, Sign and Broadcast for User1",
          "fullFile": "/home/aditimahesh/Documents/Work/Persistence/go/src/github.com/persistenceOne/assetMantle/tests/mocha-awesome/test/keys.js",
          "file": "/test/keys.js",
          "beforeHooks": [
            {
              "title": "\"before each\" hook",
              "fullTitle": "Account Creation, Sign and Broadcast for User1 \"before each\" hook",
              "timedOut": false,
              "duration": 3000,
              "state": null,
              "speed": null,
              "pass": false,
              "fail": false,
              "pending": false,
              "context": null,
              "code": "this.timeout(4000)\nsetTimeout(function() {\n  done()\n}, 3000)",
              "err": {},
              "uuid": "ad9ca2bf-cdea-46c1-ab84-a44d6cebec12",
              "parentUUID": "83a18a40-fcdc-4d52-a514-184e0da30ff9",
              "isHook": true,
              "skipped": false
            }
          ],
          "afterHooks": [],
          "tests": [
            {
              "title": "it should create an account for: ab8a13d5bf81d56be1b501b0c48c38c5",
              "fullTitle": "Account Creation, Sign and Broadcast for User1 it should create an account for: ab8a13d5bf81d56be1b501b0c48c38c5",
              "timedOut": false,
              "duration": 173,
              "state": "passed",
              "speed": "slow",
              "pass": true,
              "fail": false,
              "pending": false,
              "context": null,
              "code": "let name = {\nname: name1\n        }\n\n        var err,res = await chai.request(server)\n        .post(config.keysAdd)\n        .send(name)\n    \n        res.should.have.status(200);\n        res.body.should.be.a('object');\n\n        expect(res.body.result.success).to.be.true\n        expect(res.body.result.keyOutput.address).to.not.equal(null)\n        expect(res.body.result.keyOutput.address).to.not.equal('')     \n        \n        names1.address = res.body.result.keyOutput.address",
              "err": {},
              "uuid": "3c004295-00dc-4651-82ca-b7cb269151c3",
              "parentUUID": "83a18a40-fcdc-4d52-a514-184e0da30ff9",
              "isHook": false,
              "skipped": false
            },
            {
              "title": "ab8a13d5bf81d56be1b501b0c48c38c5 should be able to signTx ",
              "fullTitle": "Account Creation, Sign and Broadcast for User1 ab8a13d5bf81d56be1b501b0c48c38c5 should be able to signTx ",
              "timedOut": false,
              "duration": 38,
              "state": "passed",
              "speed": "medium",
              "pass": true,
              "fail": false,
              "pending": false,
              "context": null,
              "code": "let obj = {\n\"baseReq\":{\n  \"from\":config.testAccountAddress,\n  \"chain_id\": config.chain_id\n},\n\"type\": \"cosmos-sdk/StdTx\",\n\"value\": {\n  \"msg\": [\n    {\n      \"type\": \"cosmos-sdk/MsgSend\",\n      \"value\": {\n        \"from_address\": config.testAccountAddress,\n        \"to_address\": names1.address,\n        \"amount\": [\n          {\n            \"denom\": \"stake\",\n            \"amount\": \"1000\"\n          }\n        ]\n      }\n    }\n  ],\n  \"fee\": {\n    \"amount\": [],\n    \"gas\": \"200000\"\n  },\n  \"signatures\": null,\n  \"memo\": \"\"\n}\n          }\n\n        var err,res = await chai.request(server)\n        .post(config.signTx)\n        .send(obj)\n\n        res.should.have.status(200);\n        res.body.should.be.a('object');\n        expect(res.body.result.success).to.be.true\n\n        names1.typekey = res.body.result.tx.signatures[0].pub_key.type\n        names1.value = res.body.result.tx.signatures[0].pub_key.value\n        names1.signature = res.body.result.tx.signatures[0].signature",
              "err": {},
              "uuid": "f6fc93fa-9a98-4a33-8944-9917f915413d",
              "parentUUID": "83a18a40-fcdc-4d52-a514-184e0da30ff9",
              "isHook": false,
              "skipped": false
            },
            {
              "title": "ab8a13d5bf81d56be1b501b0c48c38c5 should be able to broadcastTx ",
              "fullTitle": "Account Creation, Sign and Broadcast for User1 ab8a13d5bf81d56be1b501b0c48c38c5 should be able to broadcastTx ",
              "timedOut": false,
              "duration": 20,
              "state": "passed",
              "speed": "fast",
              "pass": true,
              "fail": false,
              "pending": false,
              "context": null,
              "code": "let obj = {\n\"tx\": {\n     \"msg\": [\n         {\n             \"type\": \"cosmos-sdk/MsgSend\",\n             \"value\": {\n                 \"from_address\": config.testAccountAddress,\n                 \"to_address\": names1.address,\n                 \"amount\": [\n                     {\n                         \"denom\": \"stake\",\n                         \"amount\": \"1000\"\n                     }\n                 ]\n             }\n         }\n     ],\n     \"fee\": {\n         \"amount\": [],\n         \"gas\": \"200000\"\n     },\n     \"signatures\": [\n         {\n             \"pub_key\": {\n                 \"type\": names1.typekey,\n                 \"value\": names1.value\n                 },\n             \"signature\": names1.signature\n         }\n       ],\n     \"memo\": \"\"\n },\n         \"mode\": \"sync\"\n     }\n\n     \n        var err,res = await chai.request(server)\n        .post(config.broadcastTx)\n        .send(obj)\n\n   \n    \n        res.should.have.status(200);\n        res.body.should.be.a('object');\n        expect(res.body.txhash).to.not.equal(null)\n        expect(res.body.txhash).to.not.equal('')\n\n        var hash = res.body.txhash\n\n        var err,res = await chai.request(server)\n         .get('/txs/'+hash)",
              "err": {},
              "uuid": "962e5451-ac49-4867-a099-928d5bcad145",
              "parentUUID": "83a18a40-fcdc-4d52-a514-184e0da30ff9",
              "isHook": false,
              "skipped": false
            }
          ],
          "suites": [],
          "passes": [
            "3c004295-00dc-4651-82ca-b7cb269151c3",
            "f6fc93fa-9a98-4a33-8944-9917f915413d",
            "962e5451-ac49-4867-a099-928d5bcad145"
          ],
          "failures": [],
          "pending": [],
          "skipped": [],
          "duration": 231,
          "root": false,
          "rootEmpty": false,
          "_timeout": 2000
        },
        {
          "uuid": "3fe5e5c5-8a50-4142-b48b-aa19ddb59c39",
          "title": "Account Creation, Sign and Broadcast for User2",
          "fullFile": "/home/aditimahesh/Documents/Work/Persistence/go/src/github.com/persistenceOne/assetMantle/tests/mocha-awesome/test/keys.js",
          "file": "/test/keys.js",
          "beforeHooks": [
            {
              "title": "\"before each\" hook",
              "fullTitle": "Account Creation, Sign and Broadcast for User2 \"before each\" hook",
              "timedOut": false,
              "duration": 3004,
              "state": null,
              "speed": null,
              "pass": false,
              "fail": false,
              "pending": false,
              "context": null,
              "code": "this.timeout(4000)\nsetTimeout(function() {\n  done()\n}, 3000)",
              "err": {},
              "uuid": "bdefc7d9-1d82-4c3d-8df4-597b11ef093d",
              "parentUUID": "3fe5e5c5-8a50-4142-b48b-aa19ddb59c39",
              "isHook": true,
              "skipped": false
            }
          ],
          "afterHooks": [],
          "tests": [
            {
              "title": "it should create an account for: 3a0451e8fe981eefbfbcaf3555279ca7",
              "fullTitle": "Account Creation, Sign and Broadcast for User2 it should create an account for: 3a0451e8fe981eefbfbcaf3555279ca7",
              "timedOut": false,
              "duration": 141,
              "state": "passed",
              "speed": "slow",
              "pass": true,
              "fail": false,
              "pending": false,
              "context": null,
              "code": "let name = {\nname: name2\n      }\n     \n      var err,res = await chai.request('http://localhost:1317')\n      .post(config.keysAdd)\n      .send(name)\n\n   \n  \n      res.should.have.status(200);\n      res.body.should.be.a('object');\n\n      expect(res.body.result.success).to.be.true\n      expect(res.body.result.keyOutput.address).to.not.equal(null)\n      expect(res.body.result.keyOutput.address).to.not.equal('')\n\n      names2.address = res.body.result.keyOutput.address",
              "err": {},
              "uuid": "e91282b0-a251-4260-9ee4-22462d52c14d",
              "parentUUID": "3fe5e5c5-8a50-4142-b48b-aa19ddb59c39",
              "isHook": false,
              "skipped": false
            },
            {
              "title": "3a0451e8fe981eefbfbcaf3555279ca7 should be able to signTx ",
              "fullTitle": "Account Creation, Sign and Broadcast for User2 3a0451e8fe981eefbfbcaf3555279ca7 should be able to signTx ",
              "timedOut": false,
              "duration": 44,
              "state": "passed",
              "speed": "medium",
              "pass": true,
              "fail": false,
              "pending": false,
              "context": null,
              "code": "let obj = {\n        \"baseReq\":{\n\"from\":config.testAccountAddress,\n\"chain_id\": config.chain_id\n        },\n        \"type\": \"cosmos-sdk/StdTx\",\n        \"value\": {\n\"msg\": [\n  {\n    \"type\": \"cosmos-sdk/MsgSend\",\n    \"value\": {\n      \"from_address\": config.testAccountAddress,\n      \"to_address\": names2.address,\n      \"amount\": [\n        {\n          \"denom\": \"stake\",\n          \"amount\": \"1000\"\n        }\n      ]\n    }\n  }\n],\n\"fee\": {\n  \"amount\": [],\n  \"gas\": \"200000\"\n},\n\"signatures\": null,\n\"memo\": \"\"\n        }\n      }\n\n    var err,res = await chai.request(server)\n    .post(config.signTx)\n    .send(obj)\n\n    \n\n    res.should.have.status(200);\n    res.body.should.be.a('object');\n    expect(res.body.result.success).to.be.true\n\n    names2.typekey = res.body.result.tx.signatures[0].pub_key.type\n    names2.value = res.body.result.tx.signatures[0].pub_key.value\n    names2.signature = res.body.result.tx.signatures[0].signature",
              "err": {},
              "uuid": "66e37175-62a3-4b8e-8b13-b9c78c8955e7",
              "parentUUID": "3fe5e5c5-8a50-4142-b48b-aa19ddb59c39",
              "isHook": false,
              "skipped": false
            },
            {
              "title": "3a0451e8fe981eefbfbcaf3555279ca7 should be able to broadcastTx ",
              "fullTitle": "Account Creation, Sign and Broadcast for User2 3a0451e8fe981eefbfbcaf3555279ca7 should be able to broadcastTx ",
              "timedOut": false,
              "duration": 15,
              "state": "passed",
              "speed": "fast",
              "pass": true,
              "fail": false,
              "pending": false,
              "context": null,
              "code": "let obj = {\n\"tx\": {\n     \"msg\": [\n         {\n             \"type\": \"cosmos-sdk/MsgSend\",\n             \"value\": {\n                 \"from_address\": config.testAccountAddress,\n                 \"to_address\": names2.address,\n                 \"amount\": [\n                     {\n                         \"denom\": \"stake\",\n                         \"amount\": \"1000\"\n                     }\n                 ]\n             }\n         }\n     ],\n     \"fee\": {\n         \"amount\": [],\n         \"gas\": \"200000\"\n     },\n     \"signatures\": [\n         {\n             \"pub_key\": {\n                 \"type\": names2.typekey,\n                 \"value\": names2.value\n                 },\n             \"signature\": names2.signature\n         }\n       ],\n     \"memo\": \"\"\n },\n     \"mode\": \"sync\"\n }\n\n \n    var err,res = await chai.request(server)\n    .post(config.broadcastTx)\n    .send(obj)\n\n \n\n    res.should.have.status(200);\n    res.body.should.be.a('object');\n    expect(res.body.txhash).to.not.equal(null)\n    expect(res.body.txhash).to.not.equal('')\n\n    var hash = res.body.txhash\n\n    var err,res = await chai.request(server)\n     .get('/txs/'+hash)",
              "err": {},
              "uuid": "e6163cd2-ed0a-4cbb-81b1-02ea1a63c83f",
              "parentUUID": "3fe5e5c5-8a50-4142-b48b-aa19ddb59c39",
              "isHook": false,
              "skipped": false
            }
          ],
          "suites": [],
          "passes": [
            "e91282b0-a251-4260-9ee4-22462d52c14d",
            "66e37175-62a3-4b8e-8b13-b9c78c8955e7",
            "e6163cd2-ed0a-4cbb-81b1-02ea1a63c83f"
          ],
          "failures": [],
          "pending": [],
          "skipped": [],
          "duration": 200,
          "root": false,
          "rootEmpty": false,
          "_timeout": 2000
        },
        {
          "uuid": "0c88b259-86ce-4a6b-a97a-0b5ee0103226",
          "title": "Nub Tx",
          "fullFile": "/home/aditimahesh/Documents/Work/Persistence/go/src/github.com/persistenceOne/assetMantle/tests/mocha-awesome/test/keys.js",
          "file": "/test/keys.js",
          "beforeHooks": [
            {
              "title": "\"before each\" hook",
              "fullTitle": "Nub Tx \"before each\" hook",
              "timedOut": false,
              "duration": 3001,
              "state": null,
              "speed": null,
              "pass": false,
              "fail": false,
              "pending": false,
              "context": null,
              "code": "this.timeout(4000)\nsetTimeout(function() {\n  done()\n}, 3000)",
              "err": {},
              "uuid": "d0196506-b40b-49f8-8583-ae63195ca1a6",
              "parentUUID": "0c88b259-86ce-4a6b-a97a-0b5ee0103226",
              "isHook": true,
              "skipped": false
            }
          ],
          "afterHooks": [],
          "tests": [
            {
              "title": "nubTx: ",
              "fullTitle": "Nub Tx nubTx: ",
              "timedOut": false,
              "duration": 57,
              "state": "passed",
              "speed": "medium",
              "pass": true,
              "fail": false,
              "pending": false,
              "context": null,
              "code": "let obj = {\n        \"type\": config.nubType,\n         \"value\": {\n  \"baseReq\": {\n    \"from\": config.testAccountAddress,\n    \"chain_id\": config.chain_id\n  },\n  \"nubID\":config.nubID\n}\n        }\n        \n     \n      var err,res = await chai.request(server)\n      .post(config.nubPath)\n      .send(obj)\n  \n      res.should.have.status(200);\n      res.body.should.be.a('object');\n      expect(res.body.txhash).to.not.equal(null)\n      expect(res.body.txhash).to.not.equal('')\n\n      txHash = res.body.txhash",
              "err": {},
              "uuid": "eaefda7c-26ae-4a74-9fbf-acbf93dfa3ee",
              "parentUUID": "0c88b259-86ce-4a6b-a97a-0b5ee0103226",
              "isHook": false,
              "skipped": false
            },
            {
              "title": "Query nubTx: ",
              "fullTitle": "Nub Tx Query nubTx: ",
              "timedOut": false,
              "duration": 4,
              "state": "passed",
              "speed": "fast",
              "pass": true,
              "fail": false,
              "pending": false,
              "context": null,
              "code": "async.retry({ times:config.retry_count, interval:config.timeout}, async function (callbackretry){\n      console.log(\"came inside\")\n      var err,res = await chai.request(server)\n     .get('/txs/'+txHash) \n     var data1 = res.body    \n      if((data1.indexOf('error') != -1) || (data1.indexOf('failed') != -1)){\n        console.log(\"RETRY\")\n        callbackretry('failed')\n      }else{\n        console.log(\"NO RETRY\")\n        callbackretry(null, 'true ')\n      }\n    }, function(err, response){\n      if(err){\n        console.log(\"err: \" + err)\n        console.log(\"response: \" + response)\n        console.log(\"failed to send txHash query\")\n      }else{\n        console.log(\"send txHash query successfull\")\n        expect(res.body.raw_log).to.not.contain('failed')\n        expect(res.body).to.not.contain('error') \n      }\n    })\n    console.log(\"txHash: \" + txHash)",
              "err": {},
              "uuid": "581c9f6c-b7cf-4c30-9d2e-0d0b224c5678",
              "parentUUID": "0c88b259-86ce-4a6b-a97a-0b5ee0103226",
              "isHook": false,
              "skipped": false
            }
          ],
          "suites": [],
          "passes": [
            "eaefda7c-26ae-4a74-9fbf-acbf93dfa3ee",
            "581c9f6c-b7cf-4c30-9d2e-0d0b224c5678"
          ],
          "failures": [],
          "pending": [],
          "skipped": [],
          "duration": 61,
          "root": false,
          "rootEmpty": false,
          "_timeout": 2000
        },
        {
          "uuid": "bfd12380-9976-4c82-8a21-47fa4f7343fe",
          "title": "Identity",
          "fullFile": "/home/aditimahesh/Documents/Work/Persistence/go/src/github.com/persistenceOne/assetMantle/tests/mocha-awesome/test/keys.js",
          "file": "/test/keys.js",
          "beforeHooks": [],
          "afterHooks": [],
          "tests": [],
          "suites": [
            {
              "uuid": "0f75fc3c-eeba-444d-a942-b8c636fb077d",
              "title": "Issue Identity 1",
              "fullFile": "/home/aditimahesh/Documents/Work/Persistence/go/src/github.com/persistenceOne/assetMantle/tests/mocha-awesome/test/keys.js",
              "file": "/test/keys.js",
              "beforeHooks": [
                {
                  "title": "\"before each\" hook",
                  "fullTitle": "Identity Issue Identity 1 \"before each\" hook",
                  "timedOut": false,
                  "duration": 3000,
                  "state": null,
                  "speed": null,
                  "pass": false,
                  "fail": false,
                  "pending": false,
                  "context": null,
                  "code": "this.timeout(4000)\nsetTimeout(function() {\n  done()\n}, 3000)",
                  "err": {},
                  "uuid": "73b3a552-fb25-4492-98ce-61c0f485b479",
                  "parentUUID": "0f75fc3c-eeba-444d-a942-b8c636fb077d",
                  "isHook": true,
                  "skipped": false
                }
              ],
              "afterHooks": [],
              "tests": [
                {
                  "title": "Query Identity: ",
                  "fullTitle": "Identity Issue Identity 1 Query Identity: ",
                  "timedOut": false,
                  "duration": 7,
                  "state": "passed",
                  "speed": "fast",
                  "pass": true,
                  "fail": false,
                  "pending": false,
                  "context": null,
                  "code": "var err,res = await chai.request(server)\n      .get(config.qIdentity)\n  \n      var list = res.body.result.value.identities.value.list\n      list.forEach(function(value){\n    \n if(value.value.immutables.value.properties.value.propertyList[0].value.id.value.idString == config.nubID){\n   data.clasificationID = value.value.id.value.classificationID.value.idString\n   data.hashID = value.value.id.value.hashID.value.idString\n    \n }\n      \n      });",
                  "err": {},
                  "uuid": "73ee992e-e69c-46ff-bc1b-7de7031f5747",
                  "parentUUID": "0f75fc3c-eeba-444d-a942-b8c636fb077d",
                  "isHook": false,
                  "skipped": false
                },
                {
                  "title": "Define Identity: ",
                  "fullTitle": "Identity Issue Identity 1 Define Identity: ",
                  "timedOut": false,
                  "duration": 42,
                  "state": "passed",
                  "speed": "medium",
                  "pass": true,
                  "fail": false,
                  "pending": false,
                  "context": null,
                  "code": "var num = helper.generateRandomInteger(0,10000)\n   \n   let obj = {\n     \"type\": config.defineIdentityType,\n      \"value\": {\n         \"baseReq\": {\n           \"from\": config.testAccountAddress,\n           \"chain_id\": config.chain_id\n         },\n         \"fromID\": data.clasificationID + '|' + data.hashID,\n         \"mutableTraits\":\"mutableTraits1:S|num1\" + num,\n         \"immutableTraits\":\"immutableTraits1:S|\",\n         \"mutableMetaTraits\": \"mutableMetaTraits1:S|num3\" + num,\n         \"immutableMetaTraits\": \"immutableMetaTraits1:S|num4\" + num\n       }\n     }\n     \n    \n   var err,res = await chai.request(server)\n   .post(config.defineIdentityPath)\n   .send(obj)\n  \n   res.should.have.status(200);\n   res.body.should.be.a('object');\n   expect(res.body.txhash).to.not.equal(null)\n   expect(res.body.txhash).to.not.equal('')\n  \n   txHash = res.body.txhash",
                  "err": {},
                  "uuid": "a59a30eb-8975-4c81-b391-4db9c3541d65",
                  "parentUUID": "0f75fc3c-eeba-444d-a942-b8c636fb077d",
                  "isHook": false,
                  "skipped": false
                },
                {
                  "title": "Query Tx: ",
                  "fullTitle": "Identity Issue Identity 1 Query Tx: ",
                  "timedOut": false,
                  "duration": 3,
                  "state": "passed",
                  "speed": "fast",
                  "pass": true,
                  "fail": false,
                  "pending": false,
                  "context": null,
                  "code": "async.retry({ times:config.retry_count, interval:config.timeout}, async function (callbackretry){\n  var err,res = await chai.request(server)\n .get('/txs/'+txHash) \n var data1 = res.body    \n  if((data1.indexOf('error') != -1) || (data1.indexOf('failed') != -1)){\n    console.log(\"RETRY\")\n    callbackretry('failed')\n  }else{\n    callbackretry(null, 'true ')\n  }\n}, function(err, response){\n  if(err){\n    console.log(\"failed to send txHash query\")\n  }else{\n    console.log(\"send txHash query successfull\")\n    expect(res.body.raw_log).to.not.contain('failed')\n    expect(res.body).to.not.contain('error') \n  }\n})\nconsole.log(\"txHash: \" + txHash)",
                  "err": {},
                  "uuid": "f7926f91-93b8-4ac2-9101-e3681ecc89d5",
                  "parentUUID": "0f75fc3c-eeba-444d-a942-b8c636fb077d",
                  "isHook": false,
                  "skipped": false
                },
                {
                  "title": "Query Classification: ",
                  "fullTitle": "Identity Issue Identity 1 Query Classification: ",
                  "timedOut": false,
                  "duration": 7,
                  "state": "passed",
                  "speed": "fast",
                  "pass": true,
                  "fail": false,
                  "pending": false,
                  "context": null,
                  "code": "var err,res = await chai.request(server)\n      .get(config.qClassification)\n  \n      var list = res.body.result.value.classifications.value.list\n      list.forEach(function(value){\n \nif(value.value.immutableTraits.value.properties.value.propertyList[0].value.id.value.idString == \"immutableMetaTraits1\"){\n  data.chainID = value.value.id.value.chainID.value.idString\n  data.clshashID = value.value.id.value.hashID.value.idString\n   }\n\n      });",
                  "err": {},
                  "uuid": "73a3eb24-ddcf-45ce-9b62-f91239e0c3b9",
                  "parentUUID": "0f75fc3c-eeba-444d-a942-b8c636fb077d",
                  "isHook": false,
                  "skipped": false
                },
                {
                  "title": "Issue Identity: ",
                  "fullTitle": "Identity Issue Identity 1 Issue Identity: ",
                  "timedOut": false,
                  "duration": 44,
                  "state": "passed",
                  "speed": "medium",
                  "pass": true,
                  "fail": false,
                  "pending": false,
                  "context": null,
                  "code": "var num = helper.generateRandomInteger(0,10000)\n \n let obj = {\n   \"type\": config.issuedentityType,\n    \"value\": {\n       \"baseReq\": {\n         \"from\": config.testAccountAddress,\n         \"chain_id\": config.chain_id\n       },\n       \"to\": config.testAccountAddress,\n       \"fromID\": data.clasificationID + '|' + data.hashID,\n       \"classificationID\": data.chainID + '.' + data.clshashID,\n       \"mutableProperties\": \"mutableTraits1:S|num1\" + num,\n       \"immutableProperties\": \"immutableTraits1:S|\",\n       \"mutableMetaProperties\": \"mutableMetaTraits1:S|num3\" + num,\n       \"immutableMetaProperties\": \"immutableMetaTraits1:S|num4\" + num    \n     }\n   }   \n   \n  \n var err,res = await chai.request(server)\n .post(config.issueIdentityPath)\n .send(obj)\n  \n res.should.have.status(200);\n res.body.should.be.a('object');\n expect(res.body.txhash).to.not.equal(null)\n expect(res.body.txhash).to.not.equal('')\n  \n txHash = res.body.txhash",
                  "err": {},
                  "uuid": "ff41b93c-723a-4036-9503-690d1ceaddc5",
                  "parentUUID": "0f75fc3c-eeba-444d-a942-b8c636fb077d",
                  "isHook": false,
                  "skipped": false
                },
                {
                  "title": "Query Tx: ",
                  "fullTitle": "Identity Issue Identity 1 Query Tx: ",
                  "timedOut": false,
                  "duration": 2,
                  "state": "passed",
                  "speed": "fast",
                  "pass": true,
                  "fail": false,
                  "pending": false,
                  "context": null,
                  "code": "async.retry({ times:config.retry_count, interval:config.timeout}, async function (callbackretry){\n  var err,res = await chai.request(server)\n .get('/txs/'+txHash) \n var data1 = res.body    \n  if((data1.indexOf('error') != -1) || (data1.indexOf('failed') != -1)){\n    console.log(\"RETRY\")\n    callbackretry('failed')\n  }else{\n    callbackretry(null, 'true ')\n  }\n}, function(err, response){\n  if(err){\n    console.log(\"failed to send txHash query\")\n  }else{\n    console.log(\"send txHash query successfull\")\n    expect(res.body.raw_log).to.not.contain('failed')\n    expect(res.body).to.not.contain('error') \n  }\n})\nconsole.log(\"txHash: \" + txHash)",
                  "err": {},
                  "uuid": "82e9200c-f66e-45d5-a9a3-5daab2510ccd",
                  "parentUUID": "0f75fc3c-eeba-444d-a942-b8c636fb077d",
                  "isHook": false,
                  "skipped": false
                }
              ],
              "suites": [],
              "passes": [
                "73ee992e-e69c-46ff-bc1b-7de7031f5747",
                "a59a30eb-8975-4c81-b391-4db9c3541d65",
                "f7926f91-93b8-4ac2-9101-e3681ecc89d5",
                "73a3eb24-ddcf-45ce-9b62-f91239e0c3b9",
                "ff41b93c-723a-4036-9503-690d1ceaddc5",
                "82e9200c-f66e-45d5-a9a3-5daab2510ccd"
              ],
              "failures": [],
              "pending": [],
              "skipped": [],
              "duration": 105,
              "root": false,
              "rootEmpty": false,
              "_timeout": 2000
            },
            {
              "uuid": "f1dc4844-d709-4e84-958f-5c689a59c97b",
              "title": "Provision Key",
              "fullFile": "/home/aditimahesh/Documents/Work/Persistence/go/src/github.com/persistenceOne/assetMantle/tests/mocha-awesome/test/keys.js",
              "file": "/test/keys.js",
              "beforeHooks": [
                {
                  "title": "\"before each\" hook",
                  "fullTitle": "Identity Provision Key \"before each\" hook",
                  "timedOut": false,
                  "duration": 3002,
                  "state": null,
                  "speed": null,
                  "pass": false,
                  "fail": false,
                  "pending": false,
                  "context": null,
                  "code": "this.timeout(4000)\nsetTimeout(function() {\n  done()\n}, 3000)",
                  "err": {},
                  "uuid": "5747a3db-e1bb-4ffe-bf28-1eb3a7fd741a",
                  "parentUUID": "f1dc4844-d709-4e84-958f-5c689a59c97b",
                  "isHook": true,
                  "skipped": false
                }
              ],
              "afterHooks": [],
              "tests": [
                {
                  "title": "Query Identity: ",
                  "fullTitle": "Identity Provision Key Query Identity: ",
                  "timedOut": false,
                  "duration": 9,
                  "state": "passed",
                  "speed": "fast",
                  "pass": true,
                  "fail": false,
                  "pending": false,
                  "context": null,
                  "code": "var err,res = await chai.request(server)\n      .get(config.qIdentity)\n  \n      var list = res.body.result.value.identities.value.list\n      list.forEach(function(value){\n    \n if(value.value.immutables.value.properties.value.propertyList[0].value.id.value.idString == config.nubID){\n   data.clasificationID = value.value.id.value.classificationID.value.idString\n   data.hashID = value.value.id.value.hashID.value.idString\n    \n }\n      \n      });",
                  "err": {},
                  "uuid": "683a5a85-2a55-4425-841e-a49f0e75b6ea",
                  "parentUUID": "f1dc4844-d709-4e84-958f-5c689a59c97b",
                  "isHook": false,
                  "skipped": false
                },
                {
                  "title": "Provision Key: ",
                  "fullTitle": "Identity Provision Key Provision Key: ",
                  "timedOut": false,
                  "duration": 37,
                  "state": "passed",
                  "speed": "fast",
                  "pass": true,
                  "fail": false,
                  "pending": false,
                  "context": null,
                  "code": "let obj = {\n     \"type\": config.provisionKeyType,\n      \"value\": {\n         \"baseReq\": {\n           \"from\": config.testAccountAddress,\n           \"chain_id\": config.chain_id\n         },\n         \"to\": names1.address,\n         \"identityID\":data.clasificationID + '|' + data.hashID\n       }\n     }\n     \n    \n   var err,res = await chai.request(server)\n   .post(config.provisionKeyPath)\n   .send(obj)\n  \n   res.should.have.status(200);\n   res.body.should.be.a('object');\n   expect(res.body.txhash).to.not.equal(null)\n   expect(res.body.txhash).to.not.equal('')\n  \n   txHash = res.body.txhash",
                  "err": {},
                  "uuid": "16283f84-843d-4f6b-b60e-7c8229901687",
                  "parentUUID": "f1dc4844-d709-4e84-958f-5c689a59c97b",
                  "isHook": false,
                  "skipped": false
                },
                {
                  "title": "Query Tx: ",
                  "fullTitle": "Identity Provision Key Query Tx: ",
                  "timedOut": false,
                  "duration": 2,
                  "state": "passed",
                  "speed": "fast",
                  "pass": true,
                  "fail": false,
                  "pending": false,
                  "context": null,
                  "code": "async.retry({ times:config.retry_count, interval:config.timeout}, async function (callbackretry){\n  var err,res = await chai.request(server)\n .get('/txs/'+txHash) \n var data1 = res.body    \n  if((data1.indexOf('error') != -1) || (data1.indexOf('failed') != -1)){\n    console.log(\"RETRY\")\n    callbackretry('failed')\n  }else{\n    callbackretry(null, 'true ')\n  }\n}, function(err, response){\n  if(err){\n    console.log(\"failed to send txHash query\")\n  }else{\n    console.log(\"send txHash query successfull\")\n    expect(res.body.raw_log).to.not.contain('failed')\n    expect(res.body).to.not.contain('error') \n  }\n})\nconsole.log(\"txHash: \" + txHash)",
                  "err": {},
                  "uuid": "17ad7501-fd22-48c8-8aa0-7dedcc0afaef",
                  "parentUUID": "f1dc4844-d709-4e84-958f-5c689a59c97b",
                  "isHook": false,
                  "skipped": false
                }
              ],
              "suites": [],
              "passes": [
                "683a5a85-2a55-4425-841e-a49f0e75b6ea",
                "16283f84-843d-4f6b-b60e-7c8229901687",
                "17ad7501-fd22-48c8-8aa0-7dedcc0afaef"
              ],
              "failures": [],
              "pending": [],
              "skipped": [],
              "duration": 48,
              "root": false,
              "rootEmpty": false,
              "_timeout": 2000
            },
            {
              "uuid": "410d14a9-84ff-4ada-947a-0fa3e89c75bf",
              "title": "Unprovision Key",
              "fullFile": "/home/aditimahesh/Documents/Work/Persistence/go/src/github.com/persistenceOne/assetMantle/tests/mocha-awesome/test/keys.js",
              "file": "/test/keys.js",
              "beforeHooks": [
                {
                  "title": "\"before each\" hook",
                  "fullTitle": "Identity Unprovision Key \"before each\" hook",
                  "timedOut": false,
                  "duration": 3001,
                  "state": null,
                  "speed": null,
                  "pass": false,
                  "fail": false,
                  "pending": false,
                  "context": null,
                  "code": "this.timeout(4000)\nsetTimeout(function() {\n  done()\n}, 3000)",
                  "err": {},
                  "uuid": "6a9a1d81-5da6-422d-9d33-7fc5c427a1d4",
                  "parentUUID": "410d14a9-84ff-4ada-947a-0fa3e89c75bf",
                  "isHook": true,
                  "skipped": false
                }
              ],
              "afterHooks": [],
              "tests": [
                {
                  "title": "Query Identity: ",
                  "fullTitle": "Identity Unprovision Key Query Identity: ",
                  "timedOut": false,
                  "duration": 9,
                  "state": "passed",
                  "speed": "fast",
                  "pass": true,
                  "fail": false,
                  "pending": false,
                  "context": null,
                  "code": "var err,res = await chai.request(server)\n      .get(config.qIdentity)\n  \n      var list = res.body.result.value.identities.value.list\n      list.forEach(function(value){\n    \n if(value.value.immutables.value.properties.value.propertyList[0].value.id.value.idString == config.nubID){\n   data.clasificationID = value.value.id.value.classificationID.value.idString\n   data.hashID = value.value.id.value.hashID.value.idString\n    \n }\n      \n      });",
                  "err": {},
                  "uuid": "8e26d4a1-80ac-422d-8121-fc1cff0e1b72",
                  "parentUUID": "410d14a9-84ff-4ada-947a-0fa3e89c75bf",
                  "isHook": false,
                  "skipped": false
                },
                {
                  "title": "Unprovision Key: ",
                  "fullTitle": "Identity Unprovision Key Unprovision Key: ",
                  "timedOut": false,
                  "duration": 35,
                  "state": "passed",
                  "speed": "fast",
                  "pass": true,
                  "fail": false,
                  "pending": false,
                  "context": null,
                  "code": "let obj = {\n     \"type\": config.unprovisionKeyType,\n      \"value\": {\n         \"baseReq\": {\n           \"from\": config.testAccountAddress,\n           \"chain_id\": config.chain_id\n         },\n         \"to\": names1.address,\n         \"identityID\":data.clasificationID + '|' + data.hashID\n       }\n     }\n     \n    \n   var err,res = await chai.request(server)\n   .post(config.unprovisionKeyPath)\n   .send(obj)\n  \n   res.should.have.status(200);\n   res.body.should.be.a('object');\n   expect(res.body.txhash).to.not.equal(null)\n   expect(res.body.txhash).to.not.equal('')\n  \n   txHash = res.body.txhash",
                  "err": {},
                  "uuid": "7da3294a-96f3-47e8-b204-6ffe81ca6e8e",
                  "parentUUID": "410d14a9-84ff-4ada-947a-0fa3e89c75bf",
                  "isHook": false,
                  "skipped": false
                },
                {
                  "title": "Query Tx: ",
                  "fullTitle": "Identity Unprovision Key Query Tx: ",
                  "timedOut": false,
                  "duration": 2,
                  "state": "passed",
                  "speed": "fast",
                  "pass": true,
                  "fail": false,
                  "pending": false,
                  "context": null,
                  "code": "async.retry({ times:config.retry_count, interval:config.timeout}, async function (callbackretry){\n  var err,res = await chai.request(server)\n .get('/txs/'+txHash) \n var data1 = res.body    \n  if((data1.indexOf('error') != -1) || (data1.indexOf('failed') != -1)){\n    console.log(\"RETRY\")\n    callbackretry('failed')\n  }else{\n    callbackretry(null, 'true ')\n  }\n}, function(err, response){\n  if(err){\n    console.log(\"failed to send txHash query\")\n  }else{\n    console.log(\"send txHash query successfull\")\n    expect(res.body.raw_log).to.not.contain('failed')\n    expect(res.body).to.not.contain('error') \n  }\n})\nconsole.log(\"txHash: \" + txHash)",
                  "err": {},
                  "uuid": "8e3e2b57-9456-4077-84c4-d0fbd1ca50b8",
                  "parentUUID": "410d14a9-84ff-4ada-947a-0fa3e89c75bf",
                  "isHook": false,
                  "skipped": false
                }
              ],
              "suites": [],
              "passes": [
                "8e26d4a1-80ac-422d-8121-fc1cff0e1b72",
                "7da3294a-96f3-47e8-b204-6ffe81ca6e8e",
                "8e3e2b57-9456-4077-84c4-d0fbd1ca50b8"
              ],
              "failures": [],
              "pending": [],
              "skipped": [],
              "duration": 46,
              "root": false,
              "rootEmpty": false,
              "_timeout": 2000
            },
            {
              "uuid": "00fa2477-dd53-4506-ab2e-997a722378dc",
              "title": "Provision an unprovision Key",
              "fullFile": "/home/aditimahesh/Documents/Work/Persistence/go/src/github.com/persistenceOne/assetMantle/tests/mocha-awesome/test/keys.js",
              "file": "/test/keys.js",
              "beforeHooks": [
                {
                  "title": "\"before each\" hook",
                  "fullTitle": "Identity Provision an unprovision Key \"before each\" hook",
                  "timedOut": false,
                  "duration": 3000,
                  "state": null,
                  "speed": null,
                  "pass": false,
                  "fail": false,
                  "pending": false,
                  "context": null,
                  "code": "this.timeout(4000)\nsetTimeout(function() {\n  done()\n}, 3000)",
                  "err": {},
                  "uuid": "b2fd0541-38c8-4cae-b9bd-1d8e89fc55d7",
                  "parentUUID": "00fa2477-dd53-4506-ab2e-997a722378dc",
                  "isHook": true,
                  "skipped": false
                }
              ],
              "afterHooks": [],
              "tests": [
                {
                  "title": "Query Identity: ",
                  "fullTitle": "Identity Provision an unprovision Key Query Identity: ",
                  "timedOut": false,
                  "duration": 10,
                  "state": "passed",
                  "speed": "fast",
                  "pass": true,
                  "fail": false,
                  "pending": false,
                  "context": null,
                  "code": "var err,res = await chai.request(server)\n      .get(config.qIdentity)\n  \n      var list = res.body.result.value.identities.value.list\n      list.forEach(function(value){\n    \n if(value.value.immutables.value.properties.value.propertyList[0].value.id.value.idString == config.nubID){\n   data.clasificationID = value.value.id.value.classificationID.value.idString\n   data.hashID = value.value.id.value.hashID.value.idString\n    \n }\n      \n      });",
                  "err": {},
                  "uuid": "f679011d-3d5e-4b5e-87e9-a48208e573a8",
                  "parentUUID": "00fa2477-dd53-4506-ab2e-997a722378dc",
                  "isHook": false,
                  "skipped": false
                },
                {
                  "title": "Provision an unprovision Key: ",
                  "fullTitle": "Identity Provision an unprovision Key Provision an unprovision Key: ",
                  "timedOut": false,
                  "duration": 36,
                  "state": "passed",
                  "speed": "fast",
                  "pass": true,
                  "fail": false,
                  "pending": false,
                  "context": null,
                  "code": "let obj = {\n     \"type\": config.provisionKeyType,\n      \"value\": {\n         \"baseReq\": {\n           \"from\": config.testAccountAddress,\n           \"chain_id\": config.chain_id\n         },\n         \"to\": names1.address,\n         \"identityID\":data.clasificationID + '|' + data.hashID\n       }\n     }\n     \n    \n   var err,res = await chai.request(server)\n   .post(config.provisionKeyPath)\n   .send(obj)\n  \n   res.should.have.status(200);\n   res.body.should.be.a('object');\n   expect(res.body.txhash).to.not.equal(null)\n   expect(res.body.txhash).to.not.equal('')\n  \n   txHash = res.body.txhash",
                  "err": {},
                  "uuid": "81e2399d-5923-4572-8db8-a73da9748de4",
                  "parentUUID": "00fa2477-dd53-4506-ab2e-997a722378dc",
                  "isHook": false,
                  "skipped": false
                },
                {
                  "title": "Query Tx: ",
                  "fullTitle": "Identity Provision an unprovision Key Query Tx: ",
                  "timedOut": false,
                  "duration": 1,
                  "state": "passed",
                  "speed": "fast",
                  "pass": true,
                  "fail": false,
                  "pending": false,
                  "context": null,
                  "code": "async.retry({ times:config.retry_count, interval:config.timeout}, async function (callbackretry){\n  var err,res = await chai.request(server)\n .get('/txs/'+txHash) \n var data1 = res.body    \n  if((data1.indexOf('error') != -1) || (data1.indexOf('failed') != -1)){\n    console.log(\"RETRY\")\n    callbackretry('failed')\n  }else{\n    callbackretry(null, 'true ')\n  }\n}, function(err, response){\n  if(err){\n    console.log(\"failed to send txHash query\")\n  }else{\n    console.log(\"send txHash query successfull\")\n    expect(res.body.raw_log).to.not.contain('failed')\n    expect(res.body).to.not.contain('error') \n  }\n})\nconsole.log(\"txHash: \" + txHash)",
                  "err": {},
                  "uuid": "62f36266-459d-4a79-a556-9d3240f0bc58",
                  "parentUUID": "00fa2477-dd53-4506-ab2e-997a722378dc",
                  "isHook": false,
                  "skipped": false
                }
              ],
              "suites": [],
              "passes": [
                "f679011d-3d5e-4b5e-87e9-a48208e573a8",
                "81e2399d-5923-4572-8db8-a73da9748de4",
                "62f36266-459d-4a79-a556-9d3240f0bc58"
              ],
              "failures": [],
              "pending": [],
              "skipped": [],
              "duration": 47,
              "root": false,
              "rootEmpty": false,
              "_timeout": 2000
            },
            {
              "uuid": "63862651-8d5d-41cd-adbf-e52cc93480bd",
              "title": "Issue Identity 2",
              "fullFile": "/home/aditimahesh/Documents/Work/Persistence/go/src/github.com/persistenceOne/assetMantle/tests/mocha-awesome/test/keys.js",
              "file": "/test/keys.js",
              "beforeHooks": [
                {
                  "title": "\"before each\" hook",
                  "fullTitle": "Identity Issue Identity 2 \"before each\" hook",
                  "timedOut": false,
                  "duration": 3000,
                  "state": null,
                  "speed": null,
                  "pass": false,
                  "fail": false,
                  "pending": false,
                  "context": null,
                  "code": "this.timeout(4000)\nsetTimeout(function() {\n  done()\n}, 3000)",
                  "err": {},
                  "uuid": "5ecf0d51-fb5d-4b00-82aa-9c64416b5c8c",
                  "parentUUID": "63862651-8d5d-41cd-adbf-e52cc93480bd",
                  "isHook": true,
                  "skipped": false
                }
              ],
              "afterHooks": [],
              "tests": [
                {
                  "title": "Query Identity: ",
                  "fullTitle": "Identity Issue Identity 2 Query Identity: ",
                  "timedOut": false,
                  "duration": 10,
                  "state": "passed",
                  "speed": "fast",
                  "pass": true,
                  "fail": false,
                  "pending": false,
                  "context": null,
                  "code": "var err,res = await chai.request(server)\n      .get(config.qIdentity)\n  \n      var list = res.body.result.value.identities.value.list\n      list.forEach(function(value){\n    \n if(value.value.immutables.value.properties.value.propertyList[0].value.id.value.idString == config.nubID){\n   data.clasificationID = value.value.id.value.classificationID.value.idString\n   data.hashID = value.value.id.value.hashID.value.idString\n    \n }\n      \n      });",
                  "err": {},
                  "uuid": "08c737e2-bb70-4796-8b8e-8e1a2df75871",
                  "parentUUID": "63862651-8d5d-41cd-adbf-e52cc93480bd",
                  "isHook": false,
                  "skipped": false
                },
                {
                  "title": "Define Identity: ",
                  "fullTitle": "Identity Issue Identity 2 Define Identity: ",
                  "timedOut": false,
                  "duration": 37,
                  "state": "passed",
                  "speed": "fast",
                  "pass": true,
                  "fail": false,
                  "pending": false,
                  "context": null,
                  "code": "var num = helper.generateRandomInteger(0,10000)\n   \n   let obj = {\n     \"type\": config.defineIdentityType,\n      \"value\": {\n         \"baseReq\": {\n           \"from\": config.testAccountAddress,\n           \"chain_id\": config.chain_id\n         },\n         \"fromID\": data.clasificationID + '|' + data.hashID,\n         \"mutableTraits\":\"mutableTraits2:S|num1\" + num,\n         \"immutableTraits\":\"immutableTraits2:S|\",\n         \"mutableMetaTraits\": \"mutableMetaTraits2:S|num3\" + num,\n         \"immutableMetaTraits\": \"immutableMetaTraits2:S|num4\" + num\n       }\n     }\n     \n    \n   var err,res = await chai.request(server)\n   .post(config.defineIdentityPath)\n   .send(obj)\n  \n   res.should.have.status(200);\n   res.body.should.be.a('object');\n   expect(res.body.txhash).to.not.equal(null)\n   expect(res.body.txhash).to.not.equal('')\n  \n   txHash = res.body.txhash",
                  "err": {},
                  "uuid": "5299c103-5f4a-4aac-8237-aa31062e43b7",
                  "parentUUID": "63862651-8d5d-41cd-adbf-e52cc93480bd",
                  "isHook": false,
                  "skipped": false
                },
                {
                  "title": "Query Tx: ",
                  "fullTitle": "Identity Issue Identity 2 Query Tx: ",
                  "timedOut": false,
                  "duration": 2,
                  "state": "passed",
                  "speed": "fast",
                  "pass": true,
                  "fail": false,
                  "pending": false,
                  "context": null,
                  "code": "async.retry({ times:config.retry_count, interval:config.timeout}, async function (callbackretry){\n  var err,res = await chai.request(server)\n .get('/txs/'+txHash) \n var data1 = res.body    \n  if((data1.indexOf('error') != -1) || (data1.indexOf('failed') != -1)){\n    console.log(\"RETRY\")\n    callbackretry('failed')\n  }else{\n    callbackretry(null, 'true ')\n  }\n}, function(err, response){\n  if(err){\n    console.log(\"failed to send txHash query\")\n  }else{\n    console.log(\"send txHash query successfull\")\n    expect(res.body.raw_log).to.not.contain('failed')\n    expect(res.body).to.not.contain('error') \n  }\n})\nconsole.log(\"txHash: \" + txHash)",
                  "err": {},
                  "uuid": "fa55127d-8e7f-4da9-aff3-0f4db7867ff1",
                  "parentUUID": "63862651-8d5d-41cd-adbf-e52cc93480bd",
                  "isHook": false,
                  "skipped": false
                },
                {
                  "title": "Query Classification: ",
                  "fullTitle": "Identity Issue Identity 2 Query Classification: ",
                  "timedOut": false,
                  "duration": 11,
                  "state": "passed",
                  "speed": "fast",
                  "pass": true,
                  "fail": false,
                  "pending": false,
                  "context": null,
                  "code": "var err,res = await chai.request(server)\n      .get(config.qClassification)\n  \n      var list = res.body.result.value.classifications.value.list\n      list.forEach(function(value){\n \nif(value.value.immutableTraits.value.properties.value.propertyList[0].value.id.value.idString == \"immutableMetaTraits2\"){\n  data.chainID = value.value.id.value.chainID.value.idString\n  data.clshashID = value.value.id.value.hashID.value.idString\n   }\n\n      });",
                  "err": {},
                  "uuid": "0022983d-e95a-46d5-aeba-2bca34121aaa",
                  "parentUUID": "63862651-8d5d-41cd-adbf-e52cc93480bd",
                  "isHook": false,
                  "skipped": false
                },
                {
                  "title": "Issue Identity 2: ",
                  "fullTitle": "Identity Issue Identity 2 Issue Identity 2: ",
                  "timedOut": false,
                  "duration": 36,
                  "state": "passed",
                  "speed": "fast",
                  "pass": true,
                  "fail": false,
                  "pending": false,
                  "context": null,
                  "code": "var num = helper.generateRandomInteger(0,10000)\n \n let obj = {\n   \"type\": config.issuedentityType,\n    \"value\": {\n       \"baseReq\": {\n         \"from\": config.testAccountAddress,\n         \"chain_id\": config.chain_id\n       },\n       \"to\": config.testAccountAddress,\n       \"fromID\": data.clasificationID + '|' + data.hashID,\n       \"classificationID\": data.chainID + '.' + data.clshashID,\n       \"mutableProperties\": \"mutableTraits2:S|num1\" + num,\n       \"immutableProperties\": \"immutableTraits2:S|\",\n       \"mutableMetaProperties\": \"mutableMetaTraits2:S|num3\" + num,\n       \"immutableMetaProperties\": \"immutableMetaTraits2:S|num4\" + num    \n     }\n   }   \n   \n  \n var err,res = await chai.request(server)\n .post(config.issueIdentityPath)\n .send(obj)\n  \n res.should.have.status(200);\n res.body.should.be.a('object');\n expect(res.body.txhash).to.not.equal(null)\n expect(res.body.txhash).to.not.equal('')\n  \n txHash = res.body.txhash",
                  "err": {},
                  "uuid": "cb882d4c-d480-413a-a626-1e92e02e017e",
                  "parentUUID": "63862651-8d5d-41cd-adbf-e52cc93480bd",
                  "isHook": false,
                  "skipped": false
                },
                {
                  "title": "Query Tx: ",
                  "fullTitle": "Identity Issue Identity 2 Query Tx: ",
                  "timedOut": false,
                  "duration": 2,
                  "state": "passed",
                  "speed": "fast",
                  "pass": true,
                  "fail": false,
                  "pending": false,
                  "context": null,
                  "code": "async.retry({ times:config.retry_count, interval:config.timeout}, async function (callbackretry){\n  var err,res = await chai.request(server)\n .get('/txs/'+txHash) \n var data1 = res.body    \n  if((data1.indexOf('error') != -1) || (data1.indexOf('failed') != -1)){\n    console.log(\"RETRY\")\n    callbackretry('failed')\n  }else{\n    callbackretry(null, 'true ')\n  }\n}, function(err, response){\n  if(err){\n    console.log(\"failed to send txHash query\")\n  }else{\n    console.log(\"send txHash query successfull\")\n    expect(res.body.raw_log).to.not.contain('failed')\n    expect(res.body).to.not.contain('error') \n  }\n})\nconsole.log(\"txHash: \" + txHash)",
                  "err": {},
                  "uuid": "873dc178-8020-4692-bb1f-bd9e9fb0157b",
                  "parentUUID": "63862651-8d5d-41cd-adbf-e52cc93480bd",
                  "isHook": false,
                  "skipped": false
                }
              ],
              "suites": [],
              "passes": [
                "08c737e2-bb70-4796-8b8e-8e1a2df75871",
                "5299c103-5f4a-4aac-8237-aa31062e43b7",
                "fa55127d-8e7f-4da9-aff3-0f4db7867ff1",
                "0022983d-e95a-46d5-aeba-2bca34121aaa",
                "cb882d4c-d480-413a-a626-1e92e02e017e",
                "873dc178-8020-4692-bb1f-bd9e9fb0157b"
              ],
              "failures": [],
              "pending": [],
              "skipped": [],
              "duration": 98,
              "root": false,
              "rootEmpty": false,
              "_timeout": 2000
            },
            {
              "uuid": "50d8534d-f02f-4677-b473-9404b62b5d3c",
              "title": "Issue Identity 3",
              "fullFile": "/home/aditimahesh/Documents/Work/Persistence/go/src/github.com/persistenceOne/assetMantle/tests/mocha-awesome/test/keys.js",
              "file": "/test/keys.js",
              "beforeHooks": [
                {
                  "title": "\"before each\" hook",
                  "fullTitle": "Identity Issue Identity 3 \"before each\" hook",
                  "timedOut": false,
                  "duration": 3001,
                  "state": null,
                  "speed": null,
                  "pass": false,
                  "fail": false,
                  "pending": false,
                  "context": null,
                  "code": "this.timeout(4000)\nsetTimeout(function() {\n  done()\n}, 3000)",
                  "err": {},
                  "uuid": "06ef8a52-7f75-40bb-9d14-d32090138059",
                  "parentUUID": "50d8534d-f02f-4677-b473-9404b62b5d3c",
                  "isHook": true,
                  "skipped": false
                }
              ],
              "afterHooks": [],
              "tests": [
                {
                  "title": "Query Identity: ",
                  "fullTitle": "Identity Issue Identity 3 Query Identity: ",
                  "timedOut": false,
                  "duration": 12,
                  "state": "passed",
                  "speed": "fast",
                  "pass": true,
                  "fail": false,
                  "pending": false,
                  "context": null,
                  "code": "var err,res = await chai.request(server)\n      .get(config.qIdentity)\n  \n      var list = res.body.result.value.identities.value.list\n      list.forEach(function(value){\n    \n if(value.value.immutables.value.properties.value.propertyList[0].value.id.value.idString == config.nubID){\n   data.clasificationID = value.value.id.value.classificationID.value.idString\n   data.hashID = value.value.id.value.hashID.value.idString\n    \n }\n      \n      });",
                  "err": {},
                  "uuid": "165836ed-604d-4f40-a4dd-cb3b65273a92",
                  "parentUUID": "50d8534d-f02f-4677-b473-9404b62b5d3c",
                  "isHook": false,
                  "skipped": false
                },
                {
                  "title": "Define Identity: ",
                  "fullTitle": "Identity Issue Identity 3 Define Identity: ",
                  "timedOut": false,
                  "duration": 35,
                  "state": "passed",
                  "speed": "fast",
                  "pass": true,
                  "fail": false,
                  "pending": false,
                  "context": null,
                  "code": "var num = helper.generateRandomInteger(0,10000)\n   \n   let obj = {\n     \"type\": config.defineIdentityType,\n      \"value\": {\n         \"baseReq\": {\n           \"from\": config.testAccountAddress,\n           \"chain_id\": config.chain_id\n         },\n         \"fromID\": data.clasificationID + '|' + data.hashID,\n         \"mutableTraits\":\"mutableTraits3:S|num1\" + num,\n         \"immutableTraits\":\"immutableTraits3:S|\",\n         \"mutableMetaTraits\": \"mutableMetaTraits3:S|num3\" + num,\n         \"immutableMetaTraits\": \"immutableMetaTraits3:S|num4\" + num\n       }\n     }\n     \n    \n   var err,res = await chai.request(server)\n   .post(config.defineIdentityPath)\n   .send(obj)\n  \n   res.should.have.status(200);\n   res.body.should.be.a('object');\n   expect(res.body.txhash).to.not.equal(null)\n   expect(res.body.txhash).to.not.equal('')\n  \n   txHash = res.body.txhash",
                  "err": {},
                  "uuid": "2512269d-03b4-485d-bccf-81c5116b409f",
                  "parentUUID": "50d8534d-f02f-4677-b473-9404b62b5d3c",
                  "isHook": false,
                  "skipped": false
                },
                {
                  "title": "Query Tx: ",
                  "fullTitle": "Identity Issue Identity 3 Query Tx: ",
                  "timedOut": false,
                  "duration": 2,
                  "state": "passed",
                  "speed": "fast",
                  "pass": true,
                  "fail": false,
                  "pending": false,
                  "context": null,
                  "code": "async.retry({ times:config.retry_count, interval:config.timeout}, async function (callbackretry){\n  var err,res = await chai.request(server)\n .get('/txs/'+txHash) \n var data1 = res.body    \n  if((data1.indexOf('error') != -1) || (data1.indexOf('failed') != -1)){\n    console.log(\"RETRY\")\n    callbackretry('failed')\n  }else{\n    callbackretry(null, 'true ')\n  }\n}, function(err, response){\n  if(err){\n    console.log(\"failed to send txHash query\")\n  }else{\n    console.log(\"send txHash query successfull\")\n    expect(res.body.raw_log).to.not.contain('failed')\n    expect(res.body).to.not.contain('error') \n  }\n})\nconsole.log(\"txHash: \" + txHash)",
                  "err": {},
                  "uuid": "7d848d75-f451-4c48-9476-c1678873886b",
                  "parentUUID": "50d8534d-f02f-4677-b473-9404b62b5d3c",
                  "isHook": false,
                  "skipped": false
                },
                {
                  "title": "Query Classification: ",
                  "fullTitle": "Identity Issue Identity 3 Query Classification: ",
                  "timedOut": false,
                  "duration": 11,
                  "state": "passed",
                  "speed": "fast",
                  "pass": true,
                  "fail": false,
                  "pending": false,
                  "context": null,
                  "code": "var err,res = await chai.request(server)\n      .get(config.qClassification)\n  \n      var list = res.body.result.value.classifications.value.list\n      list.forEach(function(value){\n \nif(value.value.immutableTraits.value.properties.value.propertyList[0].value.id.value.idString == \"immutableMetaTraits3\"){\n  data.chainID = value.value.id.value.chainID.value.idString\n  data.clshashID = value.value.id.value.hashID.value.idString\n   }\n\n      });",
                  "err": {},
                  "uuid": "db1321b3-2e83-4504-977e-ee317a61dfd8",
                  "parentUUID": "50d8534d-f02f-4677-b473-9404b62b5d3c",
                  "isHook": false,
                  "skipped": false
                },
                {
                  "title": "Issue Identity 3: ",
                  "fullTitle": "Identity Issue Identity 3 Issue Identity 3: ",
                  "timedOut": false,
                  "duration": 45,
                  "state": "passed",
                  "speed": "medium",
                  "pass": true,
                  "fail": false,
                  "pending": false,
                  "context": null,
                  "code": "var num = helper.generateRandomInteger(0,10000)\n \n let obj = {\n   \"type\": config.issuedentityType,\n    \"value\": {\n       \"baseReq\": {\n         \"from\": config.testAccountAddress,\n         \"chain_id\": config.chain_id\n       },\n       \"to\": config.testAccountAddress,\n       \"fromID\": data.clasificationID + '|' + data.hashID,\n       \"classificationID\": data.chainID + '.' + data.clshashID,\n       \"mutableProperties\": \"mutableTraits3:S|num1\" + num,\n       \"immutableProperties\": \"immutableTraits3:S|\",\n       \"mutableMetaProperties\": \"mutableMetaTraits3:S|num3\" + num,\n       \"immutableMetaProperties\": \"immutableMetaTraits3:S|num4\" + num    \n     }\n   }   \n   \n  \n var err,res = await chai.request(server)\n .post(config.issueIdentityPath)\n .send(obj)\n  \n res.should.have.status(200);\n res.body.should.be.a('object');\n expect(res.body.txhash).to.not.equal(null)\n expect(res.body.txhash).to.not.equal('')\n  \n txHash = res.body.txhash",
                  "err": {},
                  "uuid": "f77d4dc5-a459-4c0f-8ed4-8623ac82dd9b",
                  "parentUUID": "50d8534d-f02f-4677-b473-9404b62b5d3c",
                  "isHook": false,
                  "skipped": false
                },
                {
                  "title": "Query Tx: ",
                  "fullTitle": "Identity Issue Identity 3 Query Tx: ",
                  "timedOut": false,
                  "duration": 1,
                  "state": "passed",
                  "speed": "fast",
                  "pass": true,
                  "fail": false,
                  "pending": false,
                  "context": null,
                  "code": "async.retry({ times:config.retry_count, interval:config.timeout}, async function (callbackretry){\n  var err,res = await chai.request(server)\n .get('/txs/'+txHash) \n var data1 = res.body    \n  if((data1.indexOf('error') != -1) || (data1.indexOf('failed') != -1)){\n    console.log(\"RETRY\")\n    callbackretry('failed')\n  }else{\n    callbackretry(null, 'true ')\n  }\n}, function(err, response){\n  if(err){\n    console.log(\"failed to send txHash query\")\n  }else{\n    console.log(\"send txHash query successfull\")\n    expect(res.body.raw_log).to.not.contain('failed')\n    expect(res.body).to.not.contain('error') \n  }\n})\nconsole.log(\"txHash: \" + txHash)",
                  "err": {},
                  "uuid": "88ae88c4-281c-4b33-bb2e-058572ad21c7",
                  "parentUUID": "50d8534d-f02f-4677-b473-9404b62b5d3c",
                  "isHook": false,
                  "skipped": false
                }
              ],
              "suites": [],
              "passes": [
                "165836ed-604d-4f40-a4dd-cb3b65273a92",
                "2512269d-03b4-485d-bccf-81c5116b409f",
                "7d848d75-f451-4c48-9476-c1678873886b",
                "db1321b3-2e83-4504-977e-ee317a61dfd8",
                "f77d4dc5-a459-4c0f-8ed4-8623ac82dd9b",
                "88ae88c4-281c-4b33-bb2e-058572ad21c7"
              ],
              "failures": [],
              "pending": [],
              "skipped": [],
              "duration": 106,
              "root": false,
              "rootEmpty": false,
              "_timeout": 2000
            }
          ],
          "passes": [],
          "failures": [],
          "pending": [],
          "skipped": [],
          "duration": 0,
          "root": false,
          "rootEmpty": false,
          "_timeout": 2000
        },
        {
          "uuid": "9ded73b8-b5a5-4f78-be89-3c97898fbf4a",
          "title": "Assets",
          "fullFile": "/home/aditimahesh/Documents/Work/Persistence/go/src/github.com/persistenceOne/assetMantle/tests/mocha-awesome/test/keys.js",
          "file": "/test/keys.js",
          "beforeHooks": [],
          "afterHooks": [],
          "tests": [],
          "suites": [
            {
              "uuid": "e7ba6d87-07b6-4e94-9761-ad0b2390c7ab",
              "title": "Mint Asset",
              "fullFile": "/home/aditimahesh/Documents/Work/Persistence/go/src/github.com/persistenceOne/assetMantle/tests/mocha-awesome/test/keys.js",
              "file": "/test/keys.js",
              "beforeHooks": [
                {
                  "title": "\"before each\" hook",
                  "fullTitle": "Assets Mint Asset \"before each\" hook",
                  "timedOut": false,
                  "duration": 3002,
                  "state": null,
                  "speed": null,
                  "pass": false,
                  "fail": false,
                  "pending": false,
                  "context": null,
                  "code": "this.timeout(4000)\nsetTimeout(function() {\n  done()\n}, 3000)",
                  "err": {},
                  "uuid": "0d30289a-e03a-4d5b-96f3-551680c8527a",
                  "parentUUID": "e7ba6d87-07b6-4e94-9761-ad0b2390c7ab",
                  "isHook": true,
                  "skipped": false
                }
              ],
              "afterHooks": [],
              "tests": [
                {
                  "title": "Query Identity: ",
                  "fullTitle": "Assets Mint Asset Query Identity: ",
                  "timedOut": false,
                  "duration": 11,
                  "state": "passed",
                  "speed": "fast",
                  "pass": true,
                  "fail": false,
                  "pending": false,
                  "context": null,
                  "code": "var err,res = await chai.request(server)\n.get(config.qIdentity)\n  \nvar list = res.body.result.value.identities.value.list\nlist.forEach(function(value){\n      \n  if(value.value.immutables.value.properties.value.propertyList[0].value.id.value.idString == \"immutableMetaTraits1\"){\n    data.clasificationID = value.value.id.value.classificationID.value.idString\n    data.hashID = value.value.id.value.hashID.value.idString    \n  }\n\n});",
                  "err": {},
                  "uuid": "f7dffab7-5d27-4503-a852-c46c57bd3ea7",
                  "parentUUID": "e7ba6d87-07b6-4e94-9761-ad0b2390c7ab",
                  "isHook": false,
                  "skipped": false
                },
                {
                  "title": "Define Asset: ",
                  "fullTitle": "Assets Mint Asset Define Asset: ",
                  "timedOut": false,
                  "duration": 40,
                  "state": "passed",
                  "speed": "medium",
                  "pass": true,
                  "fail": false,
                  "pending": false,
                  "context": null,
                  "code": "var num = helper.generateRandomInteger(0,10000)\n   \n   let obj = {\n     \"type\": config.defineAssetType,\n      \"value\": {\n         \"baseReq\": {\n           \"from\": config.testAccountAddress,\n           \"chain_id\": config.chain_id\n         },\n         \"fromID\": data.clasificationID + '|' + data.hashID,\n         \"mutableTraits\":\"ASSET1:S|num1\" + num + \",burn:H|1\",\n         \"immutableTraits\":\"ASSET2:S|\",\n         \"mutableMetaTraits\": \"ASSET3:S|num3\" + num,\n         \"immutableMetaTraits\": \"ASSET4:S|num4\" + num\n       }\n     }\n     \n    \n   var err,res = await chai.request(server)\n   .post(config.defineAssetPath)\n   .send(obj)\n  \n   res.should.have.status(200);\n   res.body.should.be.a('object');\n   expect(res.body.txhash).to.not.equal(null)\n   expect(res.body.txhash).to.not.equal('')\n  \n   txHash = res.body.txhash",
                  "err": {},
                  "uuid": "8a7630be-1d43-44c1-a061-d2814aca29a3",
                  "parentUUID": "e7ba6d87-07b6-4e94-9761-ad0b2390c7ab",
                  "isHook": false,
                  "skipped": false
                },
                {
                  "title": "Query Tx: ",
                  "fullTitle": "Assets Mint Asset Query Tx: ",
                  "timedOut": false,
                  "duration": 2,
                  "state": "passed",
                  "speed": "fast",
                  "pass": true,
                  "fail": false,
                  "pending": false,
                  "context": null,
                  "code": "async.retry({ times:config.retry_count, interval:config.timeout}, async function (callbackretry){\n  var err,res = await chai.request(server)\n .get('/txs/'+txHash) \n var data1 = res.body    \n  if((data1.indexOf('error') != -1) || (data1.indexOf('failed') != -1)){\n    console.log(\"RETRY\")\n    callbackretry('failed')\n  }else{\n    callbackretry(null, 'true ')\n  }\n}, function(err, response){\n  if(err){\n    console.log(\"failed to send txHash query\")\n  }else{\n    console.log(\"send txHash query successfull\")\n    expect(res.body.raw_log).to.not.contain('failed')\n    expect(res.body).to.not.contain('error') \n  }\n})\nconsole.log(\"txHash: \" + txHash)",
                  "err": {},
                  "uuid": "44c59099-07bb-4174-aa72-c4008883a5ea",
                  "parentUUID": "e7ba6d87-07b6-4e94-9761-ad0b2390c7ab",
                  "isHook": false,
                  "skipped": false
                },
                {
                  "title": "Query Classification: ",
                  "fullTitle": "Assets Mint Asset Query Classification: ",
                  "timedOut": false,
                  "duration": 12,
                  "state": "passed",
                  "speed": "fast",
                  "pass": true,
                  "fail": false,
                  "pending": false,
                  "context": null,
                  "code": "var err,res = await chai.request(server)\n      .get(config.qClassification)\n  \n      var list = res.body.result.value.classifications.value.list\n      list.forEach(function(value){     \n    \nif(value.value.immutableTraits.value.properties.value.propertyList[0].value.id.value.idString == \"ASSET4\"){\n  data.chainID = value.value.id.value.chainID.value.idString\n  data.clshashID = value.value.id.value.hashID.value.idString   \n}      \n      });",
                  "err": {},
                  "uuid": "bdc0b804-da2e-432a-9d29-0dcc301ab7a0",
                  "parentUUID": "e7ba6d87-07b6-4e94-9761-ad0b2390c7ab",
                  "isHook": false,
                  "skipped": false
                },
                {
                  "title": "Mint Asset: ",
                  "fullTitle": "Assets Mint Asset Mint Asset: ",
                  "timedOut": false,
                  "duration": 37,
                  "state": "passed",
                  "speed": "fast",
                  "pass": true,
                  "fail": false,
                  "pending": false,
                  "context": null,
                  "code": "var num = helper.generateRandomInteger(0,10000)\n \n let obj = {\n   \"type\": config.mintAssetType,\n    \"value\": {\n       \"baseReq\": {\n         \"from\": config.testAccountAddress,\n         \"chain_id\": config.chain_id\n       },\n       \"toID\": data.clasificationID + '|' + data.hashID,\n       \"fromID\": data.clasificationID + '|' + data.hashID,\n       \"classificationID\": data.chainID + '.' + data.clshashID,\n       \"mutableProperties\": \"ASSET1:S|num1\" + num + \",burn:H|1\",\n       \"immutableProperties\": \"ASSET2:S|num2\" + num,\n       \"mutableMetaProperties\": \"ASSET3:S|num3\" + num,\n       \"immutableMetaProperties\": \"ASSET4:S|num4\" + num\n   \n     }\n   }\n \n  \n var err,res = await chai.request(server)\n .post(config.mintAssetPath)\n .send(obj)\n  \n res.should.have.status(200);\n res.body.should.be.a('object');\n expect(res.body.txhash).to.not.equal(null)\n expect(res.body.txhash).to.not.equal('')\n  \ntxHash = res.body.txhash",
                  "err": {},
                  "uuid": "8f6f93ce-75f6-48bc-8288-4bd0ac6fd30f",
                  "parentUUID": "e7ba6d87-07b6-4e94-9761-ad0b2390c7ab",
                  "isHook": false,
                  "skipped": false
                },
                {
                  "title": "Query Tx: ",
                  "fullTitle": "Assets Mint Asset Query Tx: ",
                  "timedOut": false,
                  "duration": 2,
                  "state": "passed",
                  "speed": "fast",
                  "pass": true,
                  "fail": false,
                  "pending": false,
                  "context": null,
                  "code": "async.retry({ times:config.retry_count, interval:config.timeout}, async function (callbackretry){\n  var err,res = await chai.request(server)\n .get('/txs/'+txHash) \n var data1 = res.body    \n  if((data1.indexOf('error') != -1) || (data1.indexOf('failed') != -1)){\n    console.log(\"RETRY\")\n    callbackretry('failed')\n  }else{\n    callbackretry(null, 'true ')\n  }\n}, function(err, response){\n  if(err){\n    console.log(\"failed to send txHash query\")\n  }else{\n    console.log(\"send txHash query successfull\")\n    expect(res.body.raw_log).to.not.contain('failed')\n    expect(res.body).to.not.contain('error') \n  }\n})\nconsole.log(\"txHash: \" + txHash)",
                  "err": {},
                  "uuid": "dd7ac3e7-a254-4e16-850d-0c08a9c6fb12",
                  "parentUUID": "e7ba6d87-07b6-4e94-9761-ad0b2390c7ab",
                  "isHook": false,
                  "skipped": false
                }
              ],
              "suites": [],
              "passes": [
                "f7dffab7-5d27-4503-a852-c46c57bd3ea7",
                "8a7630be-1d43-44c1-a061-d2814aca29a3",
                "44c59099-07bb-4174-aa72-c4008883a5ea",
                "bdc0b804-da2e-432a-9d29-0dcc301ab7a0",
                "8f6f93ce-75f6-48bc-8288-4bd0ac6fd30f",
                "dd7ac3e7-a254-4e16-850d-0c08a9c6fb12"
              ],
              "failures": [],
              "pending": [],
              "skipped": [],
              "duration": 104,
              "root": false,
              "rootEmpty": false,
              "_timeout": 2000
            },
            {
              "uuid": "b18a9880-5187-41e1-a83d-51958d8b9584",
              "title": "Mutate Asset",
              "fullFile": "/home/aditimahesh/Documents/Work/Persistence/go/src/github.com/persistenceOne/assetMantle/tests/mocha-awesome/test/keys.js",
              "file": "/test/keys.js",
              "beforeHooks": [
                {
                  "title": "\"before each\" hook",
                  "fullTitle": "Assets Mutate Asset \"before each\" hook",
                  "timedOut": false,
                  "duration": 3002,
                  "state": null,
                  "speed": null,
                  "pass": false,
                  "fail": false,
                  "pending": false,
                  "context": null,
                  "code": "this.timeout(4000)\nsetTimeout(function() {\n  done()\n}, 3000)",
                  "err": {},
                  "uuid": "b52c8ba1-0420-48d9-9819-40bcec4e4aca",
                  "parentUUID": "b18a9880-5187-41e1-a83d-51958d8b9584",
                  "isHook": true,
                  "skipped": false
                }
              ],
              "afterHooks": [],
              "tests": [
                {
                  "title": "Query Identity: ",
                  "fullTitle": "Assets Mutate Asset Query Identity: ",
                  "timedOut": false,
                  "duration": 13,
                  "state": "passed",
                  "speed": "fast",
                  "pass": true,
                  "fail": false,
                  "pending": false,
                  "context": null,
                  "code": "var err,res = await chai.request(server)\n.get(config.qIdentity)\n  \nvar list = res.body.result.value.identities.value.list\nlist.forEach(function(value){\n      \n  if(value.value.immutables.value.properties.value.propertyList[0].value.id.value.idString == \"immutableMetaTraits1\"){\n    data.iclasificationID = value.value.id.value.classificationID.value.idString\n    data.ihashID = value.value.id.value.hashID.value.idString    \n  }        \n});",
                  "err": {},
                  "uuid": "2e880066-bd5e-4c26-bd08-2da9a554fd4c",
                  "parentUUID": "b18a9880-5187-41e1-a83d-51958d8b9584",
                  "isHook": false,
                  "skipped": false
                },
                {
                  "title": "Query Asset: ",
                  "fullTitle": "Assets Mutate Asset Query Asset: ",
                  "timedOut": false,
                  "duration": 8,
                  "state": "passed",
                  "speed": "fast",
                  "pass": true,
                  "fail": false,
                  "pending": false,
                  "context": null,
                  "code": "var err,res = await chai.request(server)\n      .get(config.qAsset)\n\n      var list = res.body.result.value.assets.value.list\n      list.forEach(function(value){\n    \nif(value.value.immutables.value.properties.value.propertyList[0].value.id.value.idString == \"ASSET4\"){\n  data.aclasificationID = value.value.id.value.classificationID.value.idString\n  data.ahashID = value.value.id.value.hashID.value.idString    \n}        \n      });",
                  "err": {},
                  "uuid": "76ac0d44-b2f9-4e73-830a-e7f5855f6479",
                  "parentUUID": "b18a9880-5187-41e1-a83d-51958d8b9584",
                  "isHook": false,
                  "skipped": false
                },
                {
                  "title": "Mutate Asset: ",
                  "fullTitle": "Assets Mutate Asset Mutate Asset: ",
                  "timedOut": false,
                  "duration": 35,
                  "state": "passed",
[...]
                {
                  "title": "Query Asset: ",
                  "fullTitle": "Orders Orders (splits) with exchange value other than smallest dec Query Asset: ",
                  "timedOut": false,
                  "duration": 11,
                  "state": "passed",
                  "speed": "fast",
                  "pass": true,
                  "fail": false,
                  "pending": false,
                  "context": null,
                  "code": "var err,res = await chai.request(server)\n      .get(config.qAsset)\n\n      var list = res.body.result.value.assets.value.list\n      list.forEach(function(value){\n    \nif(value.value.immutables.value.properties.value.propertyList[0].value.id.value.idString == \"ASSETS131\"){\n  data.aclasificationID = value.value.id.value.classificationID.value.idString\n  data.ahashID = value.value.id.value.hashID.value.idString    \n}        \n      });",
                  "err": {},
                  "uuid": "16c4d316-8bba-4a25-8849-28e0105d380a",
                  "parentUUID": "844a286b-8b9c-4a67-b3f8-bc01f29e8c9f",
                  "isHook": false,
                  "skipped": false
                },
                {
                  "title": "Define Order: ",
                  "fullTitle": "Orders Orders (splits) with exchange value other than smallest dec Define Order: ",
                  "timedOut": false,
                  "duration": 12,
                  "state": "failed",
                  "speed": null,
                  "pass": false,
                  "fail": true,
                  "pending": false,
                  "context": null,
                  "code": "var num = helper.generateRandomInteger(0,10000)\n \n let obj = {\n   \"type\": config.defineOrderType,\n    \"value\": {\n       \"baseReq\": {\n         \"from\": config.testAccountAddress,\n         \"chain_id\": config.chain_id\n       },\n       \"fromID\": data.clasificationID1 + '|' + data.hashID1,\n       \"mutableTraits\":\"ORDER_MUTABLE211:S|ORDER_CLASSIFICATION_MUTABLE_1\" + num,\n       \"immutableTraits\":\"ORDER_IMMUTABLE222:S|ORDER_CLASSIFICATION_IMMUTABLE_1\",\n       \"mutableMetaTraits\": \"ORDER_MUTABLE_META233:S|ORDER_CLASSIFICATION_MUTABLE_META_1,exchangeRate:D|\"+config.exchangeRate+\",makerOwnableSplit:D|100\"+\",expiry:H|\"+config.expiry+\",makerSplit:D|\"+config.makerownablesplit+\",takerSplit:D|,takerID:S|\",\n       \"immutableMetaTraits\": \"ORDER_IMMUTABLE_META244:S|num4\" + num\n     }\n   }\n          \n var err,res = await chai.request(server)\n .post(config.defineOrderPath)\n .send(obj)\n res.should.have.status(200);\n res.body.should.be.a('object');\n expect(res.body.txhash).to.not.equal(null)\n expect(res.body.txhash).to.not.equal('')\n txHash = res.body.txhash",
                  "err": {
                    "message": "AssertionError: expected { Object (_events, _eventsCount, ...) } to have status code 200 but got 400",
                    "estack": "AssertionError: expected { Object (_events, _eventsCount, ...) } to have status code 200 but got 400\n    at Context.it (test/keys.js:6425:21)\n    at process._tickCallback (internal/process/next_tick.js:68:7)",
                    "diff": "- 400\n+ 200\n"
                  },
                  "uuid": "72f9222e-b36a-45f4-bf02-eba06bbc2aef",
                  "parentUUID": "844a286b-8b9c-4a67-b3f8-bc01f29e8c9f",
                  "isHook": false,
                  "skipped": false
                },
                {
                  "title": "Query Tx: ",
                  "fullTitle": "Orders Orders (splits) with exchange value other than smallest dec Query Tx: ",
                  "timedOut": false,
                  "duration": 2,
                  "state": "passed",
                  "speed": "fast",
                  "pass": true,
                  "fail": false,
                  "pending": false,
                  "context": null,
                  "code": "async.retry({ times:config.retry_count, interval:config.timeout}, async function (callbackretry){\n  var err,res = await chai.request(server)\n .get('/txs/'+txHash) \n var data1 = res.body    \n  if((data1.indexOf('error') != -1) || (data1.indexOf('failed') != -1)){\n    console.log(\"RETRY\")\n    callbackretry('failed')\n  }else{\n    callbackretry(null, 'true ')\n  }\n}, function(err, response){\n  if(err){\n    console.log(\"failed to send txHash query\")\n  }else{\n    console.log(\"send txHash query successfull\")\n    expect(res.body.raw_log).to.not.contain('failed')\n    expect(res.body).to.not.contain('error') \n  }\n})\nconsole.log(\"txHash: \" + txHash)",
                  "err": {},
                  "uuid": "177b909c-e07b-4930-a93e-e35994680da8",
                  "parentUUID": "844a286b-8b9c-4a67-b3f8-bc01f29e8c9f",
                  "isHook": false,
                  "skipped": false
                },
                {
                  "title": "Query Classification: ",
                  "fullTitle": "Orders Orders (splits) with exchange value other than smallest dec Query Classification: ",
                  "timedOut": false,
                  "duration": 14,
                  "state": "passed",
                  "speed": "fast",
                  "pass": true,
                  "fail": false,
                  "pending": false,
                  "context": null,
                  "code": "var err,res = await chai.request(server)\n    .get(config.qClassification)\n\n    var list = res.body.result.value.classifications.value.list\n    list.forEach(function(value){\n       \n      if(value.value.immutableTraits.value.properties.value.propertyList[0].value.id.value.idString == \"ORDER_IMMUTABLE_META244\"){\ndata.chainID = value.value.id.value.chainID.value.idString\ndata.clshashID = value.value.id.value.hashID.value.idString\n }        \n    });",
                  "err": {},
                  "uuid": "e9f7d23c-6f9f-468b-a898-e0f694b2835b",
                  "parentUUID": "844a286b-8b9c-4a67-b3f8-bc01f29e8c9f",
                  "isHook": false,
                  "skipped": false
                },
                {
                  "title": "Asset Make Order: ",
                  "fullTitle": "Orders Orders (splits) with exchange value other than smallest dec Asset Make Order: ",
                  "timedOut": false,
                  "duration": 4,
                  "state": "failed",
                  "speed": null,
                  "pass": false,
                  "fail": true,
                  "pending": false,
                  "context": null,
                  "code": "var num = helper.generateRandomInteger(0,10000)\n   \n   let obj = {\n     \"type\": config.makeOrderType,\n      \"value\": {\n         \"baseReq\": {\n           \"from\": config.testAccountAddress,\n           \"chain_id\": config.chain_id\n         },\n         \"fromID\": data.clasificationID1 + '|' + data.hashID1,\n         \"classificationID\": data.chainID + '.' + data.clshashID,\n         \"makerOwnableID\":data.aclasificationID + '|' + data.ahashID,\n         \"takerOwnableID\": config.makerownableid,\n         \"expiresIn\":config.expiry,\n         \"makerOwnableSplit\":config.makerownablesplit,\n         \"mutableProperties\": \"ORDER_MUTABLE21:S|ORDER_CLASSIFICATION_MUTABLE_1\" + num,\n         \"immutableProperties\": \"ORDER_IMMUTABLE22:S|ORDER_CLASSIFICATION_IMMUTABLE_1\",\n         \"mutableMetaProperties\": \"ORDER_MUTABLE_META23:S|ORDER_CLASSIFICATION_MUTABLE_META_1,exchangeRate:D|\"+config.exchangeRate+\",makerSplit:D|100\",\n         \"immutableMetaProperties\": \"ORDER_IMMUTABLE_META24:S|num4\" + num        \n       }\n     }\n   \n    \n   var err,res = await chai.request(server)\n   .post(config.makeOrderPath)\n   .send(obj)\n \n   res.should.have.status(200);\n   res.body.should.be.a('object');\n   expect(res.body.txhash).to.not.equal(null)\n   expect(res.body.txhash).to.not.equal('')\n \n  txHash = res.body.txhash",
                  "err": {
                    "message": "SyntaxError: Unexpected token { in JSON at position 164",
                    "estack": "SyntaxError: Unexpected token { in JSON at position 164\n    at JSON.parse (<anonymous>)\n    at IncomingMessage.res.on (node_modules/superagent/lib/node/parsers/json.js:11:35)\n    at endReadableNT (_stream_readable.js:1145:12)\n    at process._tickCallback (internal/process/next_tick.js:63:19)",
                    "diff": null
                  },
                  "uuid": "5ef8b802-6158-4ec2-a2c9-d08a1e0b5b2e",
                  "parentUUID": "844a286b-8b9c-4a67-b3f8-bc01f29e8c9f",
                  "isHook": false,
                  "skipped": false
                },
                {
                  "title": "Query Tx: ",
                  "fullTitle": "Orders Orders (splits) with exchange value other than smallest dec Query Tx: ",
                  "timedOut": false,
                  "duration": 1,
                  "state": "passed",
                  "speed": "fast",
                  "pass": true,
                  "fail": false,
                  "pending": false,
                  "context": null,
                  "code": "async.retry({ times:config.retry_count, interval:config.timeout}, async function (callbackretry){\n  var err,res = await chai.request(server)\n .get('/txs/'+txHash) \n var data1 = res.body    \n  if((data1.indexOf('error') != -1) || (data1.indexOf('failed') != -1)){\n    console.log(\"RETRY\")\n    callbackretry('failed')\n  }else{\n    callbackretry(null, 'true ')\n  }\n}, function(err, response){\n  if(err){\n    console.log(\"failed to send txHash query\")\n  }else{\n    console.log(\"send txHash query successfull\")\n    expect(res.body.raw_log).to.not.contain('failed')\n    expect(res.body).to.not.contain('error') \n  }\n})\nconsole.log(\"txHash: \" + txHash)",
                  "err": {},
                  "uuid": "07372d5c-70c7-4bfb-bf6d-93e3a274a9cb",
                  "parentUUID": "844a286b-8b9c-4a67-b3f8-bc01f29e8c9f",
                  "isHook": false,
                  "skipped": false
                }
              ],
              "suites": [],
              "passes": [
                "46a92ece-6d54-4809-bd94-b878a60cc0ee",
                "9cc62270-5a0f-43d1-a012-ae89de1c0587",
                "3567c170-d470-4fbe-b71d-5df905e519e4",
                "9da0f9e2-96c0-490d-b868-c96a51371a66",
                "7bec59f2-79ec-46d0-b7e5-4801bc949fad",
                "5047f1ce-755f-4aa2-ad96-29391e88c4fb",
                "22d2c7d2-884a-4496-af8e-1a9419c5b7f8",
                "cc805a7f-0cb0-423a-a138-e6d669217f99",
                "16c4d316-8bba-4a25-8849-28e0105d380a",
                "177b909c-e07b-4930-a93e-e35994680da8",
                "e9f7d23c-6f9f-468b-a898-e0f694b2835b",
                "07372d5c-70c7-4bfb-bf6d-93e3a274a9cb"
              ],
              "failures": [
                "72f9222e-b36a-45f4-bf02-eba06bbc2aef",
                "5ef8b802-6158-4ec2-a2c9-d08a1e0b5b2e"
              ],
              "pending": [],
              "skipped": [],
              "duration": 168,
              "root": false,
              "rootEmpty": false,
              "_timeout": 2000
            }
          ],
          "passes": [],
          "failures": [],
          "pending": [],
          "skipped": [],
          "duration": 0,
          "root": false,
          "rootEmpty": false,
          "_timeout": 2000
        },
        {
          "uuid": "1b5a6f85-1332-4ec4-bc7d-fb5afb18f2e2",
          "title": "Maintainer",
          "fullFile": "/home/aditimahesh/Documents/Work/Persistence/go/src/github.com/persistenceOne/assetMantle/tests/mocha-awesome/test/keys.js",
          "file": "/test/keys.js",
          "beforeHooks": [],
          "afterHooks": [],
          "tests": [],
          "suites": [
            {
              "uuid": "3f45eeef-a8f7-401b-83cd-cca5fb72d7e2",
              "title": "Deputize",
              "fullFile": "/home/aditimahesh/Documents/Work/Persistence/go/src/github.com/persistenceOne/assetMantle/tests/mocha-awesome/test/keys.js",
              "file": "/test/keys.js",
              "beforeHooks": [
                {
                  "title": "\"before each\" hook",
                  "fullTitle": "Maintainer Deputize \"before each\" hook",
                  "timedOut": false,
                  "duration": 3001,
                  "state": null,
                  "speed": null,
                  "pass": false,
                  "fail": false,
                  "pending": false,
                  "context": null,
                  "code": "this.timeout(4000)\nsetTimeout(function() {\n  done()\n}, 3000)",
                  "err": {},
                  "uuid": "b39b01fc-931d-4b63-bfbc-c943f8e4344d",
                  "parentUUID": "3f45eeef-a8f7-401b-83cd-cca5fb72d7e2",
                  "isHook": true,
                  "skipped": false
                }
              ],
              "afterHooks": [],
              "tests": [
                {
                  "title": "Query Identity: ",
                  "fullTitle": "Maintainer Deputize Query Identity: ",
                  "timedOut": false,
                  "duration": 10,
                  "state": "passed",
                  "speed": "fast",
                  "pass": true,
                  "fail": false,
                  "pending": false,
                  "context": null,
                  "code": "var err,res = await chai.request(server)\n      .get(config.qIdentity)\n  \n      var list = res.body.result.value.identities.value.list\n      list.forEach(function(value){\n    \n if(value.value.immutables.value.properties.value.propertyList[0].value.id.value.idString == \"immutableMetaTraits1\"){\n   data.clasificationID = value.value.id.value.classificationID.value.idString\n   data.hashID = value.value.id.value.hashID.value.idString    \n }      \n      });",
                  "err": {},
                  "uuid": "b37559d2-6867-41cc-aefa-cf8dddce3315",
                  "parentUUID": "3f45eeef-a8f7-401b-83cd-cca5fb72d7e2",
                  "isHook": false,
                  "skipped": false
                },
                {
                  "title": "Query Asset: ",
                  "fullTitle": "Maintainer Deputize Query Asset: ",
                  "timedOut": false,
                  "duration": 11,
                  "state": "passed",
                  "speed": "fast",
                  "pass": true,
                  "fail": false,
                  "pending": false,
                  "context": null,
                  "code": "var err,res = await chai.request(server)\n      .get(config.qAsset)\n\n      var list = res.body.result.value.assets.value.list\n      list.forEach(function(value){\n    \nif(value.value.immutables.value.properties.value.propertyList[0].value.id.value.idString == \"ASSET4\"){\n  data.aclasificationID = value.value.id.value.classificationID.value.idString\n  data.ahashID = value.value.id.value.hashID.value.idString    \n}        \n      });",
                  "err": {},
                  "uuid": "8d6e9914-585b-4335-87f4-aa465e839dd3",
                  "parentUUID": "3f45eeef-a8f7-401b-83cd-cca5fb72d7e2",
                  "isHook": false,
                  "skipped": false
                },
                {
                  "title": "Maintainer Deputize: ",
                  "fullTitle": "Maintainer Deputize Maintainer Deputize: ",
                  "timedOut": false,
                  "duration": 6,
                  "state": "failed",
                  "speed": null,
                  "pass": false,
                  "fail": true,
                  "pending": false,
                  "context": null,
                  "code": "var num = helper.generateRandomInteger(0,10000)\n   \n   let obj = {\n     \"type\": config.deputizeType,\n      \"value\": {\n         \"baseReq\": {\n           \"from\": config.testAccountAddress,\n           \"chain_id\": config.chain_id\n         },\n         \"fromID\": data.clasificationID + '|' + data.hashID,\n         \"toID\": data.clasificationID + '|' + data.hashID,\n         \"classificationID\": data.chainID + '.' + data.clshashID,\n         \"maintainedTraits\":\"maintainerTraits:S|maintainerTraits\",\n         \"addMaintainer\": true,\n         \"removeMaintainer\":false,\n         \"mutateMaintainer\":false     \n       }\n     }\n   \n    \n   var err,res = await chai.request(server)\n   .post(config.deputizePath)\n   .send(obj)\n \n   res.should.have.status(200);\n   res.body.should.be.a('object');\n   expect(res.body.txhash).to.not.equal(null)\n   expect(res.body.txhash).to.not.equal('')\n \n  txHash = res.body.txhash",
                  "err": {
                    "message": "Error: connect ECONNREFUSED 127.0.0.1:80",
                    "estack": "Error: connect ECONNREFUSED 127.0.0.1:80\n    at TCPConnectWrap.afterConnect [as oncomplete] (net.js:1107:14)",
                    "diff": null
                  },
                  "uuid": "14b81cf1-bb16-42f6-9ec6-969e7d2d849c",
                  "parentUUID": "3f45eeef-a8f7-401b-83cd-cca5fb72d7e2",
                  "isHook": false,
                  "skipped": false
                },
                {
                  "title": "Query Tx: ",
                  "fullTitle": "Maintainer Deputize Query Tx: ",
                  "timedOut": false,
                  "duration": 2,
                  "state": "passed",
                  "speed": "fast",
                  "pass": true,
                  "fail": false,
                  "pending": false,
                  "context": null,
                  "code": "async.retry({ times:config.retry_count, interval:config.timeout}, async function (callbackretry){\n  var err,res = await chai.request(server)\n .get('/txs/'+txHash) \n var data1 = res.body    \n  if((data1.indexOf('error') != -1) || (data1.indexOf('failed') != -1)){\n    console.log(\"RETRY\")\n    callbackretry('failed')\n  }else{\n    callbackretry(null, 'true ')\n  }\n}, function(err, response){\n  if(err){\n    console.log(\"failed to send txHash query\")\n  }else{\n    console.log(\"send txHash query successfull\")\n    expect(res.body.raw_log).to.not.contain('failed')\n    expect(res.body).to.not.contain('error') \n  }\n})\nconsole.log(\"txHash: \" + txHash)",
                  "err": {},
                  "uuid": "e58a4c52-a3e4-4bb2-85cb-096384ed362f",
                  "parentUUID": "3f45eeef-a8f7-401b-83cd-cca5fb72d7e2",
                  "isHook": false,
                  "skipped": false
                }
              ],
              "suites": [],
              "passes": [
                "b37559d2-6867-41cc-aefa-cf8dddce3315",
                "8d6e9914-585b-4335-87f4-aa465e839dd3",
                "e58a4c52-a3e4-4bb2-85cb-096384ed362f"
              ],
              "failures": [
                "14b81cf1-bb16-42f6-9ec6-969e7d2d849c"
              ],
              "pending": [],
              "skipped": [],
              "duration": 29,
              "root": false,
              "rootEmpty": false,
              "_timeout": 2000
            }
          ],
          "passes": [],
          "failures": [],
          "pending": [],
          "skipped": [],
          "duration": 0,
          "root": false,
          "rootEmpty": false,
          "_timeout": 2000
        }
      ],
      "passes": [],
      "failures": [],
      "pending": [],
      "skipped": [],
      "duration": 0,
      "root": true,
      "rootEmpty": true,
      "_timeout": 2000
    }
  ],
  "meta": {
    "mocha": {
      "version": "7.2.0"
    },
    "mochawesome": {
      "options": {
        "quiet": false,
        "reportFilename": "mochawesome",
        "saveHtml": true,
        "saveJson": true,
        "consoleReporter": "spec",
        "useInlineDiffs": false,
        "code": true
      },
      "version": "6.1.1"
    },
    "marge": {
      "options": null,
      "version": "5.1.0"
    }
  }
}