{
  "stats": {
    "suites": 48,
    "tests": 248,
    "passes": 247,
    "pending": 0,
    "failures": 1,
    "start": "2020-09-21T07:06:24.257Z",
    "end": "2020-09-21T07:18:54.879Z",
    "duration": 750622,
    "testsRegistered": 248,
    "passPercent": 99.59677419354838,
    "pendingPercent": 0,
    "other": 0,
    "hasOther": false,
    "skipped": 0,
    "hasSkipped": false
  },
  "results": [
    {
      "uuid": "e9fdebe7-afec-4a99-b58d-1c1c98e4c3d4",
      "title": "",
      "fullFile": "",
      "file": "",
      "beforeHooks": [],
      "afterHooks": [],
      "tests": [],
      "suites": [
        {
          "uuid": "18480de2-eaf1-4d16-aa96-a60d87bb7167",
          "title": "Account Creation, Sign and Broadcast for User1",
          "fullFile": "/home/aditimahesh/Documents/Work/Persistence/go/src/github.com/persistenceOne/assetMantle/mocha/test/testCases.js",
          "file": "/test/testCases.js",
          "beforeHooks": [
            {
              "title": "\"before each\" hook",
              "fullTitle": "Account Creation, Sign and Broadcast for User1 \"before each\" hook",
              "timedOut": false,
              "duration": 3000,
              "state": null,
              "speed": null,
              "pass": false,
              "fail": false,
              "pending": false,
              "context": null,
              "code": "this.timeout(4000)\nsetTimeout(function () {\n  done()\n}, 3000)",
              "err": {},
              "uuid": "b8dfbbfd-2663-4645-ac36-4cfb11f274d3",
              "parentUUID": "18480de2-eaf1-4d16-aa96-a60d87bb7167",
              "isHook": true,
              "skipped": false
            }
          ],
          "afterHooks": [],
          "tests": [
            {
              "title": "it should create an account for: e9c9be50f544dba74fef94c007dde2d1",
              "fullTitle": "Account Creation, Sign and Broadcast for User1 it should create an account for: e9c9be50f544dba74fef94c007dde2d1",
              "timedOut": false,
              "duration": 182,
              "state": "passed",
              "speed": "slow",
              "pass": true,
              "fail": false,
              "pending": false,
              "context": null,
              "code": "let name = {\n      name: name1\n    }\n    var err, res = await chai.request(server)\n      .post(config.keysAdd)\n      .send(name)\n    res.should.have.status(200);\n    res.body.should.be.a('object');\n    expect(res.body.result.success).to.be.true\n    expect(res.body.result.keyOutput.address).to.not.equal(null)\n    expect(res.body.result.keyOutput.address).to.not.equal('')\n    names1.address = res.body.result.keyOutput.address",
              "err": {},
              "uuid": "f8ebebf9-0c3d-4973-b6e5-ecc271c3a69a",
              "parentUUID": "18480de2-eaf1-4d16-aa96-a60d87bb7167",
              "isHook": false,
              "skipped": false
            },
            {
              "title": "e9c9be50f544dba74fef94c007dde2d1 should be able to signTx ",
              "fullTitle": "Account Creation, Sign and Broadcast for User1 e9c9be50f544dba74fef94c007dde2d1 should be able to signTx ",
              "timedOut": false,
              "duration": 26,
              "state": "passed",
              "speed": "fast",
              "pass": true,
              "fail": false,
              "pending": false,
              "context": null,
              "code": "let obj = {\n      \"baseReq\": {\n        \"from\": config.testAccountAddress,\n        \"chain_id\": config.chain_id\n      },\n      \"type\": \"cosmos-sdk/StdTx\",\n      \"value\": {\n        \"msg\": [\n          {\n            \"type\": \"cosmos-sdk/MsgSend\",\n            \"value\": {\n              \"from_address\": config.testAccountAddress,\n              \"to_address\": names1.address,\n              \"amount\": [\n                {\n                  \"denom\": \"stake\",\n                  \"amount\": \"1000\"\n                }\n              ]\n            }\n          }\n        ],\n        \"fee\": {\n          \"amount\": [],\n          \"gas\": \"200000\"\n        },\n        \"signatures\": null,\n        \"memo\": \"\"\n      }\n    }\n    var err, res = await chai.request(server)\n      .post(config.signTx)\n      .send(obj)\n    res.should.have.status(200);\n    res.body.should.be.a('object');\n    expect(res.body.result.success).to.be.true\n    names1.typekey = res.body.result.tx.signatures[0].pub_key.type\n    names1.value = res.body.result.tx.signatures[0].pub_key.value\n    names1.signature = res.body.result.tx.signatures[0].signature",
              "err": {},
              "uuid": "17b71952-e0b6-4ddc-bc81-c388cb3b46d8",
              "parentUUID": "18480de2-eaf1-4d16-aa96-a60d87bb7167",
              "isHook": false,
              "skipped": false
            },
            {
              "title": "e9c9be50f544dba74fef94c007dde2d1 should be able to broadcastTx ",
              "fullTitle": "Account Creation, Sign and Broadcast for User1 e9c9be50f544dba74fef94c007dde2d1 should be able to broadcastTx ",
              "timedOut": false,
              "duration": 21,
              "state": "passed",
              "speed": "fast",
              "pass": true,
              "fail": false,
              "pending": false,
              "context": null,
              "code": "let obj = {\n      \"tx\": {\n        \"msg\": [\n          {\n            \"type\": \"cosmos-sdk/MsgSend\",\n            \"value\": {\n              \"from_address\": config.testAccountAddress,\n              \"to_address\": names1.address,\n              \"amount\": [\n                {\n                  \"denom\": \"stake\",\n                  \"amount\": \"1000\"\n                }\n              ]\n            }\n          }\n        ],\n        \"fee\": {\n          \"amount\": [],\n          \"gas\": \"200000\"\n        },\n        \"signatures\": [\n          {\n            \"pub_key\": {\n              \"type\": names1.typekey,\n              \"value\": names1.value\n            },\n            \"signature\": names1.signature\n          }\n        ],\n        \"memo\": \"\"\n      },\n      \"mode\": \"sync\"\n    }\n    var err, res = await chai.request(server)\n      .post(config.broadcastTx)\n      .send(obj)\n    res.should.have.status(200);\n    res.body.should.be.a('object');\n    expect(res.body.txhash).to.not.equal(null)\n    expect(res.body.txhash).to.not.equal('')\n    var hash = res.body.txhash\n    var err, res = await chai.request(server)\n      .get('/txs/' + hash)",
              "err": {},
              "uuid": "2c97ff35-0a5e-4d09-b12b-865aceaf9431",
              "parentUUID": "18480de2-eaf1-4d16-aa96-a60d87bb7167",
              "isHook": false,
              "skipped": false
            }
          ],
          "suites": [],
          "passes": [
            "f8ebebf9-0c3d-4973-b6e5-ecc271c3a69a",
            "17b71952-e0b6-4ddc-bc81-c388cb3b46d8",
            "2c97ff35-0a5e-4d09-b12b-865aceaf9431"
          ],
          "failures": [],
          "pending": [],
          "skipped": [],
          "duration": 229,
          "root": false,
          "rootEmpty": false,
          "_timeout": 2000
        },
        {
          "uuid": "9b004cbc-f67c-490d-bf7c-c55151cd699a",
          "title": "Account Creation, Sign and Broadcast for User2",
          "fullFile": "/home/aditimahesh/Documents/Work/Persistence/go/src/github.com/persistenceOne/assetMantle/mocha/test/testCases.js",
          "file": "/test/testCases.js",
          "beforeHooks": [
            {
              "title": "\"before each\" hook",
              "fullTitle": "Account Creation, Sign and Broadcast for User2 \"before each\" hook",
              "timedOut": false,
              "duration": 3003,
              "state": null,
              "speed": null,
              "pass": false,
              "fail": false,
              "pending": false,
              "context": null,
              "code": "this.timeout(4000)\nsetTimeout(function () {\n  done()\n}, 3000)",
              "err": {},
              "uuid": "22b49f97-1270-4822-bdfa-7dfc37f70164",
              "parentUUID": "9b004cbc-f67c-490d-bf7c-c55151cd699a",
              "isHook": true,
              "skipped": false
            }
          ],
          "afterHooks": [],
          "tests": [
            {
              "title": "it should create an account for: 2a9380d87e8eb6cfa3f49caeb7e2b207",
              "fullTitle": "Account Creation, Sign and Broadcast for User2 it should create an account for: 2a9380d87e8eb6cfa3f49caeb7e2b207",
              "timedOut": false,
              "duration": 130,
              "state": "passed",
              "speed": "slow",
              "pass": true,
              "fail": false,
              "pending": false,
              "context": null,
              "code": "let name = {\n      name: name2\n    }\n    var err, res = await chai.request('http://localhost:1317')\n      .post(config.keysAdd)\n      .send(name)\n    res.should.have.status(200);\n    res.body.should.be.a('object');\n    expect(res.body.result.success).to.be.true\n    expect(res.body.result.keyOutput.address).to.not.equal(null)\n    expect(res.body.result.keyOutput.address).to.not.equal('')\n    names2.address = res.body.result.keyOutput.address",
              "err": {},
              "uuid": "c261d8e0-374d-4f94-b4a8-ca6af021bcd2",
              "parentUUID": "9b004cbc-f67c-490d-bf7c-c55151cd699a",
              "isHook": false,
              "skipped": false
            },
            {
              "title": "2a9380d87e8eb6cfa3f49caeb7e2b207 should be able to signTx ",
              "fullTitle": "Account Creation, Sign and Broadcast for User2 2a9380d87e8eb6cfa3f49caeb7e2b207 should be able to signTx ",
              "timedOut": false,
              "duration": 46,
              "state": "passed",
              "speed": "medium",
              "pass": true,
              "fail": false,
              "pending": false,
              "context": null,
              "code": "let obj = {\n      \"baseReq\": {\n        \"from\": config.testAccountAddress,\n        \"chain_id\": config.chain_id\n      },\n      \"type\": \"cosmos-sdk/StdTx\",\n      \"value\": {\n        \"msg\": [\n          {\n            \"type\": \"cosmos-sdk/MsgSend\",\n            \"value\": {\n              \"from_address\": config.testAccountAddress,\n              \"to_address\": names2.address,\n              \"amount\": [\n                {\n                  \"denom\": \"stake\",\n                  \"amount\": \"1000\"\n                }\n              ]\n            }\n          }\n        ],\n        \"fee\": {\n          \"amount\": [],\n          \"gas\": \"200000\"\n        },\n        \"signatures\": null,\n        \"memo\": \"\"\n      }\n    }\n    var err, res = await chai.request(server)\n      .post(config.signTx)\n      .send(obj)\n    res.should.have.status(200);\n    res.body.should.be.a('object');\n    expect(res.body.result.success).to.be.true\n    names2.typekey = res.body.result.tx.signatures[0].pub_key.type\n    names2.value = res.body.result.tx.signatures[0].pub_key.value\n    names2.signature = res.body.result.tx.signatures[0].signature",
              "err": {},
              "uuid": "2c80b19e-9f5a-44ca-9e05-c0e331d6564b",
              "parentUUID": "9b004cbc-f67c-490d-bf7c-c55151cd699a",
              "isHook": false,
              "skipped": false
            },
            {
              "title": "2a9380d87e8eb6cfa3f49caeb7e2b207 should be able to broadcastTx ",
              "fullTitle": "Account Creation, Sign and Broadcast for User2 2a9380d87e8eb6cfa3f49caeb7e2b207 should be able to broadcastTx ",
              "timedOut": false,
              "duration": 15,
              "state": "passed",
              "speed": "fast",
              "pass": true,
              "fail": false,
              "pending": false,
              "context": null,
              "code": "let obj = {\n      \"tx\": {\n        \"msg\": [\n          {\n            \"type\": \"cosmos-sdk/MsgSend\",\n            \"value\": {\n              \"from_address\": config.testAccountAddress,\n              \"to_address\": names2.address,\n              \"amount\": [\n                {\n                  \"denom\": \"stake\",\n                  \"amount\": \"1000\"\n                }\n              ]\n            }\n          }\n        ],\n        \"fee\": {\n          \"amount\": [],\n          \"gas\": \"200000\"\n        },\n        \"signatures\": [\n          {\n            \"pub_key\": {\n              \"type\": names2.typekey,\n              \"value\": names2.value\n            },\n            \"signature\": names2.signature\n          }\n        ],\n        \"memo\": \"\"\n      },\n      \"mode\": \"sync\"\n    }\n    var err, res = await chai.request(server)\n      .post(config.broadcastTx)\n      .send(obj)\n    res.should.have.status(200);\n    res.body.should.be.a('object');\n    expect(res.body.txhash).to.not.equal(null)\n    expect(res.body.txhash).to.not.equal('')\n    var hash = res.body.txhash\n    var err, res = await chai.request(server)\n      .get('/txs/' + hash)",
              "err": {},
              "uuid": "726b8c92-ac06-4540-856b-e12bb65eaea2",
              "parentUUID": "9b004cbc-f67c-490d-bf7c-c55151cd699a",
              "isHook": false,
              "skipped": false
            }
          ],
          "suites": [],
          "passes": [
            "c261d8e0-374d-4f94-b4a8-ca6af021bcd2",
            "2c80b19e-9f5a-44ca-9e05-c0e331d6564b",
            "726b8c92-ac06-4540-856b-e12bb65eaea2"
          ],
          "failures": [],
          "pending": [],
          "skipped": [],
          "duration": 191,
          "root": false,
          "rootEmpty": false,
          "_timeout": 2000
        },
        {
          "uuid": "09eb1f5d-1f09-4ba8-ae95-7a1b21c543d1",
          "title": "Nub Tx",
          "fullFile": "/home/aditimahesh/Documents/Work/Persistence/go/src/github.com/persistenceOne/assetMantle/mocha/test/testCases.js",
          "file": "/test/testCases.js",
          "beforeHooks": [
            {
              "title": "\"before each\" hook",
              "fullTitle": "Nub Tx \"before each\" hook",
              "timedOut": false,
              "duration": 3004,
              "state": null,
              "speed": null,
              "pass": false,
              "fail": false,
              "pending": false,
              "context": null,
              "code": "this.timeout(4000)\nsetTimeout(function () {\n  done()\n}, 3000)",
              "err": {},
              "uuid": "4c4bbe73-cbe2-4732-805b-b37266c31c78",
              "parentUUID": "09eb1f5d-1f09-4ba8-ae95-7a1b21c543d1",
              "isHook": true,
              "skipped": false
            }
          ],
          "afterHooks": [],
          "tests": [
            {
              "title": "nubTx: ",
              "fullTitle": "Nub Tx nubTx: ",
              "timedOut": false,
              "duration": 38,
              "state": "passed",
              "speed": "medium",
              "pass": true,
              "fail": false,
              "pending": false,
              "context": null,
              "code": "let obj = {\n      \"type\": config.nubType,\n      \"value\": {\n        \"baseReq\": {\n          \"from\": config.testAccountAddress,\n          \"chain_id\": config.chain_id\n        },\n        \"nubID\": config.nubID\n      }\n    }\n    var err, res = await chai.request(server)\n      .post(config.nubPath)\n      .send(obj)\n    res.should.have.status(200);\n    res.body.should.be.a('object');\n    expect(res.body.txhash).to.not.equal(null)\n    expect(res.body.txhash).to.not.equal('')\n    txHash = res.body.txhash",
              "err": {},
              "uuid": "7971b3d8-c25f-40d0-9228-1168375d6cef",
              "parentUUID": "09eb1f5d-1f09-4ba8-ae95-7a1b21c543d1",
              "isHook": false,
              "skipped": false
            },
            {
              "title": "Query Tx: ",
              "fullTitle": "Nub Tx Query Tx: ",
              "timedOut": false,
              "duration": 26,
              "state": "failed",
              "speed": null,
              "pass": false,
              "fail": true,
              "pending": false,
              "context": null,
              "code": "var err, res = await chai.request(server)\n  .get('/txs/' + txHash)\nvar data1 = JSON.stringify(res.body)\nasync.retry({ times: config.retry_count, interval: config.timeout }, function (callbackretry) {\n  if ((data1.indexOf('error') != -1)) {\n    callbackretry('failed')\n  } else {\n    //continue\n    callbackretry(null, 'true')\n  }\n}, function (err, response) {\n  if (err) {\n    //do nothing\n  } else {\n    expect(res.body.raw_log).to.not.contain('failed')\n    expect(res.body).to.not.contain('error')\n  }\n})",
              "err": {
                "message": "AssertionError: object tested must be an array, a map, an object, a set, a string, or a weakset, but object given",
                "estack": "AssertionError: object tested must be an array, a map, an object, a set, a string, or a weakset, but object given\n    at /home/aditimahesh/Documents/Work/Persistence/go/src/github.com/persistenceOne/assetMantle/mocha/test/testCases.js:387:33\n    at args (node_modules/async/dist/async.js:3811:21)\n    at /home/aditimahesh/Documents/Work/Persistence/go/src/github.com/persistenceOne/assetMantle/mocha/test/testCases.js:380:9\n    at retryAttempt (node_modules/async/dist/async.js:3804:13)\n    at Object.retry (node_modules/async/dist/async.js:3816:9)\n    at Context.it (test/testCases.js:374:11)\n    at process._tickCallback (internal/process/next_tick.js:68:7)",
                "diff": null
              },
              "uuid": "5c771c2e-b9ce-4f30-b1ce-7c6f0faa3289",
              "parentUUID": "09eb1f5d-1f09-4ba8-ae95-7a1b21c543d1",
              "isHook": false,
              "skipped": false
            }
          ],
          "suites": [],
          "passes": [
            "7971b3d8-c25f-40d0-9228-1168375d6cef"
          ],
          "failures": [
            "5c771c2e-b9ce-4f30-b1ce-7c6f0faa3289"
          ],
          "pending": [],
          "skipped": [],
          "duration": 64,
          "root": false,
          "rootEmpty": false,
          "_timeout": 2000
        },
        {
          "uuid": "692e3249-b626-40f9-b475-473819e43b57",
          "title": "Identity",
          "fullFile": "/home/aditimahesh/Documents/Work/Persistence/go/src/github.com/persistenceOne/assetMantle/mocha/test/testCases.js",
          "file": "/test/testCases.js",
          "beforeHooks": [],
          "afterHooks": [],
          "tests": [],
          "suites": [
            {
              "uuid": "96dee8e6-e9e6-448e-876d-569dbaad109c",
              "title": "Issue Identity 1",
              "fullFile": "/home/aditimahesh/Documents/Work/Persistence/go/src/github.com/persistenceOne/assetMantle/mocha/test/testCases.js",
              "file": "/test/testCases.js",
              "beforeHooks": [
                {
                  "title": "\"before each\" hook",
                  "fullTitle": "Identity Issue Identity 1 \"before each\" hook",
                  "timedOut": false,
                  "duration": 3001,
                  "state": null,
                  "speed": null,
                  "pass": false,
                  "fail": false,
                  "pending": false,
                  "context": null,
                  "code": "this.timeout(4000)\nsetTimeout(function () {\n  done()\n}, 3000)",
                  "err": {},
                  "uuid": "1f93873d-15ca-4128-b73b-d19d0aac72e0",
                  "parentUUID": "96dee8e6-e9e6-448e-876d-569dbaad109c",
                  "isHook": true,
                  "skipped": false
                }
              ],
              "afterHooks": [],
              "tests": [
                {
                  "title": "Query Identity: ",
                  "fullTitle": "Identity Issue Identity 1 Query Identity: ",
                  "timedOut": false,
                  "duration": 9,
                  "state": "passed",
                  "speed": "fast",
                  "pass": true,
                  "fail": false,
                  "pending": false,
                  "context": null,
                  "code": "var err, res = await chai.request(server)\n        .get(config.qIdentity)\n      var list = res.body.result.value.identities.value.list\n      list.forEach(function (value) {\n        if (value.value.immutables.value.properties.value.propertyList[0].value.id.value.idString == config.nubID) {\n          data.clasificationID = value.value.id.value.classificationID.value.idString\n          data.hashID = value.value.id.value.hashID.value.idString\n        }\n      });",
                  "err": {},
                  "uuid": "ff000858-ae72-4e8b-95f7-eb40b8bc3d14",
                  "parentUUID": "96dee8e6-e9e6-448e-876d-569dbaad109c",
                  "isHook": false,
                  "skipped": false
                },
                {
                  "title": "Define Identity: ",
                  "fullTitle": "Identity Issue Identity 1 Define Identity: ",
                  "timedOut": false,
                  "duration": 29,
                  "state": "passed",
                  "speed": "fast",
                  "pass": true,
                  "fail": false,
                  "pending": false,
                  "context": null,
                  "code": "var num = helper.generateRandomInteger(0, 10000)\n      let obj = {\n        \"type\": config.defineIdentityType,\n        \"value\": {\n          \"baseReq\": {\n            \"from\": config.testAccountAddress,\n            \"chain_id\": config.chain_id\n          },\n          \"fromID\": data.clasificationID + '|' + data.hashID,\n          \"mutableTraits\": \"mutableTraits1:S|num1\",\n          \"immutableTraits\": \"immutableTraits1:S|\",\n          \"mutableMetaTraits\": \"mutableMetaTraits1:S|num3\",\n          \"immutableMetaTraits\": \"immutableMetaTraits1:S|num4\"\n        }\n      }\n      var err, res = await chai.request(server)\n        .post(config.defineIdentityPath)\n        .send(obj)\n      res.should.have.status(200);\n      res.body.should.be.a('object');\n      expect(res.body.txhash).to.not.equal(null)\n      expect(res.body.txhash).to.not.equal('')\n      txHash = res.body.txhash",
                  "err": {},
                  "uuid": "da14e7dc-8291-4a6a-a236-86df2cff227c",
                  "parentUUID": "96dee8e6-e9e6-448e-876d-569dbaad109c",
                  "isHook": false,
                  "skipped": false
                },
                {
                  "title": "Query Tx: ",
                  "fullTitle": "Identity Issue Identity 1 Query Tx: ",
                  "timedOut": false,
                  "duration": 8,
                  "state": "passed",
                  "speed": "fast",
                  "pass": true,
                  "fail": false,
                  "pending": false,
                  "context": null,
                  "code": "var err, res = await chai.request(server)\n  .get('/txs/' + txHash)\nvar data1 = JSON.stringify(res.body)\nasync.retry({ times: config.retry_count, interval: config.timeout }, function (callbackretry) {\n  if ((data1.indexOf('error') != -1)) {\n    callbackretry('failed')\n  } else {\n    //continue\n    callbackretry(null, 'true')\n  }\n}, function (err, response) {\n  if (err) {\n    //do nothing\n  } else {\n    expect(res.body.raw_log).to.not.contain('failed')\n    expect(res.body).to.not.contain('error')\n  }\n})",
                  "err": {},
                  "uuid": "9cb79064-657e-4dd7-a005-50024d844f6a",
                  "parentUUID": "96dee8e6-e9e6-448e-876d-569dbaad109c",
                  "isHook": false,
                  "skipped": false
                },
                {
                  "title": "Query Classification: ",
                  "fullTitle": "Identity Issue Identity 1 Query Classification: ",
                  "timedOut": false,
                  "duration": 9,
                  "state": "passed",
                  "speed": "fast",
                  "pass": true,
                  "fail": false,
                  "pending": false,
                  "context": null,
                  "code": "var err, res = await chai.request(server)\n        .get(config.qClassification)\n      var list = res.body.result.value.classifications.value.list\n      list.forEach(function (value) {\n        if (value.value.immutableTraits.value.properties.value.propertyList[0].value.id.value.idString == \"immutableMetaTraits1\") {\n          data.chainID = value.value.id.value.chainID.value.idString\n          data.clshashID = value.value.id.value.hashID.value.idString\n        }\n      });",
                  "err": {},
                  "uuid": "d641d7fe-6fe3-4ddc-b7ef-238b9eb2808c",
                  "parentUUID": "96dee8e6-e9e6-448e-876d-569dbaad109c",
                  "isHook": false,
                  "skipped": false
                },
                {
                  "title": "Issue Identity: ",
                  "fullTitle": "Identity Issue Identity 1 Issue Identity: ",
                  "timedOut": false,
                  "duration": 44,
                  "state": "passed",
                  "speed": "medium",
                  "pass": true,
                  "fail": false,
                  "pending": false,
                  "context": null,
                  "code": "var num = helper.generateRandomInteger(0, 10000)\n      let obj = {\n        \"type\": config.issuedentityType,\n        \"value\": {\n          \"baseReq\": {\n            \"from\": config.testAccountAddress,\n            \"chain_id\": config.chain_id\n          },\n          \"to\": config.testAccountAddress,\n          \"fromID\": data.clasificationID + '|' + data.hashID,\n          \"classificationID\": data.chainID + '.' + data.clshashID,\n          \"mutableProperties\": \"mutableTraits1:S|num1\",\n          \"immutableProperties\": \"immutableTraits1:S|\",\n          \"mutableMetaProperties\": \"mutableMetaTraits1:S|num3\",\n          \"immutableMetaProperties\": \"immutableMetaTraits1:S|num4\"\n        }\n      }\n      var err, res = await chai.request(server)\n        .post(config.issueIdentityPath)\n        .send(obj)\n      res.should.have.status(200);\n      res.body.should.be.a('object');\n      expect(res.body.txhash).to.not.equal(null)\n      expect(res.body.txhash).to.not.equal('')\n      txHash = res.body.txhash",
                  "err": {},
                  "uuid": "380d8021-ceaa-4c7f-be22-3d555f6e4117",
                  "parentUUID": "96dee8e6-e9e6-448e-876d-569dbaad109c",
                  "isHook": false,
                  "skipped": false
                },
                {
                  "title": "Query Tx: ",
                  "fullTitle": "Identity Issue Identity 1 Query Tx: ",
                  "timedOut": false,
                  "duration": 2,
                  "state": "passed",
                  "speed": "fast",
                  "pass": true,
                  "fail": false,
                  "pending": false,
                  "context": null,
                  "code": "var err, res = await chai.request(server)\n  .get('/txs/' + txHash)\nvar data1 = JSON.stringify(res.body)\nasync.retry({ times: config.retry_count, interval: config.timeout }, function (callbackretry) {\n  if ((data1.indexOf('error') != -1)) {\n    callbackretry('failed')\n  } else {\n    //continue\n  }\n}, function (err, response) {\n  if (err) {\n    //do nothing\n  } else {\n    expect(res.body.raw_log).to.not.contain('failed')\n    expect(res.body).to.not.contain('error')\n  }\n})",
                  "err": {},
                  "uuid": "f1e43391-406b-47ae-af9d-468a3c41cb59",
                  "parentUUID": "96dee8e6-e9e6-448e-876d-569dbaad109c",
                  "isHook": false,
                  "skipped": false
                }
              ],
              "suites": [],
              "passes": [
                "ff000858-ae72-4e8b-95f7-eb40b8bc3d14",
                "da14e7dc-8291-4a6a-a236-86df2cff227c",
                "9cb79064-657e-4dd7-a005-50024d844f6a",
                "d641d7fe-6fe3-4ddc-b7ef-238b9eb2808c",
                "380d8021-ceaa-4c7f-be22-3d555f6e4117",
                "f1e43391-406b-47ae-af9d-468a3c41cb59"
              ],
              "failures": [],
              "pending": [],
              "skipped": [],
              "duration": 101,
              "root": false,
              "rootEmpty": false,
              "_timeout": 2000
            },
            {
              "uuid": "63738124-26e8-4f53-9004-6f03f5d94b5a",
              "title": "Provision Key",
              "fullFile": "/home/aditimahesh/Documents/Work/Persistence/go/src/github.com/persistenceOne/assetMantle/mocha/test/testCases.js",
              "file": "/test/testCases.js",
              "beforeHooks": [
                {
                  "title": "\"before each\" hook",
                  "fullTitle": "Identity Provision Key \"before each\" hook",
                  "timedOut": false,
                  "duration": 3001,
                  "state": null,
                  "speed": null,
                  "pass": false,
                  "fail": false,
                  "pending": false,
                  "context": null,
                  "code": "this.timeout(4000)\nsetTimeout(function () {\n  done()\n}, 3000)",
                  "err": {},
                  "uuid": "867f967e-0658-4c93-bb27-2cedebe413d2",
                  "parentUUID": "63738124-26e8-4f53-9004-6f03f5d94b5a",
                  "isHook": true,
                  "skipped": false
                }
              ],
              "afterHooks": [],
              "tests": [
                {
                  "title": "Query Identity: ",
                  "fullTitle": "Identity Provision Key Query Identity: ",
                  "timedOut": false,
                  "duration": 7,
                  "state": "passed",
                  "speed": "fast",
                  "pass": true,
                  "fail": false,
                  "pending": false,
                  "context": null,
                  "code": "var err, res = await chai.request(server)\n        .get(config.qIdentity)\n      var list = res.body.result.value.identities.value.list\n      list.forEach(function (value) {\n        if (value.value.immutables.value.properties.value.propertyList[0].value.id.value.idString == config.nubID) {\n          data.clasificationID = value.value.id.value.classificationID.value.idString\n          data.hashID = value.value.id.value.hashID.value.idString\n        }\n      });",
                  "err": {},
                  "uuid": "bab64dce-bc78-42d9-9099-45c3a883dd6e",
                  "parentUUID": "63738124-26e8-4f53-9004-6f03f5d94b5a",
                  "isHook": false,
                  "skipped": false
                },
                {
                  "title": "Provision Key: ",
                  "fullTitle": "Identity Provision Key Provision Key: ",
                  "timedOut": false,
                  "duration": 39,
                  "state": "passed",
                  "speed": "medium",
                  "pass": true,
                  "fail": false,
                  "pending": false,
                  "context": null,
                  "code": "let obj = {\n        \"type\": config.provisionKeyType,\n        \"value\": {\n          \"baseReq\": {\n            \"from\": config.testAccountAddress,\n            \"chain_id\": config.chain_id\n          },\n          \"to\": names1.address,\n          \"identityID\": data.clasificationID + '|' + data.hashID\n        }\n      }\n      var err, res = await chai.request(server)\n        .post(config.provisionKeyPath)\n        .send(obj)\n      res.should.have.status(200);\n      res.body.should.be.a('object');\n      expect(res.body.txhash).to.not.equal(null)\n      expect(res.body.txhash).to.not.equal('')\n      txHash = res.body.txhash",
                  "err": {},
                  "uuid": "4b261630-09f9-46c2-a2b3-26ff93b80736",
                  "parentUUID": "63738124-26e8-4f53-9004-6f03f5d94b5a",
                  "isHook": false,
                  "skipped": false
                },
                {
                  "title": "Query Tx: ",
                  "fullTitle": "Identity Provision Key Query Tx: ",
                  "timedOut": false,
                  "duration": 23,
                  "state": "passed",
                  "speed": "fast",
                  "pass": true,
                  "fail": false,
                  "pending": false,
                  "context": null,
                  "code": "var err, res = await chai.request(server)\n  .get('/txs/' + txHash)\nvar data1 = JSON.stringify(res.body)\nasync.retry({ times: config.retry_count, interval: config.timeout }, function (callbackretry) {\n  if ((data1.indexOf('error') != -1)) {\n    callbackretry('failed')\n  } else {\n    //continue\n  }\n}, function (err, response) {\n  if (err) {\n    //do nothing\n  } else {\n    expect(res.body.raw_log).to.not.contain('failed')\n    expect(res.body).to.not.contain('error')\n  }\n})",
                  "err": {},
                  "uuid": "ab027aca-4c7d-4f4f-85b7-174770edce9d",
                  "parentUUID": "63738124-26e8-4f53-9004-6f03f5d94b5a",
                  "isHook": false,
                  "skipped": false
                }
              ],
              "suites": [],
              "passes": [
                "bab64dce-bc78-42d9-9099-45c3a883dd6e",
                "4b261630-09f9-46c2-a2b3-26ff93b80736",
                "ab027aca-4c7d-4f4f-85b7-174770edce9d"
              ],
              "failures": [],
              "pending": [],
              "skipped": [],
              "duration": 69,
              "root": false,
              "rootEmpty": false,
              "_timeout": 2000
            },
            {
              "uuid": "2a9d07d4-08f7-4fde-b221-bef523d3a109",
              "title": "Unprovision Key",
              "fullFile": "/home/aditimahesh/Documents/Work/Persistence/go/src/github.com/persistenceOne/assetMantle/mocha/test/testCases.js",
              "file": "/test/testCases.js",
              "beforeHooks": [
                {
                  "title": "\"before each\" hook",
                  "fullTitle": "Identity Unprovision Key \"before each\" hook",
                  "timedOut": false,
                  "duration": 3001,
                  "state": null,
                  "speed": null,
                  "pass": false,
                  "fail": false,
                  "pending": false,
                  "context": null,
                  "code": "this.timeout(4000)\nsetTimeout(function () {\n  done()\n}, 3000)",
                  "err": {},
                  "uuid": "8cf3981e-d20d-407b-82f9-0ddf8919e6a8",
                  "parentUUID": "2a9d07d4-08f7-4fde-b221-bef523d3a109",
                  "isHook": true,
                  "skipped": false
                }
              ],
              "afterHooks": [],
              "tests": [
                {
                  "title": "Query Identity: ",
                  "fullTitle": "Identity Unprovision Key Query Identity: ",
                  "timedOut": false,
                  "duration": 10,
                  "state": "passed",
                  "speed": "fast",
                  "pass": true,
                  "fail": false,
                  "pending": false,
                  "context": null,
                  "code": "var err, res = await chai.request(server)\n        .get(config.qIdentity)\n      var list = res.body.result.value.identities.value.list\n      list.forEach(function (value) {\n        if (value.value.immutables.value.properties.value.propertyList[0].value.id.value.idString == config.nubID) {\n          data.clasificationID = value.value.id.value.classificationID.value.idString\n          data.hashID = value.value.id.value.hashID.value.idString\n        }\n      });",
                  "err": {},
                  "uuid": "42171884-41c9-43d8-b113-e37f56fdc3ee",
                  "parentUUID": "2a9d07d4-08f7-4fde-b221-bef523d3a109",
                  "isHook": false,
                  "skipped": false
                },
                {
                  "title": "Unprovision Key: ",
                  "fullTitle": "Identity Unprovision Key Unprovision Key: ",
                  "timedOut": false,
                  "duration": 17,
                  "state": "passed",
                  "speed": "fast",
                  "pass": true,
                  "fail": false,
                  "pending": false,
                  "context": null,
                  "code": "let obj = {\n        \"type\": config.unprovisionKeyType,\n        \"value\": {\n          \"baseReq\": {\n            \"from\": config.testAccountAddress,\n            \"chain_id\": config.chain_id\n          },\n          \"to\": names1.address,\n          \"identityID\": data.clasificationID + '|' + data.hashID\n        }\n      }\n      var err, res = await chai.request(server)\n        .post(config.unprovisionKeyPath)\n        .send(obj)\n      res.should.have.status(200);\n      res.body.should.be.a('object');\n      expect(res.body.txhash).to.not.equal(null)\n      expect(res.body.txhash).to.not.equal('')\n      txHash = res.body.txhash",
                  "err": {},
                  "uuid": "4768a57e-5b04-48e2-9dfd-0156c190ce28",
                  "parentUUID": "2a9d07d4-08f7-4fde-b221-bef523d3a109",
                  "isHook": false,
                  "skipped": false
                },
                {
                  "title": "Query Tx: ",
                  "fullTitle": "Identity Unprovision Key Query Tx: ",
                  "timedOut": false,
                  "duration": 24,
                  "state": "passed",
                  "speed": "fast",
                  "pass": true,
                  "fail": false,
                  "pending": false,
                  "context": null,
                  "code": "var err, res = await chai.request(server)\n  .get('/txs/' + txHash)\nvar data1 = JSON.stringify(res.body)\nasync.retry({ times: config.retry_count, interval: config.timeout }, function (callbackretry) {\n  if ((data1.indexOf('error') != -1)) {\n    callbackretry('failed')\n  } else {\n    //continue\n  }\n}, function (err, response) {\n  if (err) {\n    //do nothing\n  } else {\n    expect(res.body.raw_log).to.not.contain('failed')\n    expect(res.body).to.not.contain('error')\n  }\n})",
                  "err": {},
                  "uuid": "39b4b08e-572c-47dc-94ce-a85ee69d1810",
                  "parentUUID": "2a9d07d4-08f7-4fde-b221-bef523d3a109",
                  "isHook": false,
                  "skipped": false
                }
              ],
              "suites": [],
              "passes": [
                "42171884-41c9-43d8-b113-e37f56fdc3ee",
                "4768a57e-5b04-48e2-9dfd-0156c190ce28",
                "39b4b08e-572c-47dc-94ce-a85ee69d1810"
              ],
              "failures": [],
              "pending": [],
              "skipped": [],
              "duration": 51,
              "root": false,
              "rootEmpty": false,
              "_timeout": 2000
            },
            {
              "uuid": "42309a18-4754-418f-8e0b-781282f76f9c",
              "title": "Provision an unprovision Key",
              "fullFile": "/home/aditimahesh/Documents/Work/Persistence/go/src/github.com/persistenceOne/assetMantle/mocha/test/testCases.js",
              "file": "/test/testCases.js",
              "beforeHooks": [
                {
                  "title": "\"before each\" hook",
                  "fullTitle": "Identity Provision an unprovision Key \"before each\" hook",
                  "timedOut": false,
                  "duration": 3002,
                  "state": null,
                  "speed": null,
                  "pass": false,
                  "fail": false,
                  "pending": false,
                  "context": null,
                  "code": "this.timeout(4000)\nsetTimeout(function () {\n  done()\n}, 3000)",
                  "err": {},
                  "uuid": "f507c102-c39f-48d4-9671-68d0600271b4",
                  "parentUUID": "42309a18-4754-418f-8e0b-781282f76f9c",
                  "isHook": true,
                  "skipped": false
                }
              ],
              "afterHooks": [],
              "tests": [
                {
                  "title": "Query Identity: ",
                  "fullTitle": "Identity Provision an unprovision Key Query Identity: ",
                  "timedOut": false,
                  "duration": 10,
                  "state": "passed",
                  "speed": "fast",
                  "pass": true,
                  "fail": false,
                  "pending": false,
                  "context": null,
                  "code": "var err, res = await chai.request(server)\n        .get(config.qIdentity)\n      var list = res.body.result.value.identities.value.list\n      list.forEach(function (value) {\n        if (value.value.immutables.value.properties.value.propertyList[0].value.id.value.idString == config.nubID) {\n          data.clasificationID = value.value.id.value.classificationID.value.idString\n          data.hashID = value.value.id.value.hashID.value.idString\n        }\n      });",
                  "err": {},
                  "uuid": "92702495-6932-4b46-bdb0-e849d7aaf1f3",
                  "parentUUID": "42309a18-4754-418f-8e0b-781282f76f9c",
                  "isHook": false,
                  "skipped": false
                },
                {
                  "title": "Provision an unprovision Key: ",
                  "fullTitle": "Identity Provision an unprovision Key Provision an unprovision Key: ",
                  "timedOut": false,
                  "duration": 55,
                  "state": "passed",
                  "speed": "medium",
                  "pass": true,
                  "fail": false,
                  "pending": false,
                  "context": null,
                  "code": "let obj = {\n        \"type\": config.provisionKeyType,\n        \"value\": {\n          \"baseReq\": {\n            \"from\": config.testAccountAddress,\n            \"chain_id\": config.chain_id\n          },\n          \"to\": names1.address,\n          \"identityID\": data.clasificationID + '|' + data.hashID\n        }\n      }\n      var err, res = await chai.request(server)\n        .post(config.provisionKeyPath)\n        .send(obj)\n      res.should.have.status(200);\n      res.body.should.be.a('object');\n      expect(res.body.txhash).to.not.equal(null)\n      expect(res.body.txhash).to.not.equal('')\n      txHash = res.body.txhash",
                  "err": {},
                  "uuid": "d2520d20-c729-416a-971f-a9a1ee55ee92",
                  "parentUUID": "42309a18-4754-418f-8e0b-781282f76f9c",
                  "isHook": false,
                  "skipped": false
                },
                {
                  "title": "Query Tx: ",
                  "fullTitle": "Identity Provision an unprovision Key Query Tx: ",
                  "timedOut": false,
                  "duration": 11,
                  "state": "passed",
                  "speed": "fast",
                  "pass": true,
                  "fail": false,
                  "pending": false,
                  "context": null,
                  "code": "var err, res = await chai.request(server)\n  .get('/txs/' + txHash)\nvar data1 = JSON.stringify(res.body)\nasync.retry({ times: config.retry_count, interval: config.timeout }, function (callbackretry) {\n  if ((data1.indexOf('error') != -1)) {\n    callbackretry('failed')\n  } else {\n    //continue\n  }\n}, function (err, response) {\n  if (err) {\n    //do nothing\n  } else {\n    expect(res.body.raw_log).to.not.contain('failed')\n    expect(res.body).to.not.contain('error')\n  }\n})",
                  "err": {},
                  "uuid": "d4400f63-c1bb-49e3-93b4-d0f84d862e81",
                  "parentUUID": "42309a18-4754-418f-8e0b-781282f76f9c",
                  "isHook": false,
                  "skipped": false
                }
              ],
              "suites": [],
              "passes": [
                "92702495-6932-4b46-bdb0-e849d7aaf1f3",
                "d2520d20-c729-416a-971f-a9a1ee55ee92",
                "d4400f63-c1bb-49e3-93b4-d0f84d862e81"
              ],
              "failures": [],
              "pending": [],
              "skipped": [],
              "duration": 76,
              "root": false,
              "rootEmpty": false,
              "_timeout": 2000
            },
            {
              "uuid": "033dfa15-e701-465e-bc33-541a3f33ace0",
              "title": "Issue Identity 2",
              "fullFile": "/home/aditimahesh/Documents/Work/Persistence/go/src/github.com/persistenceOne/assetMantle/mocha/test/testCases.js",
              "file": "/test/testCases.js",
              "beforeHooks": [
                {
                  "title": "\"before each\" hook",
                  "fullTitle": "Identity Issue Identity 2 \"before each\" hook",
                  "timedOut": false,
                  "duration": 3001,
                  "state": null,
                  "speed": null,
                  "pass": false,
                  "fail": false,
                  "pending": false,
                  "context": null,
                  "code": "this.timeout(4000)\nsetTimeout(function () {\n  done()\n}, 3000)",
                  "err": {},
                  "uuid": "cf6dee9a-9df2-44b2-bcc6-3c2cb41d8001",
                  "parentUUID": "033dfa15-e701-465e-bc33-541a3f33ace0",
                  "isHook": true,
                  "skipped": false
                }
              ],
              "afterHooks": [],
              "tests": [
                {
                  "title": "Query Identity: ",
                  "fullTitle": "Identity Issue Identity 2 Query Identity: ",
                  "timedOut": false,
                  "duration": 7,
                  "state": "passed",
                  "speed": "fast",
                  "pass": true,
                  "fail": false,
                  "pending": false,
                  "context": null,
                  "code": "var err, res = await chai.request(server)\n        .get(config.qIdentity)\n      var list = res.body.result.value.identities.value.list\n      list.forEach(function (value) {\n        if (value.value.immutables.value.properties.value.propertyList[0].value.id.value.idString == config.nubID) {\n          data.clasificationID = value.value.id.value.classificationID.value.idString\n          data.hashID = value.value.id.value.hashID.value.idString\n        }\n      });",
                  "err": {},
                  "uuid": "79dfccd4-df68-436b-9c1c-3ac32be3fd11",
                  "parentUUID": "033dfa15-e701-465e-bc33-541a3f33ace0",
                  "isHook": false,
                  "skipped": false
                },
                {
                  "title": "Define Identity: ",
                  "fullTitle": "Identity Issue Identity 2 Define Identity: ",
                  "timedOut": false,
                  "duration": 23,
                  "state": "passed",
                  "speed": "fast",
                  "pass": true,
                  "fail": false,
                  "pending": false,
                  "context": null,
                  "code": "var num = helper.generateRandomInteger(0, 10000)\n      let obj = {\n        \"type\": config.defineIdentityType,\n        \"value\": {\n          \"baseReq\": {\n            \"from\": config.testAccountAddress,\n            \"chain_id\": config.chain_id\n          },\n          \"fromID\": data.clasificationID + '|' + data.hashID,\n          \"mutableTraits\": \"mutableTraits2:S|num1\",\n          \"immutableTraits\": \"immutableTraits2:S|\",\n          \"mutableMetaTraits\": \"mutableMetaTraits2:S|num3\",\n          \"immutableMetaTraits\": \"immutableMetaTraits2:S|num4\"\n        }\n      }\n      var err, res = await chai.request(server)\n        .post(config.defineIdentityPath)\n        .send(obj)\n      res.should.have.status(200);\n      res.body.should.be.a('object');\n      expect(res.body.txhash).to.not.equal(null)\n      expect(res.body.txhash).to.not.equal('')\n      txHash = res.body.txhash",
                  "err": {},
                  "uuid": "420d8a29-1c75-42fe-9e55-f4e568ebfdfc",
                  "parentUUID": "033dfa15-e701-465e-bc33-541a3f33ace0",
                  "isHook": false,
                  "skipped": false
                },
                {
                  "title": "Query Tx: ",
                  "fullTitle": "Identity Issue Identity 2 Query Tx: ",
                  "timedOut": false,
                  "duration": 5,
                  "state": "passed",
                  "speed": "fast",
                  "pass": true,
                  "fail": false,
                  "pending": false,
                  "context": null,
                  "code": "var err, res = await chai.request(server)\n  .get('/txs/' + txHash)\nvar data1 = JSON.stringify(res.body)\nasync.retry({ times: config.retry_count, interval: config.timeout }, function (callbackretry) {\n  if ((data1.indexOf('error') != -1)) {\n    callbackretry('failed')\n  } else {\n    //continue\n  }\n}, function (err, response) {\n  if (err) {\n    //do nothing\n  } else {\n    expect(res.body.raw_log).to.not.contain('failed')\n    expect(res.body).to.not.contain('error')\n  }\n})",
                  "err": {},
                  "uuid": "96bbc871-8345-4668-b158-8b43b3fa1e53",
                  "parentUUID": "033dfa15-e701-465e-bc33-541a3f33ace0",
                  "isHook": false,
                  "skipped": false
                },
                {
                  "title": "Query Classification: ",
                  "fullTitle": "Identity Issue Identity 2 Query Classification: ",
                  "timedOut": false,
                  "duration": 10,
                  "state": "passed",
                  "speed": "fast",
                  "pass": true,
                  "fail": false,
                  "pending": false,
                  "context": null,
                  "code": "var err, res = await chai.request(server)\n        .get(config.qClassification)\n      var list = res.body.result.value.classifications.value.list\n      list.forEach(function (value) {\n        if (value.value.immutableTraits.value.properties.value.propertyList[0].value.id.value.idString == \"immutableMetaTraits2\") {\n          data.chainID = value.value.id.value.chainID.value.idString\n          data.clshashID = value.value.id.value.hashID.value.idString\n        }\n      });",
                  "err": {},
                  "uuid": "24206ac8-7f16-46e5-95d2-cbf885d9ee9a",
                  "parentUUID": "033dfa15-e701-465e-bc33-541a3f33ace0",
                  "isHook": false,
                  "skipped": false
                },
                {
                  "title": "Issue Identity 2: ",
                  "fullTitle": "Identity Issue Identity 2 Issue Identity 2: ",
                  "timedOut": false,
                  "duration": 43,
                  "state": "passed",
                  "speed": "medium",
                  "pass": true,
                  "fail": false,
                  "pending": false,
                  "context": null,
                  "code": "var num = helper.generateRandomInteger(0, 10000)\n      let obj = {\n        \"type\": config.issuedentityType,\n        \"value\": {\n          \"baseReq\": {\n            \"from\": config.testAccountAddress,\n            \"chain_id\": config.chain_id\n          },\n          \"to\": config.testAccountAddress,\n          \"fromID\": data.clasificationID + '|' + data.hashID,\n          \"classificationID\": data.chainID + '.' + data.clshashID,\n          \"mutableProperties\": \"mutableTraits2:S|num1\",\n          \"immutableProperties\": \"immutableTraits2:S|\",\n          \"mutableMetaProperties\": \"mutableMetaTraits2:S|num3\",\n          \"immutableMetaProperties\": \"immutableMetaTraits2:S|num4\"\n        }\n      }\n      var err, res = await chai.request(server)\n        .post(config.issueIdentityPath)\n        .send(obj)\n      res.should.have.status(200);\n      res.body.should.be.a('object');\n      expect(res.body.txhash).to.not.equal(null)\n      expect(res.body.txhash).to.not.equal('')\n      txHash = res.body.txhash",
                  "err": {},
                  "uuid": "777d3f27-0fa5-4bf9-865d-75365bb25053",
                  "parentUUID": "033dfa15-e701-465e-bc33-541a3f33ace0",
                  "isHook": false,
                  "skipped": false
                },
                {
                  "title": "Query Tx: ",
                  "fullTitle": "Identity Issue Identity 2 Query Tx: ",
                  "timedOut": false,
                  "duration": 6,
                  "state": "passed",
                  "speed": "fast",
                  "pass": true,
                  "fail": false,
                  "pending": false,
                  "context": null,
                  "code": "var err, res = await chai.request(server)\n  .get('/txs/' + txHash)\nvar data1 = JSON.stringify(res.body)\nasync.retry({ times: config.retry_count, interval: config.timeout }, function (callbackretry) {\n  if ((data1.indexOf('error') != -1)) {\n    callbackretry('failed')\n  } else {\n    //continue\n  }\n}, function (err, response) {\n  if (err) {\n   //do nothing\n  } else {\n    expect(res.body.raw_log).to.not.contain('failed')\n    expect(res.body).to.not.contain('error')\n  }\n})",
                  "err": {},
                  "uuid": "95fda8bd-fe56-4514-a8ed-b5aaf809bd17",
                  "parentUUID": "033dfa15-e701-465e-bc33-541a3f33ace0",
                  "isHook": false,
                  "skipped": false
                }
              ],
              "suites": [],
              "passes": [
                "79dfccd4-df68-436b-9c1c-3ac32be3fd11",
                "420d8a29-1c75-42fe-9e55-f4e568ebfdfc",
                "96bbc871-8345-4668-b158-8b43b3fa1e53",
                "24206ac8-7f16-46e5-95d2-cbf885d9ee9a",
                "777d3f27-0fa5-4bf9-865d-75365bb25053",
                "95fda8bd-fe56-4514-a8ed-b5aaf809bd17"
              ],
              "failures": [],
              "pending": [],
              "skipped": [],
              "duration": 94,
              "root": false,
              "rootEmpty": false,
              "_timeout": 2000
            },
            {
              "uuid": "e6add1e2-951a-4d7e-bd68-489069deb3c6",
              "title": "Issue Identity 3",
              "fullFile": "/home/aditimahesh/Documents/Work/Persistence/go/src/github.com/persistenceOne/assetMantle/mocha/test/testCases.js",
              "file": "/test/testCases.js",
              "beforeHooks": [
                {
                  "title": "\"before each\" hook",
                  "fullTitle": "Identity Issue Identity 3 \"before each\" hook",
                  "timedOut": false,
                  "duration": 3001,
                  "state": null,
                  "speed": null,
                  "pass": false,
                  "fail": false,
                  "pending": false,
                  "context": null,
                  "code": "this.timeout(4000)\nsetTimeout(function () {\n  done()\n}, 3000)",
                  "err": {},
                  "uuid": "940e7373-ee24-4f84-b6cc-cf1f35607c9c",
                  "parentUUID": "e6add1e2-951a-4d7e-bd68-489069deb3c6",
                  "isHook": true,
                  "skipped": false
                }
              ],
              "afterHooks": [],
              "tests": [
                {
                  "title": "Query Identity: ",
                  "fullTitle": "Identity Issue Identity 3 Query Identity: ",
                  "timedOut": false,
                  "duration": 12,
                  "state": "passed",
                  "speed": "fast",
                  "pass": true,
                  "fail": false,
                  "pending": false,
                  "context": null,
                  "code": "var err, res = await chai.request(server)\n        .get(config.qIdentity)\n      var list = res.body.result.value.identities.value.list\n      list.forEach(function (value) {\n        if (value.value.immutables.value.properties.value.propertyList[0].value.id.value.idString == config.nubID) {\n          data.clasificationID = value.value.id.value.classificationID.value.idString\n          data.hashID = value.value.id.value.hashID.value.idString\n        }\n      });",
                  "err": {},
                  "uuid": "e287c555-f26c-42c0-9941-b0d274be279d",
                  "parentUUID": "e6add1e2-951a-4d7e-bd68-489069deb3c6",
                  "isHook": false,
                  "skipped": false
                },
                {
                  "title": "Define Identity: ",
                  "fullTitle": "Identity Issue Identity 3 Define Identity: ",
                  "timedOut": false,
                  "duration": 45,
                  "state": "passed",
                  "speed": "medium",
                  "pass": true,
                  "fail": false,
                  "pending": false,
                  "context": null,
                  "code": "var num = helper.generateRandomInteger(0, 10000)\n      let obj = {\n        \"type\": config.defineIdentityType,\n        \"value\": {\n          \"baseReq\": {\n            \"from\": config.testAccountAddress,\n            \"chain_id\": config.chain_id\n          },\n          \"fromID\": data.clasificationID + '|' + data.hashID,\n          \"mutableTraits\": \"mutableTraits3:S|num1\",\n          \"immutableTraits\": \"immutableTraits3:S|\",\n          \"mutableMetaTraits\": \"mutableMetaTraits3:S|num3\",\n          \"immutableMetaTraits\": \"immutableMetaTraits3:S|num4\"\n        }\n      }\n      var err, res = await chai.request(server)\n        .post(config.defineIdentityPath)\n        .send(obj)\n      res.should.have.status(200);\n      res.body.should.be.a('object');\n      expect(res.body.txhash).to.not.equal(null)\n      expect(res.body.txhash).to.not.equal('')\n      txHash = res.body.txhash",
                  "err": {},
                  "uuid": "8f06c201-132c-477a-8904-41a2982b44c5",
                  "parentUUID": "e6add1e2-951a-4d7e-bd68-489069deb3c6",
                  "isHook": false,
                  "skipped": false
                },
                {
                  "title": "Query Tx: ",
                  "fullTitle": "Identity Issue Identity 3 Query Tx: ",
                  "timedOut": false,
                  "duration": 22,
                  "state": "passed",
                  "speed": "fast",
                  "pass": true,
                  "fail": false,
                  "pending": false,
                  "context": null,
                  "code": "var err, res = await chai.request(server)\n  .get('/txs/' + txHash)\nvar data1 = JSON.stringify(res.body)\nasync.retry({ times: config.retry_count, interval: config.timeout }, function (callbackretry) {\n  if ((data1.indexOf('error') != -1)) {\n    callbackretry('failed')\n  } else {\n    //continue\n  }\n}, function (err, response) {\n  if (err) {\n    //do nothing\n  } else {\n    expect(res.body.raw_log).to.not.contain('failed')\n    expect(res.body).to.not.contain('error')\n  }\n})",
                  "err": {},
                  "uuid": "10ed8f4c-305d-42b3-aac6-df769af8861e",
                  "parentUUID": "e6add1e2-951a-4d7e-bd68-489069deb3c6",
                  "isHook": false,
                  "skipped": false
                },
                {
                  "title": "Query Classification: ",
                  "fullTitle": "Identity Issue Identity 3 Query Classification: ",
                  "timedOut": false,
                  "duration": 12,
                  "state": "passed",
                  "speed": "fast",
                  "pass": true,
                  "fail": false,
                  "pending": false,
                  "context": null,
                  "code": "var err, res = await chai.request(server)\n        .get(config.qClassification)\n      var list = res.body.result.value.classifications.value.list\n      list.forEach(function (value) {\n        if (value.value.immutableTraits.value.properties.value.propertyList[0].value.id.value.idString == \"immutableMetaTraits3\") {\n          data.chainID = value.value.id.value.chainID.value.idString\n          data.clshashID = value.value.id.value.hashID.value.idString\n        }\n      });",
                  "err": {},
                  "uuid": "0b72b3c6-cd51-4a33-949d-797a8b930dd7",
                  "parentUUID": "e6add1e2-951a-4d7e-bd68-489069deb3c6",
                  "isHook": false,
                  "skipped": false
                },
                {
                  "title": "Issue Identity 3: ",
                  "fullTitle": "Identity Issue Identity 3 Issue Identity 3: ",
                  "timedOut": false,
                  "duration": 44,
                  "state": "passed",
                  "speed": "medium",
                  "pass": true,
                  "fail": false,
                  "pending": false,
                  "context": null,
                  "code": "var num = helper.generateRandomInteger(0, 10000)\n      let obj = {\n        \"type\": config.issuedentityType,\n        \"value\": {\n          \"baseReq\": {\n            \"from\": config.testAccountAddress,\n            \"chain_id\": config.chain_id\n          },\n          \"to\": config.testAccountAddress,\n          \"fromID\": data.clasificationID + '|' + data.hashID,\n          \"classificationID\": data.chainID + '.' + data.clshashID,\n          \"mutableProperties\": \"mutableTraits3:S|num1\",\n          \"immutableProperties\": \"immutableTraits3:S|\",\n          \"mutableMetaProperties\": \"mutableMetaTraits3:S|num3\",\n          \"immutableMetaProperties\": \"immutableMetaTraits3:S|num4\"\n        }\n      }\n      var err, res = await chai.request(server)\n        .post(config.issueIdentityPath)\n        .send(obj)\n      res.should.have.status(200);\n      res.body.should.be.a('object');\n      expect(res.body.txhash).to.not.equal(null)\n      expect(res.body.txhash).to.not.equal('')\n      txHash = res.body.txhash",
                  "err": {},
                  "uuid": "863a0895-413a-4c7c-9f6f-62933339b2d8",
                  "parentUUID": "e6add1e2-951a-4d7e-bd68-489069deb3c6",
                  "isHook": false,
                  "skipped": false
                },
                {
                  "title": "Query Tx: ",
                  "fullTitle": "Identity Issue Identity 3 Query Tx: ",
                  "timedOut": false,
                  "duration": 16,
                  "state": "passed",
                  "speed": "fast",
                  "pass": true,
                  "fail": false,
                  "pending": false,
                  "context": null,
                  "code": "var err, res = await chai.request(server)\n  .get('/txs/' + txHash)\nvar data1 = JSON.stringify(res.body)\nasync.retry({ times: config.retry_count, interval: config.timeout }, function (callbackretry) {\n  if ((data1.indexOf('error') != -1)) {\n    callbackretry('failed')\n  } else {\n    //continue\n  }\n}, function (err, response) {\n  if (err) {\n    //do nothing\n  } else {\n    expect(res.body.raw_log).to.not.contain('failed')\n    expect(res.body).to.not.contain('error')\n  }\n})",
                  "err": {},
                  "uuid": "e07afafa-2425-47fd-83df-4843336dbbaf",
                  "parentUUID": "e6add1e2-951a-4d7e-bd68-489069deb3c6",
                  "isHook": false,
                  "skipped": false
                }
              ],
              "suites": [],
              "passes": [
                "e287c555-f26c-42c0-9941-b0d274be279d",
                "8f06c201-132c-477a-8904-41a2982b44c5",
                "10ed8f4c-305d-42b3-aac6-df769af8861e",
                "0b72b3c6-cd51-4a33-949d-797a8b930dd7",
                "863a0895-413a-4c7c-9f6f-62933339b2d8",
                "e07afafa-2425-47fd-83df-4843336dbbaf"
              ],
              "failures": [],
              "pending": [],
              "skipped": [],
              "duration": 151,
              "root": false,
              "rootEmpty": false,
              "_timeout": 2000
            }
          ],
          "passes": [],
          "failures": [],
          "pending": [],
          "skipped": [],
          "duration": 0,
          "root": false,
          "rootEmpty": false,
          "_timeout": 2000
        },
        {
          "uuid": "000e2999-6d4c-4420-8d71-d4eeb2b8db95",
          "title": "Assets",
          "fullFile": "/home/aditimahesh/Documents/Work/Persistence/go/src/github.com/persistenceOne/assetMantle/mocha/test/testCases.js",
          "file": "/test/testCases.js",
          "beforeHooks": [],
          "afterHooks": [],
          "tests": [],
          "suites": [
            {
              "uuid": "cdecd49e-eb43-408d-87ff-8dbbe1008298",
              "title": "Mint Asset",
              "fullFile": "/home/aditimahesh/Documents/Work/Persistence/go/src/github.com/persistenceOne/assetMantle/mocha/test/testCases.js",
              "file": "/test/testCases.js",
              "beforeHooks": [
                {
                  "title": "\"before each\" hook",
                  "fullTitle": "Assets Mint Asset \"before each\" hook",
                  "timedOut": false,
                  "duration": 3004,
                  "state": null,
                  "speed": null,
                  "pass": false,
                  "fail": false,
                  "pending": false,
                  "context": null,
                  "code": "this.timeout(4000)\nsetTimeout(function () {\n  done()\n}, 3000)",
                  "err": {},
                  "uuid": "af915ae1-074c-447b-93e6-37eeb95c8541",
                  "parentUUID": "cdecd49e-eb43-408d-87ff-8dbbe1008298",
                  "isHook": true,
                  "skipped": false
                }
              ],
              "afterHooks": [],
              "tests": [
                {
                  "title": "Query Identity: ",
                  "fullTitle": "Assets Mint Asset Query Identity: ",
                  "timedOut": false,
                  "duration": 11,
                  "state": "passed",
                  "speed": "fast",
                  "pass": true,
                  "fail": false,
                  "pending": false,
                  "context": null,
                  "code": "var err, res = await chai.request(server)\n        .get(config.qIdentity)\n      var list = res.body.result.value.identities.value.list\n      list.forEach(function (value) {\n        if (value.value.immutables.value.properties.value.propertyList[0].value.id.value.idString == \"immutableMetaTraits1\") {\n          data.clasificationID = value.value.id.value.classificationID.value.idString\n          data.hashID = value.value.id.value.hashID.value.idString\n        }\n      });",
                  "err": {},
                  "uuid": "294ddd98-b5b6-4e55-9864-a6589e0b241d",
                  "parentUUID": "cdecd49e-eb43-408d-87ff-8dbbe1008298",
                  "isHook": false,
                  "skipped": false
                },
                {
                  "title": "Define Asset: ",
                  "fullTitle": "Assets Mint Asset Define Asset: ",
                  "timedOut": false,
                  "duration": 47,
                  "state": "passed",
                  "speed": "medium",
                  "pass": true,
                  "fail": false,
                  "pending": false,
                  "context": null,
                  "code": "var num = helper.generateRandomInteger(0, 10000)\n      let obj = {\n        \"type\": config.defineAssetType,\n        \"value\": {\n          \"baseReq\": {\n            \"from\": config.testAccountAddress,\n            \"chain_id\": config.chain_id\n          },\n          \"fromID\": data.clasificationID + '|' + data.hashID,\n          \"mutableTraits\": \"ASSET1:S|num1\" + \",burn:H|1\",\n          \"immutableTraits\": \"ASSET2:S|\",\n          \"mutableMetaTraits\": \"ASSET3:S|num3\",\n          \"immutableMetaTraits\": \"ASSET4:S|num4\"\n        }\n      }\n      var err, res = await chai.request(server)\n        .post(config.defineAssetPath)\n        .send(obj)\n      res.should.have.status(200);\n      res.body.should.be.a('object');\n      expect(res.body.txhash).to.not.equal(null)\n      expect(res.body.txhash).to.not.equal('')\n      txHash = res.body.txhash",
                  "err": {},
                  "uuid": "835b179b-f012-41fb-a148-5ca9f71b64b0",
                  "parentUUID": "cdecd49e-eb43-408d-87ff-8dbbe1008298",
                  "isHook": false,
                  "skipped": false
                },
                {
                  "title": "Query Tx: ",
                  "fullTitle": "Assets Mint Asset Query Tx: ",
                  "timedOut": false,
                  "duration": 29,
                  "state": "passed",
                  "speed": "fast",
                  "pass": true,
                  "fail": false,
                  "pending": false,
                  "context": null,
                  "code": "var err, res = await chai.request(server)\n  .get('/txs/' + txHash)\nvar data1 = JSON.stringify(res.body)\nasync.retry({ times: config.retry_count, interval: config.timeout }, function (callbackretry) {\n  if ((data1.indexOf('error') != -1)) {\n    callbackretry('failed')\n  } else {\n    //continue\n  }\n}, function (err, response) {\n  if (err) {\n   //do nothing\n  } else {\n    expect(res.body.raw_log).to.not.contain('failed')\n    expect(res.body).to.not.contain('error')\n  }\n})",
                  "err": {},
                  "uuid": "596df8b3-d59a-4631-ab52-70c082ac895b",
                  "parentUUID": "cdecd49e-eb43-408d-87ff-8dbbe1008298",
                  "isHook": false,
                  "skipped": false
                },
                {
                  "title": "Query Classification: ",
                  "fullTitle": "Assets Mint Asset Query Classification: ",
                  "timedOut": false,
                  "duration": 13,
                  "state": "passed",
                  "speed": "fast",
                  "pass": true,
                  "fail": false,
                  "pending": false,
                  "context": null,
                  "code": "var err, res = await chai.request(server)\n        .get(config.qClassification)\n      var list = res.body.result.value.classifications.value.list\n      list.forEach(function (value) {\n        if (value.value.immutableTraits.value.properties.value.propertyList[0].value.id.value.idString == \"ASSET4\") {\n          data.chainID = value.value.id.value.chainID.value.idString\n          data.clshashID = value.value.id.value.hashID.value.idString\n        }\n      });",
                  "err": {},
                  "uuid": "269a8fbe-a5cb-446b-bb9c-216ddb4e1161",
                  "parentUUID": "cdecd49e-eb43-408d-87ff-8dbbe1008298",
                  "isHook": false,
                  "skipped": false
                },
                {
                  "title": "Mint Asset: ",
                  "fullTitle": "Assets Mint Asset Mint Asset: ",
                  "timedOut": false,
                  "duration": 41,
                  "state": "passed",
                  "speed": "medium",
                  "pass": true,
                  "fail": false,
                  "pending": false,
                  "context": null,
                  "code": "var num = helper.generateRandomInteger(0, 10000)\n      let obj = {\n        \"type\": config.mintAssetType,\n        \"value\": {\n          \"baseReq\": {\n            \"from\": config.testAccountAddress,\n            \"chain_id\": config.chain_id\n          },\n          \"toID\": data.clasificationID + '|' + data.hashID,\n          \"fromID\": data.clasificationID + '|' + data.hashID,\n          \"classificationID\": data.chainID + '.' + data.clshashID,\n          \"mutableProperties\": \"ASSET1:S|num1\" + \",burn:H|1\",\n          \"immutableProperties\": \"ASSET2:S|num2\",\n          \"mutableMetaProperties\": \"ASSET3:S|num3\",\n          \"immutableMetaProperties\": \"ASSET4:S|num4\"\n        }\n      }\n      var err, res = await chai.request(server)\n        .post(config.mintAssetPath)\n        .send(obj)\n      res.should.have.status(200);\n      res.body.should.be.a('object');\n      expect(res.body.txhash).to.not.equal(null)\n      expect(res.body.txhash).to.not.equal('')\n      txHash = res.body.txhash",
                  "err": {},
                  "uuid": "89323c51-0458-45e6-98c0-a8979556446a",
                  "parentUUID": "cdecd49e-eb43-408d-87ff-8dbbe1008298",
                  "isHook": false,
                  "skipped": false
                },
                {
                  "title": "Query Tx: ",
                  "fullTitle": "Assets Mint Asset Query Tx: ",
                  "timedOut": false,
                  "duration": 6,
                  "state": "passed",
                  "speed": "fast",
                  "pass": true,
                  "fail": false,
                  "pending": false,
                  "context": null,
                  "code": "var err, res = await chai.request(server)\n  .get('/txs/' + txHash)\nvar data1 = JSON.stringify(res.body)\nasync.retry({ times: config.retry_count, interval: config.timeout }, function (callbackretry) {\n  if ((data1.indexOf('error') != -1)) {\n    callbackretry('failed')\n  } else {\n    //continue\n  }\n}, function (err, response) {\n  if (err) {\n    //do nothing\n  } else {\n    expect(res.body.raw_log).to.not.contain('failed')\n    expect(res.body).to.not.contain('error')\n  }\n})",
                  "err": {},
                  "uuid": "8d1e2517-4b53-4e8d-86df-71e274099c42",
                  "parentUUID": "cdecd49e-eb43-408d-87ff-8dbbe1008298",
                  "isHook": false,
                  "skipped": false
                }
              ],
              "suites": [],
              "passes": [
                "294ddd98-b5b6-4e55-9864-a6589e0b241d",
                "835b179b-f012-41fb-a148-5ca9f71b64b0",
                "596df8b3-d59a-4631-ab52-70c082ac895b",
                "269a8fbe-a5cb-446b-bb9c-216ddb4e1161",
                "89323c51-0458-45e6-98c0-a8979556446a",
                "8d1e2517-4b53-4e8d-86df-71e274099c42"
              ],
              "failures": [],
              "pending": [],
              "skipped": [],
              "duration": 147,
              "root": false,
              "rootEmpty": false,
              "_timeout": 2000
            },
            {
              "uuid": "f3fbef85-69cf-49bf-9a6d-9bba529e48d7",
              "title": "Mutate Asset",
              "fullFile": "/home/aditimahesh/Documents/Work/Persistence/go/src/github.com/persistenceOne/assetMantle/mocha/test/testCases.js",
              "file": "/test/testCases.js",
              "beforeHooks": [
                {
                  "title": "\"before each\" hook",
                  "fullTitle": "Assets Mutate Asset \"before each\" hook",
                  "timedOut": false,
                  "duration": 3001,
                  "state": null,
                  "speed": null,
                  "pass": false,
                  "fail": false,
                  "pending": false,
                  "context": null,
                  "code": "this.timeout(4000)\nsetTimeout(function () {\n  done()\n}, 3000)",
                  "err": {},
                  "uuid": "0990b73e-b6c0-4a83-8fa6-eed971c41893",
                  "parentUUID": "f3fbef85-69cf-49bf-9a6d-9bba529e48d7",
                  "isHook": true,
                  "skipped": false
                }
              ],
              "afterHooks": [],
              "tests": [
                {
                  "title": "Query Identity: ",
                  "fullTitle": "Assets Mutate Asset Query Identity: ",
                  "timedOut": false,
                  "duration": 12,
                  "state": "passed",
                  "speed": "fast",
                  "pass": true,
                  "fail": false,
                  "pending": false,
                  "context": null,
                  "code": "var err, res = await chai.request(server)\n        .get(config.qIdentity)\n      var list = res.body.result.value.identities.value.list\n      list.forEach(function (value) {\n        if (value.value.immutables.value.properties.value.propertyList[0].value.id.value.idString == \"immutableMetaTraits1\") {\n          data.iclasificationID = value.value.id.value.classificationID.value.idString\n          data.ihashID = value.value.id.value.hashID.value.idString\n        }\n      });",
                  "err": {},
                  "uuid": "a0249abd-2fd6-455d-b49a-a9708f659991",
                  "parentUUID": "f3fbef85-69cf-49bf-9a6d-9bba529e48d7",
                  "isHook": false,
                  "skipped": false
                },
                {
                  "title": "Query Asset: ",
                  "fullTitle": "Assets Mutate Asset Query Asset: ",
                  "timedOut": false,
                  "duration": 9,
                  "state": "passed",
                  "speed": "fast",
                  "pass": true,
                  "fail": false,
                  "pending": false,
                  "context": null,
                  "code": "var err, res = await chai.request(server)\n        .get(config.qAsset)\n      var list = res.body.result.value.assets.value.list\n      list.forEach(function (value) {\n        if (value.value.immutables.value.properties.value.propertyList[0].value.id.value.idString == \"ASSET4\") {\n          data.aclasificationID = value.value.id.value.classificationID.value.idString\n          data.ahashID = value.value.id.value.hashID.value.idString\n        }\n      });",
                  "err": {},
                  "uuid": "a9d5ef32-06dc-4e87-aab4-6b44ed531520",
                  "parentUUID": "f3fbef85-69cf-49bf-9a6d-9bba529e48d7",
                  "isHook": false,
                  "skipped": false
                },
                {
                  "title": "Mutate Asset: ",
                  "fullTitle": "Assets Mutate Asset Mutate Asset: ",
                  "timedOut": false,
                  "duration": 42,
                  "state": "passed",
                  "speed": "medium",
                  "pass": true,
                  "fail": false,
                  "pending": false,
                  "context": null,
[...]
                  "skipped": false
                },
                {
                  "title": "Query Asset: ",
                  "fullTitle": "Orders Orders (splits) with exchange value other than smallest dec Query Asset: ",
                  "timedOut": false,
                  "duration": 16,
                  "state": "passed",
                  "speed": "fast",
                  "pass": true,
                  "fail": false,
                  "pending": false,
                  "context": null,
                  "code": "var err, res = await chai.request(server)\n        .get(config.qAsset)\n      var list = res.body.result.value.assets.value.list\n      list.forEach(function (value) {\n        if (value.value.immutables.value.properties.value.propertyList[0].value.id.value.idString == \"ASSETS131\") {\n          data.aclasificationID = value.value.id.value.classificationID.value.idString\n          data.ahashID = value.value.id.value.hashID.value.idString\n        }\n      });",
                  "err": {},
                  "uuid": "bfda8965-7274-4fed-9b28-6147baafeb2b",
                  "parentUUID": "3103af14-ef2f-4d72-8c63-9c6e14798dfa",
                  "isHook": false,
                  "skipped": false
                },
                {
                  "title": "Define Order: ",
                  "fullTitle": "Orders Orders (splits) with exchange value other than smallest dec Define Order: ",
                  "timedOut": false,
                  "duration": 40,
                  "state": "passed",
                  "speed": "medium",
                  "pass": true,
                  "fail": false,
                  "pending": false,
                  "context": null,
                  "code": "var num = helper.generateRandomInteger(0, 10000)\n      let obj = {\n        \"type\": config.defineOrderType,\n        \"value\": {\n          \"baseReq\": {\n            \"from\": config.testAccountAddress,\n            \"chain_id\": config.chain_id\n          },\n          \"fromID\": data.clasificationID1 + '|' + data.hashID1,\n          \"mutableTraits\": \"ORDER_MUTABLE211:S|ORDER_CLASSIFICATION_MUTABLE_1\",\n          \"immutableTraits\": \"ORDER_IMMUTABLE222:S|ORDER_CLASSIFICATION_IMMUTABLE_1\",\n          \"mutableMetaTraits\": \"ORDER_MUTABLE_META233:S|ORDER_CLASSIFICATION_MUTABLE_META_1,exchangeRate:D|\" + config.exchangeRate + \",makerOwnableSplit:D|100\" + \",expiry:H|\" + config.expiry + \",makerSplit:D|\" + config.makerownablesplit + \",takerSplit:D|,takerID:S|\",\n          \"immutableMetaTraits\": \"ORDER_IMMUTABLE_META244:S|num4\"\n        }\n      }\n      var err, res = await chai.request(server)\n        .post(config.defineOrderPath)\n        .send(obj)\n      res.should.have.status(200);\n      res.body.should.be.a('object');\n      expect(res.body.txhash).to.not.equal(null)\n      expect(res.body.txhash).to.not.equal('')\n      txHash = res.body.txhash",
                  "err": {},
                  "uuid": "2bb5727b-7d92-41ea-93a1-5520737ab415",
                  "parentUUID": "3103af14-ef2f-4d72-8c63-9c6e14798dfa",
                  "isHook": false,
                  "skipped": false
                },
                {
                  "title": "Query Tx: ",
                  "fullTitle": "Orders Orders (splits) with exchange value other than smallest dec Query Tx: ",
                  "timedOut": false,
                  "duration": 17,
                  "state": "passed",
                  "speed": "fast",
                  "pass": true,
                  "fail": false,
                  "pending": false,
                  "context": null,
                  "code": "var err, res = await chai.request(server)\n  .get('/txs/' + txHash)\nvar data1 = JSON.stringify(res.body)\nasync.retry({ times: config.retry_count, interval: config.timeout }, function (callbackretry) {\n  if ((data1.indexOf('error') != -1)) {\n    callbackretry('failed')\n  } else {\n    //continue\n  }\n}, function (err, response) {\n  if (err) {\n    //do nothing\n  } else {\n    expect(res.body.raw_log).to.not.contain('failed')\n    expect(res.body).to.not.contain('error')\n  }\n})",
                  "err": {},
                  "uuid": "ed95076a-947b-422d-b5ff-22ba229710a7",
                  "parentUUID": "3103af14-ef2f-4d72-8c63-9c6e14798dfa",
                  "isHook": false,
                  "skipped": false
                },
                {
                  "title": "Query Classification: ",
                  "fullTitle": "Orders Orders (splits) with exchange value other than smallest dec Query Classification: ",
                  "timedOut": false,
                  "duration": 38,
                  "state": "passed",
                  "speed": "medium",
                  "pass": true,
                  "fail": false,
                  "pending": false,
                  "context": null,
                  "code": "var err, res = await chai.request(server)\n        .get(config.qClassification)\n      var list = res.body.result.value.classifications.value.list\n      list.forEach(function (value) {\n        if (value.value.immutableTraits.value.properties.value.propertyList[0].value.id.value.idString == \"ORDER_IMMUTABLE_META244\") {\n          data.chainID = value.value.id.value.chainID.value.idString\n          data.clshashID = value.value.id.value.hashID.value.idString\n        }\n      });",
                  "err": {},
                  "uuid": "a9f67aa0-ea5e-4c68-b9ae-e6880552402b",
                  "parentUUID": "3103af14-ef2f-4d72-8c63-9c6e14798dfa",
                  "isHook": false,
                  "skipped": false
                },
                {
                  "title": "Asset Make Order: ",
                  "fullTitle": "Orders Orders (splits) with exchange value other than smallest dec Asset Make Order: ",
                  "timedOut": false,
                  "duration": 43,
                  "state": "passed",
                  "speed": "medium",
                  "pass": true,
                  "fail": false,
                  "pending": false,
                  "context": null,
                  "code": "var num = helper.generateRandomInteger(0, 10000)\n      let obj = {\n        \"type\": config.makeOrderType,\n        \"value\": {\n          \"baseReq\": {\n            \"from\": config.testAccountAddress,\n            \"chain_id\": config.chain_id\n          },\n          \"fromID\": data.clasificationID1 + '|' + data.hashID1,\n          \"classificationID\": data.chainID + '.' + data.clshashID,\n          \"makerOwnableID\": data.aclasificationID + '|' + data.ahashID,\n          \"takerOwnableID\": config.makerownableid,\n          \"expiresIn\": config.expiry,\n          \"makerOwnableSplit\": config.makerownablesplit,\n          \"mutableProperties\": \"ORDER_MUTABLE21:S|ORDER_CLASSIFICATION_MUTABLE_1\",\n          \"immutableProperties\": \"ORDER_IMMUTABLE22:S|ORDER_CLASSIFICATION_IMMUTABLE_1\",\n          \"mutableMetaProperties\": \"ORDER_MUTABLE_META23:S|ORDER_CLASSIFICATION_MUTABLE_META_1,exchangeRate:D|\" + config.exchangeRate + \",makerSplit:D|100\",\n          \"immutableMetaProperties\": \"ORDER_IMMUTABLE_META24:S|num4\"\n        }\n      }\n      var err, res = await chai.request(server)\n        .post(config.makeOrderPath)\n        .send(obj)\n      res.should.have.status(200);\n      res.body.should.be.a('object');\n      expect(res.body.txhash).to.not.equal(null)\n      expect(res.body.txhash).to.not.equal('')\n      txHash = res.body.txhash",
                  "err": {},
                  "uuid": "33ab0a0e-ede7-4c44-9886-c7c78d18fc6d",
                  "parentUUID": "3103af14-ef2f-4d72-8c63-9c6e14798dfa",
                  "isHook": false,
                  "skipped": false
                },
                {
                  "title": "Query Tx: ",
                  "fullTitle": "Orders Orders (splits) with exchange value other than smallest dec Query Tx: ",
                  "timedOut": false,
                  "duration": 23,
                  "state": "passed",
                  "speed": "fast",
                  "pass": true,
                  "fail": false,
                  "pending": false,
                  "context": null,
                  "code": "var err, res = await chai.request(server)\n  .get('/txs/' + txHash)\nvar data1 = JSON.stringify(res.body)\nasync.retry({ times: config.retry_count, interval: config.timeout }, function (callbackretry) {\n  if ((data1.indexOf('error') != -1)) {\n    callbackretry('failed')\n  } else {\n    //continue\n  }\n}, function (err, response) {\n  if (err) {\n    //do nothing\n  } else {\n    expect(res.body.raw_log).to.not.contain('failed')\n    expect(res.body).to.not.contain('error')\n  }\n})",
                  "err": {},
                  "uuid": "32136809-bfed-4aba-8298-aca865d7d79c",
                  "parentUUID": "3103af14-ef2f-4d72-8c63-9c6e14798dfa",
                  "isHook": false,
                  "skipped": false
                }
              ],
              "suites": [],
              "passes": [
                "bac80bd2-74f4-4e24-a259-04f4dad22bfe",
                "813837d1-6abe-4408-aada-3d17d2510440",
                "21270def-da6e-4a59-8a74-e89d5ea8548f",
                "b8e995b5-a834-49b3-b763-3129739afd74",
                "10778e5f-24bc-48f6-8d9f-5aaf96615cb3",
                "5fd1c0a0-e62e-4913-92da-bbb75dc71ace",
                "4e038d9c-7976-4931-a493-3cf2f36e8a91",
                "00a0df91-f623-4da6-bfe3-1181eb61aad4",
                "bfda8965-7274-4fed-9b28-6147baafeb2b",
                "2bb5727b-7d92-41ea-93a1-5520737ab415",
                "ed95076a-947b-422d-b5ff-22ba229710a7",
                "a9f67aa0-ea5e-4c68-b9ae-e6880552402b",
                "33ab0a0e-ede7-4c44-9886-c7c78d18fc6d",
                "32136809-bfed-4aba-8298-aca865d7d79c"
              ],
              "failures": [],
              "pending": [],
              "skipped": [],
              "duration": 330,
              "root": false,
              "rootEmpty": false,
              "_timeout": 2000
            }
          ],
          "passes": [],
          "failures": [],
          "pending": [],
          "skipped": [],
          "duration": 0,
          "root": false,
          "rootEmpty": false,
          "_timeout": 2000
        },
        {
          "uuid": "c1f3d869-4fcb-4b2a-a6f0-60567e4cace5",
          "title": "Maintainer",
          "fullFile": "/home/aditimahesh/Documents/Work/Persistence/go/src/github.com/persistenceOne/assetMantle/mocha/test/testCases.js",
          "file": "/test/testCases.js",
          "beforeHooks": [],
          "afterHooks": [],
          "tests": [],
          "suites": [
            {
              "uuid": "50fbbee1-606b-4704-a571-ff7610149154",
              "title": "Deputize",
              "fullFile": "/home/aditimahesh/Documents/Work/Persistence/go/src/github.com/persistenceOne/assetMantle/mocha/test/testCases.js",
              "file": "/test/testCases.js",
              "beforeHooks": [
                {
                  "title": "\"before each\" hook",
                  "fullTitle": "Maintainer Deputize \"before each\" hook",
                  "timedOut": false,
                  "duration": 3004,
                  "state": null,
                  "speed": null,
                  "pass": false,
                  "fail": false,
                  "pending": false,
                  "context": null,
                  "code": "this.timeout(4000)\nsetTimeout(function () {\n  done()\n}, 3000)",
                  "err": {},
                  "uuid": "8741566a-c6d4-4eed-9e64-16752cc16321",
                  "parentUUID": "50fbbee1-606b-4704-a571-ff7610149154",
                  "isHook": true,
                  "skipped": false
                }
              ],
              "afterHooks": [],
              "tests": [
                {
                  "title": "Query Identity 1: ",
                  "fullTitle": "Maintainer Deputize Query Identity 1: ",
                  "timedOut": false,
                  "duration": 9,
                  "state": "passed",
                  "speed": "fast",
                  "pass": true,
                  "fail": false,
                  "pending": false,
                  "context": null,
                  "code": "var err, res = await chai.request(server)\n        .get(config.qIdentity)\n      var list = res.body.result.value.identities.value.list\n      list.forEach(function (value) {\n        if (value.value.immutables.value.properties.value.propertyList[0].value.id.value.idString == \"immutableMetaTraits1\") {\n          data.clasificationID1 = value.value.id.value.classificationID.value.idString\n          data.hashID1 = value.value.id.value.hashID.value.idString\n        }\n      });",
                  "err": {},
                  "uuid": "79d86889-2e1f-4d60-bc3c-8d9c58a40837",
                  "parentUUID": "50fbbee1-606b-4704-a571-ff7610149154",
                  "isHook": false,
                  "skipped": false
                },
                {
                  "title": "Query Identity 2: ",
                  "fullTitle": "Maintainer Deputize Query Identity 2: ",
                  "timedOut": false,
                  "duration": 12,
                  "state": "passed",
                  "speed": "fast",
                  "pass": true,
                  "fail": false,
                  "pending": false,
                  "context": null,
                  "code": "var err, res = await chai.request(server)\n        .get(config.qIdentity)\n      var list = res.body.result.value.identities.value.list\n      list.forEach(function (value) {\n        if (value.value.immutables.value.properties.value.propertyList[0].value.id.value.idString == \"immutableMetaTraits2\") {\n          data.clasificationID2 = value.value.id.value.classificationID.value.idString\n          data.hashID2 = value.value.id.value.hashID.value.idString\n        }\n      });",
                  "err": {},
                  "uuid": "344b9c8b-4c19-40ba-abd3-507613965fcb",
                  "parentUUID": "50fbbee1-606b-4704-a571-ff7610149154",
                  "isHook": false,
                  "skipped": false
                },
                {
                  "title": "Query Asset: ",
                  "fullTitle": "Maintainer Deputize Query Asset: ",
                  "timedOut": false,
                  "duration": 14,
                  "state": "passed",
                  "speed": "fast",
                  "pass": true,
                  "fail": false,
                  "pending": false,
                  "context": null,
                  "code": "var err, res = await chai.request(server)\n        .get(config.qAsset)\n      var list = res.body.result.value.assets.value.list\n      list.forEach(function (value) {\n        if (value.value.immutables.value.properties.value.propertyList[0].value.id.value.idString == \"ASSET_PD\") {\n          data.aclasificationID = value.value.id.value.classificationID.value.idString\n          data.ahashID = value.value.id.value.hashID.value.idString\n        }\n      });",
                  "err": {},
                  "uuid": "bf7d7f90-f500-453f-bb6e-2bbe30092752",
                  "parentUUID": "50fbbee1-606b-4704-a571-ff7610149154",
                  "isHook": false,
                  "skipped": false
                },
                {
                  "title": "Maintainer Deputize: ",
                  "fullTitle": "Maintainer Deputize Maintainer Deputize: ",
                  "timedOut": false,
                  "duration": 44,
                  "state": "passed",
                  "speed": "medium",
                  "pass": true,
                  "fail": false,
                  "pending": false,
                  "context": null,
                  "code": "var num = helper.generateRandomInteger(0, 10000)\n      let obj = {\n        \"type\": config.deputizeType,\n        \"value\": {\n          \"baseReq\": {\n            \"from\": config.testAccountAddress,\n            \"chain_id\": config.chain_id\n          },\n          \"fromID\": data.clasificationID1 + '|' + data.hashID1,\n          \"toID\": data.clasificationID2 + '|' + data.hashID2,\n          \"classificationID\": data.aclasificationID + '|' + data.ahashID,\n          \"maintainedTraits\": \"maintainerTraits:S|maintainerTraits\",\n          \"addMaintainer\": true,\n          \"removeMaintainer\": false,\n          \"mutateMaintainer\": false\n        }\n      }\n      var err, res = await chai.request(server)\n        .post(config.deputizePath)\n        .send(obj)\n      res.should.have.status(200);\n      res.body.should.be.a('object');\n      expect(res.body.txhash).to.not.equal(null)\n      expect(res.body.txhash).to.not.equal('')\n      txHash = res.body.txhash",
                  "err": {},
                  "uuid": "b5980f3b-ca01-46bc-8772-c500253f6d9d",
                  "parentUUID": "50fbbee1-606b-4704-a571-ff7610149154",
                  "isHook": false,
                  "skipped": false
                },
                {
                  "title": "Query Tx: ",
                  "fullTitle": "Maintainer Deputize Query Tx: ",
                  "timedOut": false,
                  "duration": 26,
                  "state": "passed",
                  "speed": "fast",
                  "pass": true,
                  "fail": false,
                  "pending": false,
                  "context": null,
                  "code": "var err, res = await chai.request(server)\n  .get('/txs/' + txHash)\nvar data1 = JSON.stringify(res.body)\nasync.retry({ times: config.retry_count, interval: config.timeout }, function (callbackretry) {\n  if ((data1.indexOf('error') != -1)) {\n    callbackretry('failed')\n  } else {\n    //continue\n  }\n}, function (err, response) {\n  if (err) {\n    console.log(\"err: \" + err)\n    console.log(\"response: \" + response)\n    console.log(\"failed to send txHash query\")\n    expect(res.body.raw_log).to.not.contain('failed')\n    expect(res.body).to.not.contain('error')\n  } else {\n    expect(res.body.raw_log).to.not.contain('failed')\n    expect(res.body).to.not.contain('error')\n  }\n})",
                  "err": {},
                  "uuid": "954616e3-51ae-4d8b-899f-50a315498cce",
                  "parentUUID": "50fbbee1-606b-4704-a571-ff7610149154",
                  "isHook": false,
                  "skipped": false
                }
              ],
              "suites": [],
              "passes": [
                "79d86889-2e1f-4d60-bc3c-8d9c58a40837",
                "344b9c8b-4c19-40ba-abd3-507613965fcb",
                "bf7d7f90-f500-453f-bb6e-2bbe30092752",
                "b5980f3b-ca01-46bc-8772-c500253f6d9d",
                "954616e3-51ae-4d8b-899f-50a315498cce"
              ],
              "failures": [],
              "pending": [],
              "skipped": [],
              "duration": 105,
              "root": false,
              "rootEmpty": false,
              "_timeout": 2000
            }
          ],
          "passes": [],
          "failures": [],
          "pending": [],
          "skipped": [],
          "duration": 0,
          "root": false,
          "rootEmpty": false,
          "_timeout": 2000
        }
      ],
      "passes": [],
      "failures": [],
      "pending": [],
      "skipped": [],
      "duration": 0,
      "root": true,
      "rootEmpty": true,
      "_timeout": 2000
    }
  ],
  "meta": {
    "mocha": {
      "version": "7.2.0"
    },
    "mochawesome": {
      "options": {
        "quiet": false,
        "reportFilename": "mochawesome",
        "saveHtml": true,
        "saveJson": true,
        "consoleReporter": "spec",
        "useInlineDiffs": false,
        "code": true
      },
      "version": "6.1.1"
    },
    "marge": {
      "options": null,
      "version": "5.1.0"
    }
  }
}