{
  "stats": {
    "suites": 32,
    "tests": 143,
    "passes": 142,
    "pending": 0,
    "failures": 1,
    "start": "2020-09-14T09:29:00.748Z",
    "end": "2020-09-14T09:36:12.725Z",
    "duration": 431977,
    "testsRegistered": 143,
    "passPercent": 99.3006993006993,
    "pendingPercent": 0,
    "other": 0,
    "hasOther": false,
    "skipped": 0,
    "hasSkipped": false
  },
  "results": [
    {
      "uuid": "762265be-e167-489a-8fb6-d03082a65fcb",
      "title": "",
      "fullFile": "",
      "file": "",
      "beforeHooks": [],
      "afterHooks": [],
      "tests": [],
      "suites": [
        {
          "uuid": "933824d3-e46e-494a-8395-47727ee7c06d",
          "title": "Nub Tx",
          "fullFile": "/home/aditimahesh/Documents/Work/Persistence/go/src/github.com/persistenceOne/assetMantle/tests/mocha-awesome/test/keys.js",
          "file": "/test/keys.js",
          "beforeHooks": [
            {
              "title": "\"before each\" hook",
              "fullTitle": "Nub Tx \"before each\" hook",
              "timedOut": false,
              "duration": 3001,
              "state": null,
              "speed": null,
              "pass": false,
              "fail": false,
              "pending": false,
              "context": null,
              "code": "this.timeout(4000)\nsetTimeout(function() {\n  done()\n}, 3000)",
              "err": {},
              "uuid": "5bea37f3-a7fe-4ffa-8175-20e4e9f4c818",
              "parentUUID": "933824d3-e46e-494a-8395-47727ee7c06d",
              "isHook": true,
              "skipped": false
            }
          ],
          "afterHooks": [],
          "tests": [
            {
              "title": "nubTx: ",
              "fullTitle": "Nub Tx nubTx: ",
              "timedOut": false,
              "duration": 54,
              "state": "passed",
              "speed": "medium",
              "pass": true,
              "fail": false,
              "pending": false,
              "context": null,
              "code": "let obj = {\n        \"type\": config.nubType,\n         \"value\": {\n  \"baseReq\": {\n    \"from\": config.testAccountAddress,\n    \"chain_id\": config.chain_id\n  },\n  \"nubID\":config.nubID\n}\n        }\n        \n     \n      var err,res = await chai.request(server)\n      .post(config.nubPath)\n      .send(obj)\n  \n      res.should.have.status(200);\n      res.body.should.be.a('object');\n      expect(res.body.txhash).to.not.equal(null)\n      expect(res.body.txhash).to.not.equal('')\n\n      txHash = res.body.txhash",
              "err": {},
              "uuid": "7a5f518d-47f8-479a-bbac-7eda034cc786",
              "parentUUID": "933824d3-e46e-494a-8395-47727ee7c06d",
              "isHook": false,
              "skipped": false
            },
            {
              "title": "Query nubTx: ",
              "fullTitle": "Nub Tx Query nubTx: ",
              "timedOut": false,
              "duration": 4,
              "state": "passed",
              "speed": "fast",
              "pass": true,
              "fail": false,
              "pending": false,
              "context": null,
              "code": "async.retry({ times:config.retry_count, interval:config.timeout}, async function (callbackretry){\n      var err,res = await chai.request(server)\n     .get('/txs/'+txHash) \n     var data1 = res.body    \n      if((data1.indexOf('error') != -1) || (data1.indexOf('failed') != -1)){\n        console.log(\"RETRY\")\n        callbackretry('failed')\n      }else{\n        callbackretry(null, 'true ')\n      }\n    }, function(err, response){\n      if(err){\n        console.log(\"failed to send txHash query\")\n      }else{\n        console.log(\"send txHash query successfull\")\n        expect(res.body.raw_log).to.not.contain('failed')\n        expect(res.body).to.not.contain('error') \n      }\n    })\n    console.log(\"txHash: \" + txHash)",
              "err": {},
              "uuid": "54dd9995-1d7b-44b6-af0a-c50b1620d2dc",
              "parentUUID": "933824d3-e46e-494a-8395-47727ee7c06d",
              "isHook": false,
              "skipped": false
            }
          ],
          "suites": [],
          "passes": [
            "7a5f518d-47f8-479a-bbac-7eda034cc786",
            "54dd9995-1d7b-44b6-af0a-c50b1620d2dc"
          ],
          "failures": [],
          "pending": [],
          "skipped": [],
          "duration": 58,
          "root": false,
          "rootEmpty": false,
          "_timeout": 2000
        },
        {
          "uuid": "bed329a8-c8dd-42a2-ae58-f5ef8d5fe83d",
          "title": "Identity",
          "fullFile": "/home/aditimahesh/Documents/Work/Persistence/go/src/github.com/persistenceOne/assetMantle/tests/mocha-awesome/test/keys.js",
          "file": "/test/keys.js",
          "beforeHooks": [],
          "afterHooks": [],
          "tests": [],
          "suites": [
            {
              "uuid": "934046e7-2a66-4260-b611-6d5ba13dfff7",
              "title": "Issue Identity 1",
              "fullFile": "/home/aditimahesh/Documents/Work/Persistence/go/src/github.com/persistenceOne/assetMantle/tests/mocha-awesome/test/keys.js",
              "file": "/test/keys.js",
              "beforeHooks": [
                {
                  "title": "\"before each\" hook",
                  "fullTitle": "Identity Issue Identity 1 \"before each\" hook",
                  "timedOut": false,
                  "duration": 3001,
                  "state": null,
                  "speed": null,
                  "pass": false,
                  "fail": false,
                  "pending": false,
                  "context": null,
                  "code": "this.timeout(4000)\nsetTimeout(function() {\n  done()\n}, 3000)",
                  "err": {},
                  "uuid": "27e06dde-123f-434c-9cc9-d291fe1144d1",
                  "parentUUID": "934046e7-2a66-4260-b611-6d5ba13dfff7",
                  "isHook": true,
                  "skipped": false
                }
              ],
              "afterHooks": [],
              "tests": [
                {
                  "title": "Query Identity: ",
                  "fullTitle": "Identity Issue Identity 1 Query Identity: ",
                  "timedOut": false,
                  "duration": 6,
                  "state": "passed",
                  "speed": "fast",
                  "pass": true,
                  "fail": false,
                  "pending": false,
                  "context": null,
                  "code": "var err,res = await chai.request(server)\n      .get(config.qIdentity)\n  \n      var list = res.body.result.value.identities.value.list\n      list.forEach(function(value){\n    \n if(value.value.immutables.value.properties.value.propertyList[0].value.id.value.idString == config.nubID){\n   data.clasificationID = value.value.id.value.classificationID.value.idString\n   data.hashID = value.value.id.value.hashID.value.idString\n    \n }\n      \n      });",
                  "err": {},
                  "uuid": "1e77a1ff-b122-4616-ba64-497e0e99b7e0",
                  "parentUUID": "934046e7-2a66-4260-b611-6d5ba13dfff7",
                  "isHook": false,
                  "skipped": false
                },
                {
                  "title": "Define Identity: ",
                  "fullTitle": "Identity Issue Identity 1 Define Identity: ",
                  "timedOut": false,
                  "duration": 64,
                  "state": "passed",
                  "speed": "medium",
                  "pass": true,
                  "fail": false,
                  "pending": false,
                  "context": null,
                  "code": "var num = helper.generateRandomInteger(0,10000)\n   \n   let obj = {\n     \"type\": config.defineIdentityType,\n      \"value\": {\n         \"baseReq\": {\n           \"from\": config.testAccountAddress,\n           \"chain_id\": config.chain_id\n         },\n         \"fromID\": data.clasificationID + '|' + data.hashID,\n         \"mutableTraits\":\"mutableTraits1:S|num1\" + num,\n         \"immutableTraits\":\"immutableTraits1:S|\",\n         \"mutableMetaTraits\": \"mutableMetaTraits1:S|num3\" + num,\n         \"immutableMetaTraits\": \"immutableMetaTraits1:S|num4\" + num\n       }\n     }\n     \n    \n   var err,res = await chai.request(server)\n   .post(config.defineIdentityPath)\n   .send(obj)\n  \n   res.should.have.status(200);\n   res.body.should.be.a('object');\n   expect(res.body.txhash).to.not.equal(null)\n   expect(res.body.txhash).to.not.equal('')\n  \n   txHash = res.body.txhash",
                  "err": {},
                  "uuid": "17c79401-7d78-4c12-8930-68862da6af43",
                  "parentUUID": "934046e7-2a66-4260-b611-6d5ba13dfff7",
                  "isHook": false,
                  "skipped": false
                },
                {
                  "title": "Query Tx: ",
                  "fullTitle": "Identity Issue Identity 1 Query Tx: ",
                  "timedOut": false,
                  "duration": 2,
                  "state": "passed",
                  "speed": "fast",
                  "pass": true,
                  "fail": false,
                  "pending": false,
                  "context": null,
                  "code": "async.retry({ times:config.retry_count, interval:config.timeout}, async function (callbackretry){\n  var err,res = await chai.request(server)\n .get('/txs/'+txHash) \n var data1 = res.body    \n  if((data1.indexOf('error') != -1) || (data1.indexOf('failed') != -1)){\n    console.log(\"RETRY\")\n    callbackretry('failed')\n  }else{\n    callbackretry(null, 'true ')\n  }\n}, function(err, response){\n  if(err){\n    console.log(\"failed to send txHash query\")\n  }else{\n    console.log(\"send txHash query successfull\")\n    expect(res.body.raw_log).to.not.contain('failed')\n    expect(res.body).to.not.contain('error') \n  }\n})\nconsole.log(\"txHash: \" + txHash)",
                  "err": {},
                  "uuid": "5b0128fb-01fc-4ca7-8189-c6e06bd91e3a",
                  "parentUUID": "934046e7-2a66-4260-b611-6d5ba13dfff7",
                  "isHook": false,
                  "skipped": false
                },
                {
                  "title": "Query Classification: ",
                  "fullTitle": "Identity Issue Identity 1 Query Classification: ",
                  "timedOut": false,
                  "duration": 11,
                  "state": "passed",
                  "speed": "fast",
                  "pass": true,
                  "fail": false,
                  "pending": false,
                  "context": null,
                  "code": "var err,res = await chai.request(server)\n      .get(config.qClassification)\n  \n      var list = res.body.result.value.classifications.value.list\n      list.forEach(function(value){\n \nif(value.value.immutableTraits.value.properties.value.propertyList[0].value.id.value.idString == \"immutableMetaTraits1\"){\n  data.chainID = value.value.id.value.chainID.value.idString\n  data.clshashID = value.value.id.value.hashID.value.idString\n   }\n\n      });",
                  "err": {},
                  "uuid": "f6e5b8bc-8398-493b-9e01-e441a2c97706",
                  "parentUUID": "934046e7-2a66-4260-b611-6d5ba13dfff7",
                  "isHook": false,
                  "skipped": false
                },
                {
                  "title": "Issue Identity: ",
                  "fullTitle": "Identity Issue Identity 1 Issue Identity: ",
                  "timedOut": false,
                  "duration": 33,
                  "state": "passed",
                  "speed": "fast",
                  "pass": true,
                  "fail": false,
                  "pending": false,
                  "context": null,
                  "code": "var num = helper.generateRandomInteger(0,10000)\n \n let obj = {\n   \"type\": config.issuedentityType,\n    \"value\": {\n       \"baseReq\": {\n         \"from\": config.testAccountAddress,\n         \"chain_id\": config.chain_id\n       },\n       \"to\": config.testAccountAddress,\n       \"fromID\": data.clasificationID + '|' + data.hashID,\n       \"classificationID\": data.chainID + '.' + data.clshashID,\n       \"mutableProperties\": \"mutableTraits1:S|num1\" + num,\n       \"immutableProperties\": \"immutableTraits1:S|\",\n       \"mutableMetaProperties\": \"mutableMetaTraits1:S|num3\" + num,\n       \"immutableMetaProperties\": \"immutableMetaTraits1:S|num4\" + num    \n     }\n   }   \n   \n  \n var err,res = await chai.request(server)\n .post(config.issueIdentityPath)\n .send(obj)\n  \n res.should.have.status(200);\n res.body.should.be.a('object');\n expect(res.body.txhash).to.not.equal(null)\n expect(res.body.txhash).to.not.equal('')\n  \n txHash = res.body.txhash",
                  "err": {},
                  "uuid": "484b856f-8e8e-48c1-a157-ad150cc68228",
                  "parentUUID": "934046e7-2a66-4260-b611-6d5ba13dfff7",
                  "isHook": false,
                  "skipped": false
                },
                {
                  "title": "Query Tx: ",
                  "fullTitle": "Identity Issue Identity 1 Query Tx: ",
                  "timedOut": false,
                  "duration": 4,
                  "state": "passed",
                  "speed": "fast",
                  "pass": true,
                  "fail": false,
                  "pending": false,
                  "context": null,
                  "code": "async.retry({ times:config.retry_count, interval:config.timeout}, async function (callbackretry){\n  var err,res = await chai.request(server)\n .get('/txs/'+txHash) \n var data1 = res.body    \n  if((data1.indexOf('error') != -1) || (data1.indexOf('failed') != -1)){\n    console.log(\"RETRY\")\n    callbackretry('failed')\n  }else{\n    callbackretry(null, 'true ')\n  }\n}, function(err, response){\n  if(err){\n    console.log(\"failed to send txHash query\")\n  }else{\n    console.log(\"send txHash query successfull\")\n    expect(res.body.raw_log).to.not.contain('failed')\n    expect(res.body).to.not.contain('error') \n  }\n})\nconsole.log(\"txHash: \" + txHash)",
                  "err": {},
                  "uuid": "a3cdb5a9-cc3c-49e9-b18c-fa4606b289dc",
                  "parentUUID": "934046e7-2a66-4260-b611-6d5ba13dfff7",
                  "isHook": false,
                  "skipped": false
                }
              ],
              "suites": [],
              "passes": [
                "1e77a1ff-b122-4616-ba64-497e0e99b7e0",
                "17c79401-7d78-4c12-8930-68862da6af43",
                "5b0128fb-01fc-4ca7-8189-c6e06bd91e3a",
                "f6e5b8bc-8398-493b-9e01-e441a2c97706",
                "484b856f-8e8e-48c1-a157-ad150cc68228",
                "a3cdb5a9-cc3c-49e9-b18c-fa4606b289dc"
              ],
              "failures": [],
              "pending": [],
              "skipped": [],
              "duration": 120,
              "root": false,
              "rootEmpty": false,
              "_timeout": 2000
            },
            {
              "uuid": "ab6e88ac-6943-45f6-91ce-628e3435d62c",
              "title": "Provision Key",
              "fullFile": "/home/aditimahesh/Documents/Work/Persistence/go/src/github.com/persistenceOne/assetMantle/tests/mocha-awesome/test/keys.js",
              "file": "/test/keys.js",
              "beforeHooks": [
                {
                  "title": "\"before each\" hook",
                  "fullTitle": "Identity Provision Key \"before each\" hook",
                  "timedOut": false,
                  "duration": 3000,
                  "state": null,
                  "speed": null,
                  "pass": false,
                  "fail": false,
                  "pending": false,
                  "context": null,
                  "code": "this.timeout(4000)\nsetTimeout(function() {\n  done()\n}, 3000)",
                  "err": {},
                  "uuid": "6625c93f-0ef6-4ef1-a027-2a39551a676b",
                  "parentUUID": "ab6e88ac-6943-45f6-91ce-628e3435d62c",
                  "isHook": true,
                  "skipped": false
                }
              ],
              "afterHooks": [],
              "tests": [
                {
                  "title": "Query Identity: ",
                  "fullTitle": "Identity Provision Key Query Identity: ",
                  "timedOut": false,
                  "duration": 9,
                  "state": "passed",
                  "speed": "fast",
                  "pass": true,
                  "fail": false,
                  "pending": false,
                  "context": null,
                  "code": "var err,res = await chai.request(server)\n      .get(config.qIdentity)\n  \n      var list = res.body.result.value.identities.value.list\n      list.forEach(function(value){\n    \n if(value.value.immutables.value.properties.value.propertyList[0].value.id.value.idString == config.nubID){\n   data.clasificationID = value.value.id.value.classificationID.value.idString\n   data.hashID = value.value.id.value.hashID.value.idString\n    \n }\n      \n      });",
                  "err": {},
                  "uuid": "b421a3db-50a4-4574-802e-d6df49687aa3",
                  "parentUUID": "ab6e88ac-6943-45f6-91ce-628e3435d62c",
                  "isHook": false,
                  "skipped": false
                },
                {
                  "title": "Provision Key: ",
                  "fullTitle": "Identity Provision Key Provision Key: ",
                  "timedOut": false,
                  "duration": 46,
                  "state": "passed",
                  "speed": "medium",
                  "pass": true,
                  "fail": false,
                  "pending": false,
                  "context": null,
                  "code": "let obj = {\n     \"type\": config.provisionKeyType,\n      \"value\": {\n         \"baseReq\": {\n           \"from\": config.testAccountAddress,\n           \"chain_id\": config.chain_id\n         },\n         \"to\": names1.address,\n         \"identityID\":data.clasificationID + '|' + data.hashID\n       }\n     }\n     \n    \n   var err,res = await chai.request(server)\n   .post(config.provisionKeyPath)\n   .send(obj)\n  \n   res.should.have.status(200);\n   res.body.should.be.a('object');\n   expect(res.body.txhash).to.not.equal(null)\n   expect(res.body.txhash).to.not.equal('')\n  \n   txHash = res.body.txhash",
                  "err": {},
                  "uuid": "9d8d0ec3-8509-4d20-bd4d-4804bd1e4439",
                  "parentUUID": "ab6e88ac-6943-45f6-91ce-628e3435d62c",
                  "isHook": false,
                  "skipped": false
                },
                {
                  "title": "Query Tx: ",
                  "fullTitle": "Identity Provision Key Query Tx: ",
                  "timedOut": false,
                  "duration": 2,
                  "state": "passed",
                  "speed": "fast",
                  "pass": true,
                  "fail": false,
                  "pending": false,
                  "context": null,
                  "code": "async.retry({ times:config.retry_count, interval:config.timeout}, async function (callbackretry){\n  var err,res = await chai.request(server)\n .get('/txs/'+txHash) \n var data1 = res.body    \n  if((data1.indexOf('error') != -1) || (data1.indexOf('failed') != -1)){\n    console.log(\"RETRY\")\n    callbackretry('failed')\n  }else{\n    callbackretry(null, 'true ')\n  }\n}, function(err, response){\n  if(err){\n    console.log(\"failed to send txHash query\")\n  }else{\n    console.log(\"send txHash query successfull\")\n    expect(res.body.raw_log).to.not.contain('failed')\n    expect(res.body).to.not.contain('error') \n  }\n})\nconsole.log(\"txHash: \" + txHash)",
                  "err": {},
                  "uuid": "09aec725-1109-45ba-a036-66e06cd051c0",
                  "parentUUID": "ab6e88ac-6943-45f6-91ce-628e3435d62c",
                  "isHook": false,
                  "skipped": false
                }
              ],
              "suites": [],
              "passes": [
                "b421a3db-50a4-4574-802e-d6df49687aa3",
                "9d8d0ec3-8509-4d20-bd4d-4804bd1e4439",
                "09aec725-1109-45ba-a036-66e06cd051c0"
              ],
              "failures": [],
              "pending": [],
              "skipped": [],
              "duration": 57,
              "root": false,
              "rootEmpty": false,
              "_timeout": 2000
            },
            {
              "uuid": "eb7c0e5f-2a1d-42b6-9ad4-e88b1ddec1e8",
              "title": "Unprovision Key",
              "fullFile": "/home/aditimahesh/Documents/Work/Persistence/go/src/github.com/persistenceOne/assetMantle/tests/mocha-awesome/test/keys.js",
              "file": "/test/keys.js",
              "beforeHooks": [
                {
                  "title": "\"before each\" hook",
                  "fullTitle": "Identity Unprovision Key \"before each\" hook",
                  "timedOut": false,
                  "duration": 3000,
                  "state": null,
                  "speed": null,
                  "pass": false,
                  "fail": false,
                  "pending": false,
                  "context": null,
                  "code": "this.timeout(4000)\nsetTimeout(function() {\n  done()\n}, 3000)",
                  "err": {},
                  "uuid": "e3a1e512-fd0b-484a-9160-0af05de9fce9",
                  "parentUUID": "eb7c0e5f-2a1d-42b6-9ad4-e88b1ddec1e8",
                  "isHook": true,
                  "skipped": false
                }
              ],
              "afterHooks": [],
              "tests": [
                {
                  "title": "Query Identity: ",
                  "fullTitle": "Identity Unprovision Key Query Identity: ",
                  "timedOut": false,
                  "duration": 13,
                  "state": "passed",
                  "speed": "fast",
                  "pass": true,
                  "fail": false,
                  "pending": false,
                  "context": null,
                  "code": "var err,res = await chai.request(server)\n      .get(config.qIdentity)\n  \n      var list = res.body.result.value.identities.value.list\n      list.forEach(function(value){\n    \n if(value.value.immutables.value.properties.value.propertyList[0].value.id.value.idString == config.nubID){\n   data.clasificationID = value.value.id.value.classificationID.value.idString\n   data.hashID = value.value.id.value.hashID.value.idString\n    \n }\n      \n      });",
                  "err": {},
                  "uuid": "690df64f-8109-4dc8-bee9-e97e032443b3",
                  "parentUUID": "eb7c0e5f-2a1d-42b6-9ad4-e88b1ddec1e8",
                  "isHook": false,
                  "skipped": false
                },
                {
                  "title": "Unprovision Key: ",
                  "fullTitle": "Identity Unprovision Key Unprovision Key: ",
                  "timedOut": false,
                  "duration": 24,
                  "state": "passed",
                  "speed": "fast",
                  "pass": true,
                  "fail": false,
                  "pending": false,
                  "context": null,
                  "code": "let obj = {\n     \"type\": config.unprovisionKeyType,\n      \"value\": {\n         \"baseReq\": {\n           \"from\": config.testAccountAddress,\n           \"chain_id\": config.chain_id\n         },\n         \"to\": names1.address,\n         \"identityID\":data.clasificationID + '|' + data.hashID\n       }\n     }\n     \n    \n   var err,res = await chai.request(server)\n   .post(config.unprovisionKeyPath)\n   .send(obj)\n  \n   res.should.have.status(200);\n   res.body.should.be.a('object');\n   expect(res.body.txhash).to.not.equal(null)\n   expect(res.body.txhash).to.not.equal('')\n  \n   txHash = res.body.txhash",
                  "err": {},
                  "uuid": "c5a52d48-33a9-4f1b-bb2f-4a02ed3f116d",
                  "parentUUID": "eb7c0e5f-2a1d-42b6-9ad4-e88b1ddec1e8",
                  "isHook": false,
                  "skipped": false
                },
                {
                  "title": "Query Tx: ",
                  "fullTitle": "Identity Unprovision Key Query Tx: ",
                  "timedOut": false,
                  "duration": 2,
                  "state": "passed",
                  "speed": "fast",
                  "pass": true,
                  "fail": false,
                  "pending": false,
                  "context": null,
                  "code": "async.retry({ times:config.retry_count, interval:config.timeout}, async function (callbackretry){\n  var err,res = await chai.request(server)\n .get('/txs/'+txHash) \n var data1 = res.body    \n  if((data1.indexOf('error') != -1) || (data1.indexOf('failed') != -1)){\n    console.log(\"RETRY\")\n    callbackretry('failed')\n  }else{\n    callbackretry(null, 'true ')\n  }\n}, function(err, response){\n  if(err){\n    console.log(\"failed to send txHash query\")\n  }else{\n    console.log(\"send txHash query successfull\")\n    expect(res.body.raw_log).to.not.contain('failed')\n    expect(res.body).to.not.contain('error') \n  }\n})\nconsole.log(\"txHash: \" + txHash)",
                  "err": {},
                  "uuid": "fac12afc-146c-4678-bb61-d3cf951f2aa6",
                  "parentUUID": "eb7c0e5f-2a1d-42b6-9ad4-e88b1ddec1e8",
                  "isHook": false,
                  "skipped": false
                }
              ],
              "suites": [],
              "passes": [
                "690df64f-8109-4dc8-bee9-e97e032443b3",
                "c5a52d48-33a9-4f1b-bb2f-4a02ed3f116d",
                "fac12afc-146c-4678-bb61-d3cf951f2aa6"
              ],
              "failures": [],
              "pending": [],
              "skipped": [],
              "duration": 39,
              "root": false,
              "rootEmpty": false,
              "_timeout": 2000
            },
            {
              "uuid": "29b12a7a-aa3e-4b12-a57c-6f08e1349986",
              "title": "Provision an unprovision Key",
              "fullFile": "/home/aditimahesh/Documents/Work/Persistence/go/src/github.com/persistenceOne/assetMantle/tests/mocha-awesome/test/keys.js",
              "file": "/test/keys.js",
              "beforeHooks": [
                {
                  "title": "\"before each\" hook",
                  "fullTitle": "Identity Provision an unprovision Key \"before each\" hook",
                  "timedOut": false,
                  "duration": 3001,
                  "state": null,
                  "speed": null,
                  "pass": false,
                  "fail": false,
                  "pending": false,
                  "context": null,
                  "code": "this.timeout(4000)\nsetTimeout(function() {\n  done()\n}, 3000)",
                  "err": {},
                  "uuid": "c044a972-6cc2-44fd-9c18-634e490268bd",
                  "parentUUID": "29b12a7a-aa3e-4b12-a57c-6f08e1349986",
                  "isHook": true,
                  "skipped": false
                }
              ],
              "afterHooks": [],
              "tests": [
                {
                  "title": "Query Identity: ",
                  "fullTitle": "Identity Provision an unprovision Key Query Identity: ",
                  "timedOut": false,
                  "duration": 9,
                  "state": "passed",
                  "speed": "fast",
                  "pass": true,
                  "fail": false,
                  "pending": false,
                  "context": null,
                  "code": "var err,res = await chai.request(server)\n      .get(config.qIdentity)\n  \n      var list = res.body.result.value.identities.value.list\n      list.forEach(function(value){\n    \n if(value.value.immutables.value.properties.value.propertyList[0].value.id.value.idString == config.nubID){\n   data.clasificationID = value.value.id.value.classificationID.value.idString\n   data.hashID = value.value.id.value.hashID.value.idString\n    \n }\n      \n      });",
                  "err": {},
                  "uuid": "98aeaff2-2aa5-4cc4-8648-b39f5d012771",
                  "parentUUID": "29b12a7a-aa3e-4b12-a57c-6f08e1349986",
                  "isHook": false,
                  "skipped": false
                },
                {
                  "title": "Provision an unprovision Key: ",
                  "fullTitle": "Identity Provision an unprovision Key Provision an unprovision Key: ",
                  "timedOut": false,
                  "duration": 49,
                  "state": "passed",
                  "speed": "medium",
                  "pass": true,
                  "fail": false,
                  "pending": false,
                  "context": null,
                  "code": "let obj = {\n     \"type\": config.provisionKeyType,\n      \"value\": {\n         \"baseReq\": {\n           \"from\": config.testAccountAddress,\n           \"chain_id\": config.chain_id\n         },\n         \"to\": names1.address,\n         \"identityID\":data.clasificationID + '|' + data.hashID\n       }\n     }\n     \n    \n   var err,res = await chai.request(server)\n   .post(config.provisionKeyPath)\n   .send(obj)\n  \n   res.should.have.status(200);\n   res.body.should.be.a('object');\n   expect(res.body.txhash).to.not.equal(null)\n   expect(res.body.txhash).to.not.equal('')\n  \n   txHash = res.body.txhash",
                  "err": {},
                  "uuid": "9a2d557c-9553-46cc-b474-8ea92fa40d46",
                  "parentUUID": "29b12a7a-aa3e-4b12-a57c-6f08e1349986",
                  "isHook": false,
                  "skipped": false
                },
                {
                  "title": "Query Tx: ",
                  "fullTitle": "Identity Provision an unprovision Key Query Tx: ",
                  "timedOut": false,
                  "duration": 1,
                  "state": "passed",
                  "speed": "fast",
                  "pass": true,
                  "fail": false,
                  "pending": false,
                  "context": null,
                  "code": "async.retry({ times:config.retry_count, interval:config.timeout}, async function (callbackretry){\n  var err,res = await chai.request(server)\n .get('/txs/'+txHash) \n var data1 = res.body    \n  if((data1.indexOf('error') != -1) || (data1.indexOf('failed') != -1)){\n    console.log(\"RETRY\")\n    callbackretry('failed')\n  }else{\n    callbackretry(null, 'true ')\n  }\n}, function(err, response){\n  if(err){\n    console.log(\"failed to send txHash query\")\n  }else{\n    console.log(\"send txHash query successfull\")\n    expect(res.body.raw_log).to.not.contain('failed')\n    expect(res.body).to.not.contain('error') \n  }\n})\nconsole.log(\"txHash: \" + txHash)",
                  "err": {},
                  "uuid": "7ec6b4e5-2e16-4548-87f4-2e8e945e9bdd",
                  "parentUUID": "29b12a7a-aa3e-4b12-a57c-6f08e1349986",
                  "isHook": false,
                  "skipped": false
                }
              ],
              "suites": [],
              "passes": [
                "98aeaff2-2aa5-4cc4-8648-b39f5d012771",
                "9a2d557c-9553-46cc-b474-8ea92fa40d46",
                "7ec6b4e5-2e16-4548-87f4-2e8e945e9bdd"
              ],
              "failures": [],
              "pending": [],
              "skipped": [],
              "duration": 59,
              "root": false,
              "rootEmpty": false,
              "_timeout": 2000
            },
            {
              "uuid": "f65969dd-46ab-4e4b-931b-26d6da3bef5b",
              "title": "Issue Identity 2",
              "fullFile": "/home/aditimahesh/Documents/Work/Persistence/go/src/github.com/persistenceOne/assetMantle/tests/mocha-awesome/test/keys.js",
              "file": "/test/keys.js",
              "beforeHooks": [
                {
                  "title": "\"before each\" hook",
                  "fullTitle": "Identity Issue Identity 2 \"before each\" hook",
                  "timedOut": false,
                  "duration": 3000,
                  "state": null,
                  "speed": null,
                  "pass": false,
                  "fail": false,
                  "pending": false,
                  "context": null,
                  "code": "this.timeout(4000)\nsetTimeout(function() {\n  done()\n}, 3000)",
                  "err": {},
                  "uuid": "c5f0df77-354a-4c49-8a98-f4076cbe1d42",
                  "parentUUID": "f65969dd-46ab-4e4b-931b-26d6da3bef5b",
                  "isHook": true,
                  "skipped": false
                }
              ],
              "afterHooks": [],
              "tests": [
                {
                  "title": "Query Identity: ",
                  "fullTitle": "Identity Issue Identity 2 Query Identity: ",
                  "timedOut": false,
                  "duration": 8,
                  "state": "passed",
                  "speed": "fast",
                  "pass": true,
                  "fail": false,
                  "pending": false,
                  "context": null,
                  "code": "var err,res = await chai.request(server)\n      .get(config.qIdentity)\n  \n      var list = res.body.result.value.identities.value.list\n      list.forEach(function(value){\n    \n if(value.value.immutables.value.properties.value.propertyList[0].value.id.value.idString == config.nubID){\n   data.clasificationID = value.value.id.value.classificationID.value.idString\n   data.hashID = value.value.id.value.hashID.value.idString\n    \n }\n      \n      });",
                  "err": {},
                  "uuid": "a8cf0cdc-4ae6-4b3b-8502-8de30d03d647",
                  "parentUUID": "f65969dd-46ab-4e4b-931b-26d6da3bef5b",
                  "isHook": false,
                  "skipped": false
                },
                {
                  "title": "Define Identity: ",
                  "fullTitle": "Identity Issue Identity 2 Define Identity: ",
                  "timedOut": false,
                  "duration": 47,
                  "state": "passed",
                  "speed": "medium",
                  "pass": true,
                  "fail": false,
                  "pending": false,
                  "context": null,
                  "code": "var num = helper.generateRandomInteger(0,10000)\n   \n   let obj = {\n     \"type\": config.defineIdentityType,\n      \"value\": {\n         \"baseReq\": {\n           \"from\": config.testAccountAddress,\n           \"chain_id\": config.chain_id\n         },\n         \"fromID\": data.clasificationID + '|' + data.hashID,\n         \"mutableTraits\":\"mutableTraits2:S|num1\" + num,\n         \"immutableTraits\":\"immutableTraits2:S|\",\n         \"mutableMetaTraits\": \"mutableMetaTraits2:S|num3\" + num,\n         \"immutableMetaTraits\": \"immutableMetaTraits2:S|num4\" + num\n       }\n     }\n     \n    \n   var err,res = await chai.request(server)\n   .post(config.defineIdentityPath)\n   .send(obj)\n  \n   res.should.have.status(200);\n   res.body.should.be.a('object');\n   expect(res.body.txhash).to.not.equal(null)\n   expect(res.body.txhash).to.not.equal('')\n  \n   txHash = res.body.txhash",
                  "err": {},
                  "uuid": "3a89895d-184f-4ea7-8069-dbdfe84472d0",
                  "parentUUID": "f65969dd-46ab-4e4b-931b-26d6da3bef5b",
                  "isHook": false,
                  "skipped": false
                },
                {
                  "title": "Query Tx: ",
                  "fullTitle": "Identity Issue Identity 2 Query Tx: ",
                  "timedOut": false,
                  "duration": 1,
                  "state": "passed",
                  "speed": "fast",
                  "pass": true,
                  "fail": false,
                  "pending": false,
                  "context": null,
                  "code": "async.retry({ times:config.retry_count, interval:config.timeout}, async function (callbackretry){\n  var err,res = await chai.request(server)\n .get('/txs/'+txHash) \n var data1 = res.body    \n  if((data1.indexOf('error') != -1) || (data1.indexOf('failed') != -1)){\n    console.log(\"RETRY\")\n    callbackretry('failed')\n  }else{\n    callbackretry(null, 'true ')\n  }\n}, function(err, response){\n  if(err){\n    console.log(\"failed to send txHash query\")\n  }else{\n    console.log(\"send txHash query successfull\")\n    expect(res.body.raw_log).to.not.contain('failed')\n    expect(res.body).to.not.contain('error') \n  }\n})\nconsole.log(\"txHash: \" + txHash)",
                  "err": {},
                  "uuid": "e1209ec7-16f8-4cf6-a4ec-b39b2c4c1275",
                  "parentUUID": "f65969dd-46ab-4e4b-931b-26d6da3bef5b",
                  "isHook": false,
                  "skipped": false
                },
                {
                  "title": "Query Classification: ",
                  "fullTitle": "Identity Issue Identity 2 Query Classification: ",
                  "timedOut": false,
                  "duration": 12,
                  "state": "passed",
                  "speed": "fast",
                  "pass": true,
                  "fail": false,
                  "pending": false,
                  "context": null,
                  "code": "var err,res = await chai.request(server)\n      .get(config.qClassification)\n  \n      var list = res.body.result.value.classifications.value.list\n      list.forEach(function(value){\n \nif(value.value.immutableTraits.value.properties.value.propertyList[0].value.id.value.idString == \"immutableMetaTraits2\"){\n  data.chainID = value.value.id.value.chainID.value.idString\n  data.clshashID = value.value.id.value.hashID.value.idString\n   }\n\n      });",
                  "err": {},
                  "uuid": "a9b4ebb0-e4c7-4d1e-af61-83b20c9b3bbb",
                  "parentUUID": "f65969dd-46ab-4e4b-931b-26d6da3bef5b",
                  "isHook": false,
                  "skipped": false
                },
                {
                  "title": "Issue Identity 2: ",
                  "fullTitle": "Identity Issue Identity 2 Issue Identity 2: ",
                  "timedOut": false,
                  "duration": 40,
                  "state": "passed",
                  "speed": "medium",
                  "pass": true,
                  "fail": false,
                  "pending": false,
                  "context": null,
                  "code": "var num = helper.generateRandomInteger(0,10000)\n \n let obj = {\n   \"type\": config.issuedentityType,\n    \"value\": {\n       \"baseReq\": {\n         \"from\": config.testAccountAddress,\n         \"chain_id\": config.chain_id\n       },\n       \"to\": config.testAccountAddress,\n       \"fromID\": data.clasificationID + '|' + data.hashID,\n       \"classificationID\": data.chainID + '.' + data.clshashID,\n       \"mutableProperties\": \"mutableTraits2:S|num1\" + num,\n       \"immutableProperties\": \"immutableTraits2:S|\",\n       \"mutableMetaProperties\": \"mutableMetaTraits2:S|num3\" + num,\n       \"immutableMetaProperties\": \"immutableMetaTraits2:S|num4\" + num    \n     }\n   }   \n   \n  \n var err,res = await chai.request(server)\n .post(config.issueIdentityPath)\n .send(obj)\n  \n res.should.have.status(200);\n res.body.should.be.a('object');\n expect(res.body.txhash).to.not.equal(null)\n expect(res.body.txhash).to.not.equal('')\n  \n txHash = res.body.txhash",
                  "err": {},
                  "uuid": "455bbe8a-e00a-4f7d-b6ea-f898042067f5",
                  "parentUUID": "f65969dd-46ab-4e4b-931b-26d6da3bef5b",
                  "isHook": false,
                  "skipped": false
                },
                {
                  "title": "Query Tx: ",
                  "fullTitle": "Identity Issue Identity 2 Query Tx: ",
                  "timedOut": false,
                  "duration": 0,
                  "state": "passed",
                  "speed": "fast",
                  "pass": true,
                  "fail": false,
                  "pending": false,
                  "context": null,
                  "code": "async.retry({ times:config.retry_count, interval:config.timeout}, async function (callbackretry){\n  var err,res = await chai.request(server)\n .get('/txs/'+txHash) \n var data1 = res.body    \n  if((data1.indexOf('error') != -1) || (data1.indexOf('failed') != -1)){\n    console.log(\"RETRY\")\n    callbackretry('failed')\n  }else{\n    callbackretry(null, 'true ')\n  }\n}, function(err, response){\n  if(err){\n    console.log(\"failed to send txHash query\")\n  }else{\n    console.log(\"send txHash query successfull\")\n    expect(res.body.raw_log).to.not.contain('failed')\n    expect(res.body).to.not.contain('error') \n  }\n})\nconsole.log(\"txHash: \" + txHash)",
                  "err": {},
                  "uuid": "1fa67b7e-c9d8-42b0-87fc-7cffc982566b",
                  "parentUUID": "f65969dd-46ab-4e4b-931b-26d6da3bef5b",
                  "isHook": false,
                  "skipped": false
                }
              ],
              "suites": [],
              "passes": [
                "a8cf0cdc-4ae6-4b3b-8502-8de30d03d647",
                "3a89895d-184f-4ea7-8069-dbdfe84472d0",
                "e1209ec7-16f8-4cf6-a4ec-b39b2c4c1275",
                "a9b4ebb0-e4c7-4d1e-af61-83b20c9b3bbb",
                "455bbe8a-e00a-4f7d-b6ea-f898042067f5",
                "1fa67b7e-c9d8-42b0-87fc-7cffc982566b"
              ],
              "failures": [],
              "pending": [],
              "skipped": [],
              "duration": 108,
              "root": false,
              "rootEmpty": false,
              "_timeout": 2000
            },
            {
              "uuid": "cd1f9338-33c2-47cf-8f6a-6cb1acf1d107",
              "title": "Issue Identity 3",
              "fullFile": "/home/aditimahesh/Documents/Work/Persistence/go/src/github.com/persistenceOne/assetMantle/tests/mocha-awesome/test/keys.js",
              "file": "/test/keys.js",
              "beforeHooks": [
                {
                  "title": "\"before each\" hook",
                  "fullTitle": "Identity Issue Identity 3 \"before each\" hook",
                  "timedOut": false,
                  "duration": 3001,
                  "state": null,
                  "speed": null,
                  "pass": false,
                  "fail": false,
                  "pending": false,
                  "context": null,
                  "code": "this.timeout(4000)\nsetTimeout(function() {\n  done()\n}, 3000)",
                  "err": {},
                  "uuid": "614c2c80-e435-4a29-b131-e336e32adbe6",
                  "parentUUID": "cd1f9338-33c2-47cf-8f6a-6cb1acf1d107",
                  "isHook": true,
                  "skipped": false
                }
              ],
              "afterHooks": [],
              "tests": [
                {
                  "title": "Query Identity: ",
                  "fullTitle": "Identity Issue Identity 3 Query Identity: ",
                  "timedOut": false,
                  "duration": 10,
                  "state": "passed",
                  "speed": "fast",
                  "pass": true,
                  "fail": false,
                  "pending": false,
                  "context": null,
                  "code": "var err,res = await chai.request(server)\n      .get(config.qIdentity)\n  \n      var list = res.body.result.value.identities.value.list\n      list.forEach(function(value){\n    \n if(value.value.immutables.value.properties.value.propertyList[0].value.id.value.idString == config.nubID){\n   data.clasificationID = value.value.id.value.classificationID.value.idString\n   data.hashID = value.value.id.value.hashID.value.idString\n    \n }\n      \n      });",
                  "err": {},
                  "uuid": "c0a7ca9c-6d37-42b4-8d78-076b2fa00352",
                  "parentUUID": "cd1f9338-33c2-47cf-8f6a-6cb1acf1d107",
                  "isHook": false,
                  "skipped": false
                },
                {
                  "title": "Define Identity: ",
                  "fullTitle": "Identity Issue Identity 3 Define Identity: ",
                  "timedOut": false,
                  "duration": 43,
                  "state": "passed",
                  "speed": "medium",
                  "pass": true,
                  "fail": false,
                  "pending": false,
                  "context": null,
                  "code": "var num = helper.generateRandomInteger(0,10000)\n   \n   let obj = {\n     \"type\": config.defineIdentityType,\n      \"value\": {\n         \"baseReq\": {\n           \"from\": config.testAccountAddress,\n           \"chain_id\": config.chain_id\n         },\n         \"fromID\": data.clasificationID + '|' + data.hashID,\n         \"mutableTraits\":\"mutableTraits3:S|num1\" + num,\n         \"immutableTraits\":\"immutableTraits3:S|\",\n         \"mutableMetaTraits\": \"mutableMetaTraits3:S|num3\" + num,\n         \"immutableMetaTraits\": \"immutableMetaTraits3:S|num4\" + num\n       }\n     }\n     \n    \n   var err,res = await chai.request(server)\n   .post(config.defineIdentityPath)\n   .send(obj)\n  \n   res.should.have.status(200);\n   res.body.should.be.a('object');\n   expect(res.body.txhash).to.not.equal(null)\n   expect(res.body.txhash).to.not.equal('')\n  \n   txHash = res.body.txhash",
                  "err": {},
                  "uuid": "cb51ade9-94f0-43a7-ae9e-ad7520774e12",
                  "parentUUID": "cd1f9338-33c2-47cf-8f6a-6cb1acf1d107",
                  "isHook": false,
                  "skipped": false
                },
                {
                  "title": "Query Tx: ",
                  "fullTitle": "Identity Issue Identity 3 Query Tx: ",
                  "timedOut": false,
                  "duration": 1,
                  "state": "passed",
                  "speed": "fast",
                  "pass": true,
                  "fail": false,
                  "pending": false,
                  "context": null,
                  "code": "async.retry({ times:config.retry_count, interval:config.timeout}, async function (callbackretry){\n  var err,res = await chai.request(server)\n .get('/txs/'+txHash) \n var data1 = res.body    \n  if((data1.indexOf('error') != -1) || (data1.indexOf('failed') != -1)){\n    console.log(\"RETRY\")\n    callbackretry('failed')\n  }else{\n    callbackretry(null, 'true ')\n  }\n}, function(err, response){\n  if(err){\n    console.log(\"failed to send txHash query\")\n  }else{\n    console.log(\"send txHash query successfull\")\n    expect(res.body.raw_log).to.not.contain('failed')\n    expect(res.body).to.not.contain('error') \n  }\n})\nconsole.log(\"txHash: \" + txHash)",
                  "err": {},
                  "uuid": "658dfdbb-f1a8-4da4-b940-4d8b45a4eac7",
                  "parentUUID": "cd1f9338-33c2-47cf-8f6a-6cb1acf1d107",
                  "isHook": false,
                  "skipped": false
                },
                {
                  "title": "Query Classification: ",
                  "fullTitle": "Identity Issue Identity 3 Query Classification: ",
                  "timedOut": false,
                  "duration": 12,
                  "state": "passed",
                  "speed": "fast",
                  "pass": true,
                  "fail": false,
                  "pending": false,
                  "context": null,
                  "code": "var err,res = await chai.request(server)\n      .get(config.qClassification)\n  \n      var list = res.body.result.value.classifications.value.list\n      list.forEach(function(value){\n \nif(value.value.immutableTraits.value.properties.value.propertyList[0].value.id.value.idString == \"immutableMetaTraits3\"){\n  data.chainID = value.value.id.value.chainID.value.idString\n  data.clshashID = value.value.id.value.hashID.value.idString\n   }\n\n      });",
                  "err": {},
                  "uuid": "790da0f5-b848-47a8-bc48-9c9f7c596621",
                  "parentUUID": "cd1f9338-33c2-47cf-8f6a-6cb1acf1d107",
                  "isHook": false,
                  "skipped": false
                },
                {
                  "title": "Issue Identity 3: ",
                  "fullTitle": "Identity Issue Identity 3 Issue Identity 3: ",
                  "timedOut": false,
                  "duration": 34,
                  "state": "passed",
                  "speed": "fast",
                  "pass": true,
                  "fail": false,
                  "pending": false,
                  "context": null,
                  "code": "var num = helper.generateRandomInteger(0,10000)\n \n let obj = {\n   \"type\": config.issuedentityType,\n    \"value\": {\n       \"baseReq\": {\n         \"from\": config.testAccountAddress,\n         \"chain_id\": config.chain_id\n       },\n       \"to\": config.testAccountAddress,\n       \"fromID\": data.clasificationID + '|' + data.hashID,\n       \"classificationID\": data.chainID + '.' + data.clshashID,\n       \"mutableProperties\": \"mutableTraits3:S|num1\" + num,\n       \"immutableProperties\": \"immutableTraits3:S|\",\n       \"mutableMetaProperties\": \"mutableMetaTraits3:S|num3\" + num,\n       \"immutableMetaProperties\": \"immutableMetaTraits3:S|num4\" + num    \n     }\n   }   \n   \n  \n var err,res = await chai.request(server)\n .post(config.issueIdentityPath)\n .send(obj)\n  \n res.should.have.status(200);\n res.body.should.be.a('object');\n expect(res.body.txhash).to.not.equal(null)\n expect(res.body.txhash).to.not.equal('')\n  \n txHash = res.body.txhash",
                  "err": {},
                  "uuid": "459958c9-84fe-480c-b581-915b5aff361c",
                  "parentUUID": "cd1f9338-33c2-47cf-8f6a-6cb1acf1d107",
                  "isHook": false,
                  "skipped": false
                },
                {
                  "title": "Query Tx: ",
                  "fullTitle": "Identity Issue Identity 3 Query Tx: ",
                  "timedOut": false,
                  "duration": 2,
                  "state": "passed",
                  "speed": "fast",
                  "pass": true,
                  "fail": false,
                  "pending": false,
                  "context": null,
                  "code": "async.retry({ times:config.retry_count, interval:config.timeout}, async function (callbackretry){\n  var err,res = await chai.request(server)\n .get('/txs/'+txHash) \n var data1 = res.body    \n  if((data1.indexOf('error') != -1) || (data1.indexOf('failed') != -1)){\n    console.log(\"RETRY\")\n    callbackretry('failed')\n  }else{\n    callbackretry(null, 'true ')\n  }\n}, function(err, response){\n  if(err){\n    console.log(\"failed to send txHash query\")\n  }else{\n    console.log(\"send txHash query successfull\")\n    expect(res.body.raw_log).to.not.contain('failed')\n    expect(res.body).to.not.contain('error') \n  }\n})\nconsole.log(\"txHash: \" + txHash)",
                  "err": {},
                  "uuid": "1ce9354a-f336-42a2-828a-a8ce58334f5d",
                  "parentUUID": "cd1f9338-33c2-47cf-8f6a-6cb1acf1d107",
                  "isHook": false,
                  "skipped": false
                }
              ],
              "suites": [],
              "passes": [
                "c0a7ca9c-6d37-42b4-8d78-076b2fa00352",
                "cb51ade9-94f0-43a7-ae9e-ad7520774e12",
                "658dfdbb-f1a8-4da4-b940-4d8b45a4eac7",
                "790da0f5-b848-47a8-bc48-9c9f7c596621",
                "459958c9-84fe-480c-b581-915b5aff361c",
                "1ce9354a-f336-42a2-828a-a8ce58334f5d"
              ],
              "failures": [],
              "pending": [],
              "skipped": [],
              "duration": 102,
              "root": false,
              "rootEmpty": false,
              "_timeout": 2000
            }
          ],
          "passes": [],
          "failures": [],
          "pending": [],
          "skipped": [],
          "duration": 0,
          "root": false,
          "rootEmpty": false,
          "_timeout": 2000
        },
        {
          "uuid": "56c5e5ae-82c5-4d56-9388-22bee68e3c5c",
          "title": "Assets",
          "fullFile": "/home/aditimahesh/Documents/Work/Persistence/go/src/github.com/persistenceOne/assetMantle/tests/mocha-awesome/test/keys.js",
          "file": "/test/keys.js",
          "beforeHooks": [],
          "afterHooks": [],
          "tests": [],
          "suites": [
            {
              "uuid": "18211a69-c2af-43a7-b1ba-50e72f55fee8",
              "title": "Mint Asset",
              "fullFile": "/home/aditimahesh/Documents/Work/Persistence/go/src/github.com/persistenceOne/assetMantle/tests/mocha-awesome/test/keys.js",
              "file": "/test/keys.js",
              "beforeHooks": [
                {
                  "title": "\"before each\" hook",
                  "fullTitle": "Assets Mint Asset \"before each\" hook",
                  "timedOut": false,
                  "duration": 3003,
                  "state": null,
                  "speed": null,
                  "pass": false,
                  "fail": false,
                  "pending": false,
                  "context": null,
                  "code": "this.timeout(4000)\nsetTimeout(function() {\n  done()\n}, 3000)",
                  "err": {},
                  "uuid": "01cea2ed-cd84-48f0-b591-af8efda906b9",
                  "parentUUID": "18211a69-c2af-43a7-b1ba-50e72f55fee8",
                  "isHook": true,
                  "skipped": false
                }
              ],
              "afterHooks": [],
              "tests": [
                {
                  "title": "Query Identity: ",
                  "fullTitle": "Assets Mint Asset Query Identity: ",
                  "timedOut": false,
                  "duration": 8,
                  "state": "passed",
                  "speed": "fast",
                  "pass": true,
                  "fail": false,
                  "pending": false,
                  "context": null,
                  "code": "var err,res = await chai.request(server)\n.get(config.qIdentity)\n  \nvar list = res.body.result.value.identities.value.list\nlist.forEach(function(value){\n      \n  if(value.value.immutables.value.properties.value.propertyList[0].value.id.value.idString == \"immutableMetaTraits1\"){\n    data.clasificationID = value.value.id.value.classificationID.value.idString\n    data.hashID = value.value.id.value.hashID.value.idString    \n  }\n\n});",
                  "err": {},
                  "uuid": "cd42c508-e206-4e1c-8573-08e8154bd280",
                  "parentUUID": "18211a69-c2af-43a7-b1ba-50e72f55fee8",
                  "isHook": false,
                  "skipped": false
                },
                {
                  "title": "Define Asset: ",
                  "fullTitle": "Assets Mint Asset Define Asset: ",
                  "timedOut": false,
                  "duration": 47,
                  "state": "passed",
                  "speed": "medium",
                  "pass": true,
                  "fail": false,
                  "pending": false,
                  "context": null,
                  "code": "var num = helper.generateRandomInteger(0,10000)\n   \n   let obj = {\n     \"type\": config.defineAssetType,\n      \"value\": {\n         \"baseReq\": {\n           \"from\": config.testAccountAddress,\n           \"chain_id\": config.chain_id\n         },\n         \"fromID\": data.clasificationID + '|' + data.hashID,\n         \"mutableTraits\":\"ASSET1:S|num1\" + num + \",burn:H|1\",\n         \"immutableTraits\":\"ASSET2:S|\",\n         \"mutableMetaTraits\": \"ASSET3:S|num3\" + num,\n         \"immutableMetaTraits\": \"ASSET4:S|num4\" + num\n       }\n     }\n     \n    \n   var err,res = await chai.request(server)\n   .post(config.defineAssetPath)\n   .send(obj)\n  \n   res.should.have.status(200);\n   res.body.should.be.a('object');\n   expect(res.body.txhash).to.not.equal(null)\n   expect(res.body.txhash).to.not.equal('')\n  \n   txHash = res.body.txhash",
                  "err": {},
                  "uuid": "012a9159-212a-44e7-bc2e-d6a6f5681728",
                  "parentUUID": "18211a69-c2af-43a7-b1ba-50e72f55fee8",
                  "isHook": false,
                  "skipped": false
                },
                {
                  "title": "Query Tx: ",
                  "fullTitle": "Assets Mint Asset Query Tx: ",
                  "timedOut": false,
                  "duration": 2,
                  "state": "passed",
                  "speed": "fast",
                  "pass": true,
                  "fail": false,
                  "pending": false,
                  "context": null,
                  "code": "async.retry({ times:config.retry_count, interval:config.timeout}, async function (callbackretry){\n  var err,res = await chai.request(server)\n .get('/txs/'+txHash) \n var data1 = res.body    \n  if((data1.indexOf('error') != -1) || (data1.indexOf('failed') != -1)){\n    console.log(\"RETRY\")\n    callbackretry('failed')\n  }else{\n    callbackretry(null, 'true ')\n  }\n}, function(err, response){\n  if(err){\n    console.log(\"failed to send txHash query\")\n  }else{\n    console.log(\"send txHash query successfull\")\n    expect(res.body.raw_log).to.not.contain('failed')\n    expect(res.body).to.not.contain('error') \n  }\n})\nconsole.log(\"txHash: \" + txHash)",
                  "err": {},
                  "uuid": "1a40944f-3b5f-430a-8e09-a874d6b05bcf",
                  "parentUUID": "18211a69-c2af-43a7-b1ba-50e72f55fee8",
                  "isHook": false,
                  "skipped": false
                },
                {
                  "title": "Query Classification: ",
                  "fullTitle": "Assets Mint Asset Query Classification: ",
                  "timedOut": false,
                  "duration": 12,
                  "state": "passed",
                  "speed": "fast",
                  "pass": true,
                  "fail": false,
                  "pending": false,
                  "context": null,
                  "code": "var err,res = await chai.request(server)\n      .get(config.qClassification)\n  \n      var list = res.body.result.value.classifications.value.list\n      list.forEach(function(value){     \n    \nif(value.value.immutableTraits.value.properties.value.propertyList[0].value.id.value.idString == \"ASSET4\"){\n  data.chainID = value.value.id.value.chainID.value.idString\n  data.clshashID = value.value.id.value.hashID.value.idString   \n}      \n      });",
                  "err": {},
                  "uuid": "72d5a4db-8c9c-4000-98cb-1b0fab91a7f3",
                  "parentUUID": "18211a69-c2af-43a7-b1ba-50e72f55fee8",
                  "isHook": false,
                  "skipped": false
                },
                {
                  "title": "Mint Asset: ",
                  "fullTitle": "Assets Mint Asset Mint Asset: ",
                  "timedOut": false,
                  "duration": 37,
                  "state": "passed",
                  "speed": "fast",
                  "pass": true,
                  "fail": false,
                  "pending": false,
                  "context": null,
                  "code": "var num = helper.generateRandomInteger(0,10000)\n \n let obj = {\n   \"type\": config.mintAssetType,\n    \"value\": {\n       \"baseReq\": {\n         \"from\": config.testAccountAddress,\n         \"chain_id\": config.chain_id\n       },\n       \"toID\": data.clasificationID + '|' + data.hashID,\n       \"fromID\": data.clasificationID + '|' + data.hashID,\n       \"classificationID\": data.chainID + '.' + data.clshashID,\n       \"mutableProperties\": \"ASSET1:S|num1\" + num + \",burn:H|1\",\n       \"immutableProperties\": \"ASSET2:S|num2\" + num,\n       \"mutableMetaProperties\": \"ASSET3:S|num3\" + num,\n       \"immutableMetaProperties\": \"ASSET4:S|num4\" + num\n   \n     }\n   }\n \n  \n var err,res = await chai.request(server)\n .post(config.mintAssetPath)\n .send(obj)\n  \n res.should.have.status(200);\n res.body.should.be.a('object');\n expect(res.body.txhash).to.not.equal(null)\n expect(res.body.txhash).to.not.equal('')\n  \ntxHash = res.body.txhash",
                  "err": {},
                  "uuid": "b104f5ed-4518-480a-86f7-e33b8789de39",
                  "parentUUID": "18211a69-c2af-43a7-b1ba-50e72f55fee8",
                  "isHook": false,
                  "skipped": false
                },
                {
                  "title": "Query Tx: ",
                  "fullTitle": "Assets Mint Asset Query Tx: ",
                  "timedOut": false,
                  "duration": 1,
                  "state": "passed",
                  "speed": "fast",
                  "pass": true,
                  "fail": false,
                  "pending": false,
                  "context": null,
                  "code": "async.retry({ times:config.retry_count, interval:config.timeout}, async function (callbackretry){\n  var err,res = await chai.request(server)\n .get('/txs/'+txHash) \n var data1 = res.body    \n  if((data1.indexOf('error') != -1) || (data1.indexOf('failed') != -1)){\n    console.log(\"RETRY\")\n    callbackretry('failed')\n  }else{\n    callbackretry(null, 'true ')\n  }\n}, function(err, response){\n  if(err){\n    console.log(\"failed to send txHash query\")\n  }else{\n    console.log(\"send txHash query successfull\")\n    expect(res.body.raw_log).to.not.contain('failed')\n    expect(res.body).to.not.contain('error') \n  }\n})\nconsole.log(\"txHash: \" + txHash)",
                  "err": {},
                  "uuid": "347512be-9cba-4b8e-8399-d04f9159a064",
                  "parentUUID": "18211a69-c2af-43a7-b1ba-50e72f55fee8",
                  "isHook": false,
                  "skipped": false
                }
              ],
              "suites": [],
              "passes": [
                "cd42c508-e206-4e1c-8573-08e8154bd280",
                "012a9159-212a-44e7-bc2e-d6a6f5681728",
                "1a40944f-3b5f-430a-8e09-a874d6b05bcf",
                "72d5a4db-8c9c-4000-98cb-1b0fab91a7f3",
                "b104f5ed-4518-480a-86f7-e33b8789de39",
                "347512be-9cba-4b8e-8399-d04f9159a064"
              ],
              "failures": [],
              "pending": [],
              "skipped": [],
              "duration": 107,
              "root": false,
              "rootEmpty": false,
              "_timeout": 2000
            },
            {
              "uuid": "5824b79c-d62a-4729-8dc8-d304c6551e5c",
              "title": "Mutate Asset",
              "fullFile": "/home/aditimahesh/Documents/Work/Persistence/go/src/github.com/persistenceOne/assetMantle/tests/mocha-awesome/test/keys.js",
              "file": "/test/keys.js",
              "beforeHooks": [
                {
                  "title": "\"before each\" hook",
                  "fullTitle": "Assets Mutate Asset \"before each\" hook",
                  "timedOut": false,
                  "duration": 3000,
                  "state": null,
                  "speed": null,
                  "pass": false,
                  "fail": false,
                  "pending": false,
                  "context": null,
                  "code": "this.timeout(4000)\nsetTimeout(function() {\n  done()\n}, 3000)",
                  "err": {},
                  "uuid": "a0031e75-462e-4817-a63e-8b40b4f4c12e",
                  "parentUUID": "5824b79c-d62a-4729-8dc8-d304c6551e5c",
                  "isHook": true,
                  "skipped": false
                }
              ],
              "afterHooks": [],
              "tests": [
                {
                  "title": "Query Identity: ",
                  "fullTitle": "Assets Mutate Asset Query Identity: ",
                  "timedOut": false,
                  "duration": 12,
                  "state": "passed",
                  "speed": "fast",
                  "pass": true,
                  "fail": false,
                  "pending": false,
                  "context": null,
                  "code": "var err,res = await chai.request(server)\n.get(config.qIdentity)\n  \nvar list = res.body.result.value.identities.value.list\nlist.forEach(function(value){\n      \n  if(value.value.immutables.value.properties.value.propertyList[0].value.id.value.idString == \"immutableMetaTraits1\"){\n    data.iclasificationID = value.value.id.value.classificationID.value.idString\n    data.ihashID = value.value.id.value.hashID.value.idString    \n  }        \n});",
                  "err": {},
                  "uuid": "ae835f13-6f71-4cdb-99c4-7a9f5424659b",
                  "parentUUID": "5824b79c-d62a-4729-8dc8-d304c6551e5c",
                  "isHook": false,
                  "skipped": false
                },
                {
                  "title": "Query Asset: ",
                  "fullTitle": "Assets Mutate Asset Query Asset: ",
                  "timedOut": false,
                  "duration": 9,
                  "state": "passed",
                  "speed": "fast",
                  "pass": true,
                  "fail": false,
                  "pending": false,
                  "context": null,
                  "code": "var err,res = await chai.request(server)\n      .get(config.qAsset)\n\n      var list = res.body.result.value.assets.value.list\n      list.forEach(function(value){\n    \nif(value.value.immutables.value.properties.value.propertyList[0].value.id.value.idString == \"ASSET4\"){\n  data.aclasificationID = value.value.id.value.classificationID.value.idString\n  data.ahashID = value.value.id.value.hashID.value.idString    \n}        \n      });",
                  "err": {},
                  "uuid": "c87534e1-61df-49eb-a94e-80b09e291290",
                  "parentUUID": "5824b79c-d62a-4729-8dc8-d304c6551e5c",
                  "isHook": false,
                  "skipped": false
                },
                {
                  "title": "Mutate Asset: ",
                  "fullTitle": "Assets Mutate Asset Mutate Asset: ",
                  "timedOut": false,
                  "duration": 46,
                  "state": "passed",
                  "speed": "medium",
                  "pass": true,
                  "fail": false,
                  "pending": false,
                  "context": null,
                  "code": "var num = helper.generateRandomInteger(0,10000)\n \n let obj = {\n   \"type\": config.mutateAssetType,\n     \"value\": {\n       \"baseReq\": {\n         \"from\": config.testAccountAddress,\n         \"chain_id\": config.chain_id\n       },\n       \"fromID\": data.iclasificationID + '|' + data.ihashID,\n       \"assetID\": data.aclasificationID + '|' + data.ahashID,\n       \"mutableProperties\":\"ASSET1:S|\",\n       \"mutableMetaProperties\": \"ASSET3:S|num3\" + num\n     }\n   }\n   \n   \n var err,res = await chai.request(server)\n .post(config.mutateAssetPath)\n .send(obj)\n res.should.have.status(200);\n res.body.should.be.a('object');\n expect(res.body.txhash).to.not.equal(null)\n expect(res.body.txhash).to.not.equal('')\n txHash = res.body.txhash",
                  "err": {},
                  "uuid": "a94ca7ef-c240-4afa-904f-5e5def462ba5",
                  "parentUUID": "5824b79c-d62a-4729-8dc8-d304c6551e5c",
                  "isHook": false,
                  "skipped": false
                },
                {
                  "title": "Query Tx: ",
                  "fullTitle": "Assets Mutate Asset Query Tx: ",
                  "timedOut": false,
                  "duration": 3,
                  "state": "passed",
                  "speed": "fast",
                  "pass": true,
                  "fail": false,
                  "pending": false,
                  "context": null,
                  "code": "async.retry({ times:config.retry_count, interval:config.timeout}, async function (callbackretry){\n  var err,res = await chai.request(server)\n .get('/txs/'+txHash) \n var data1 = res.body    \n  if((data1.indexOf('error') != -1) || (data1.indexOf('failed') != -1)){\n    console.log(\"RETRY\")\n    callbackretry('failed')\n  }else{\n    callbackretry(null, 'true ')\n  }\n}, function(err, response){\n  if(err){\n    console.log(\"failed to send txHash query\")\n  }else{\n    console.log(\"send txHash query successfull\")\n    expect(res.body.raw_log).to.not.contain('failed')\n    expect(res.body).to.not.contain('error') \n  }\n})\nconsole.log(\"txHash: \" + txHash)",
                  "err": {},
                  "uuid": "38a8be8f-27a6-4017-8863-983dc775ea27",
                  "parentUUID": "5824b79c-d62a-4729-8dc8-d304c6551e5c",
                  "isHook": false,
                  "skipped": false
                }
              ],
              "suites": [],
              "passes": [
                "ae835f13-6f71-4cdb-99c4-7a9f5424659b",
                "c87534e1-61df-49eb-a94e-80b09e291290",
                "a94ca7ef-c240-4afa-904f-5e5def462ba5",
                "38a8be8f-27a6-4017-8863-983dc775ea27"
              ],
              "failures": [],
              "pending": [],
              "skipped": [],
              "duration": 70,
              "root": false,
              "rootEmpty": false,
              "_timeout": 2000
            },
            {
              "uuid": "1caa6e6d-2a67-4037-8db0-cb33447f3f43",
              "title": "Mint Asset with meta properties",
              "fullFile": "/home/aditimahesh/Documents/Work/Persistence/go/src/github.com/persistenceOne/assetMantle/tests/mocha-awesome/test/keys.js",
              "file": "/test/keys.js",
              "beforeHooks": [
                {
                  "title": "\"before each\" hook",
                  "fullTitle": "Assets Mint Asset with meta properties \"before each\" hook",
                  "timedOut": false,
                  "duration": 3002,
                  "state": null,
                  "speed": null,
                  "pass": false,
                  "fail": false,
                  "pending": false,
                  "context": null,
                  "code": "this.timeout(4000)\nsetTimeout(function() {\n  done()\n}, 3000)",
                  "err": {},
                  "uuid": "8c363a49-fc1b-4b1e-a527-420b268220bb",
                  "parentUUID": "1caa6e6d-2a67-4037-8db0-cb33447f3f43",
                  "isHook": true,
                  "skipped": false
                }
              ],
              "afterHooks": [],
              "tests": [
                {
                  "title": "Query Identity: ",
                  "fullTitle": "Assets Mint Asset with meta properties Query Identity: ",
                  "timedOut": false,
                  "duration": 12,
                  "state": "passed",
                  "speed": "fast",
                  "pass": true,
                  "fail": false,
                  "pending": false,
                  "context": null,
                  "code": "var err,res = await chai.request(server)\n.get(config.qIdentity)\n  \nvar list = res.body.result.value.identities.value.list\nlist.forEach(function(value){\n      \n  if(value.value.immutables.value.properties.value.propertyList[0].value.id.value.idString == \"immutableMetaTraits1\"){\n    data.clasificationID = value.value.id.value.classificationID.value.idString\n    data.hashID = value.value.id.value.hashID.value.idString    \n  }\n\n});",
                  "err": {},
                  "uuid": "b4384c4a-8051-4617-8466-71d682467b23",
                  "parentUUID": "1caa6e6d-2a67-4037-8db0-cb33447f3f43",
                  "isHook": false,
                  "skipped": false
                },
                {
                  "title": "Query Classification: ",
                  "fullTitle": "Assets Mint Asset with meta properties Query Classification: ",
                  "timedOut": false,
                  "duration": 12,
                  "state": "passed",
                  "speed": "fast",
                  "pass": true,
                  "fail": false,
                  "pending": false,
                  "context": null,
                  "code": "var err,res = await chai.request(server)\n      .get(config.qClassification)\n  \n      var list = res.body.result.value.classifications.value.list\n      list.forEach(function(value){     \n    \nif(value.value.immutableTraits.value.properties.value.propertyList[0].value.id.value.idString == \"ASSET4\"){\n  data.chainID = value.value.id.value.chainID.value.idString\n  data.clshashID = value.value.id.value.hashID.value.idString   \n}      \n      });",
                  "err": {},
                  "uuid": "e2f63f93-7df1-4d8a-91ab-5cd3de41a580",
                  "parentUUID": "1caa6e6d-2a67-4037-8db0-cb33447f3f43",
                  "isHook": false,
                  "skipped": false
                },
                {
                  "title": "Mint Asset with meta properties: ",
                  "fullTitle": "Assets Mint Asset with meta properties Mint Asset with meta properties: ",
                  "timedOut": false,
                  "duration": 32,
                  "state": "passed",
                  "speed": "fast",
                  "pass": true,
                  "fail": false,
                  "pending": false,
                  "context": null,
                  "code": "var num = helper.generateRandomInteger(0,10000)\n \n let obj = {\n   \"type\": config.mintAssetType,\n    \"value\": {\n       \"baseReq\": {\n         \"from\": config.testAccountAddress,\n         \"chain_id\": config.chain_id\n       },\n       \"toID\": data.clasificationID + '|' + data.hashID,\n       \"fromID\": data.clasificationID + '|' + data.hashID,\n       \"classificationID\": data.chainID + '.' + data.clshashID,\n       \"mutableProperties\": \"ASSET1:S|num5\" + num + \",burn:H|1\",\n       \"immutableProperties\": \"ASSET2:S|num6\" + num,\n       \"mutableMetaProperties\": \"ASSET3:S|num7\" + num,\n       \"immutableMetaProperties\": \"ASSET4:S|num8\" + num\n   \n     }\n   }\n \n  \n var err,res = await chai.request(server)\n .post(config.mintAssetPath)\n .send(obj)\n  \n res.should.have.status(200);\n res.body.should.be.a('object');\n expect(res.body.txhash).to.not.equal(null)\n expect(res.body.txhash).to.not.equal('')\n  \n txHash = res.body.txhash",
                  "err": {},
                  "uuid": "790677d8-1c26-4112-863f-93f48aa707f9",
                  "parentUUID": "1caa6e6d-2a67-4037-8db0-cb33447f3f43",
                  "isHook": false,
                  "skipped": false
                },
                {
                  "title": "Query Tx: ",
                  "fullTitle": "Assets Mint Asset with meta properties Query Tx: ",
                  "timedOut": false,
                  "duration": 3,
                  "state": "passed",
                  "speed": "fast",
                  "pass": true,
                  "fail": false,
                  "pending": false,
                  "context": null,
                  "code": "async.retry({ times:config.retry_count, interval:config.timeout}, async function (callbackretry){\n  var err,res = await chai.request(server)\n .get('/txs/'+txHash) \n var data1 = res.body    \n  if((data1.indexOf('error') != -1) || (data1.indexOf('failed') != -1)){\n    console.log(\"RETRY\")\n    callbackretry('failed')\n  }else{\n    callbackretry(null, 'true ')\n  }\n}, function(err, response){\n  if(err){\n    console.log(\"failed to send txHash query\")\n  }else{\n    console.log(\"send txHash query successfull\")\n    expect(res.body.raw_log).to.not.contain('failed')\n    expect(res.body).to.not.contain('error') \n  }\n})\nconsole.log(\"txHash: \" + txHash)",
                  "err": {},
                  "uuid": "4baa461d-277c-4d8a-9554-d54894d7aa78",
                  "parentUUID": "1caa6e6d-2a67-4037-8db0-cb33447f3f43",
                  "isHook": false,
                  "skipped": false
                }
              ],
              "suites": [],
              "passes": [
                "b4384c4a-8051-4617-8466-71d682467b23",
                "e2f63f93-7df1-4d8a-91ab-5cd3de41a580",
                "790677d8-1c26-4112-863f-93f48aa707f9",
                "4baa461d-277c-4d8a-9554-d54894d7aa78"
              ],
              "failures": [],
              "pending": [],
              "skipped": [],
              "duration": 59,
              "root": false,
              "rootEmpty": false,
              "_timeout": 2000
            },
            {
              "uuid": "a9f470a4-dc9a-4ff4-83b3-8cc336e53e6d",
              "title": "Mutate asset non meta properteies to meta properties",
              "fullFile": "/home/aditimahesh/Documents/Work/Persistence/go/src/github.com/persistenceOne/assetMantle/tests/mocha-awesome/test/keys.js",
              "file": "/test/keys.js",
              "beforeHooks": [
                {
                  "title": "\"before each\" hook",
                  "fullTitle": "Assets Mutate asset non meta properteies to meta properties \"before each\" hook",
                  "timedOut": false,
                  "duration": 3001,
                  "state": null,
                  "speed": null,
                  "pass": false,
                  "fail": false,
                  "pending": false,
                  "context": null,
                  "code": "this.timeout(4000)\nsetTimeout(function() {\n  done()\n}, 3000)",
                  "err": {},
                  "uuid": "33f7b971-4bad-4709-8897-a625c96258ac",
                  "parentUUID": "a9f470a4-dc9a-4ff4-83b3-8cc336e53e6d",
                  "isHook": true,
                  "skipped": false
                }
              ],
              "afterHooks": [],
              "tests": [
                {
                  "title": "Query Identity: ",
                  "fullTitle": "Assets Mutate asset non meta properteies to meta properties Query Identity: ",
                  "timedOut": false,
                  "duration": 12,
                  "state": "passed",
                  "speed": "fast",
                  "pass": true,
                  "fail": false,
                  "pending": false,
                  "context": null,
                  "code": "var err,res = await chai.request(server)\n.get(config.qIdentity)\n  \nvar list = res.body.result.value.identities.value.list\nlist.forEach(function(value){\n      \n  if(value.value.immutables.value.properties.value.propertyList[0].value.id.value.idString == \"immutableMetaTraits1\"){\n    data.iclasificationID = value.value.id.value.classificationID.value.idString\n    data.ihashID = value.value.id.value.hashID.value.idString    \n  }        \n});",
                  "err": {},
                  "uuid": "e6c1c494-7024-47a2-be98-c6380409d12a",
                  "parentUUID": "a9f470a4-dc9a-4ff4-83b3-8cc336e53e6d",
                  "isHook": false,
                  "skipped": false
                },
                {
                  "title": "Define Asset: ",
                  "fullTitle": "Assets Mutate asset non meta properteies to meta properties Define Asset: ",
                  "timedOut": false,
                  "duration": 41,
                  "state": "passed",
                  "speed": "medium",
                  "pass": true,
                  "fail": false,
                  "pending": false,
                  "context": null,
[...]
                  "err": {},
                  "uuid": "60476252-b23d-4a31-b6d3-a98f3face993",
                  "parentUUID": "186c04ed-2588-4e30-a53e-3c6955573da1",
                  "isHook": false,
                  "skipped": false
                },
                {
                  "title": "Query Tx: ",
                  "fullTitle": "Metas Reveal a meta of id type Query Tx: ",
                  "timedOut": false,
                  "duration": 2,
                  "state": "passed",
                  "speed": "fast",
                  "pass": true,
                  "fail": false,
                  "pending": false,
                  "context": null,
                  "code": "async.retry({ times:config.retry_count, interval:config.timeout}, async function (callbackretry){\n  var err,res = await chai.request(server)\n .get('/txs/'+txHash) \n var data1 = res.body    \n  if((data1.indexOf('error') != -1) || (data1.indexOf('failed') != -1)){\n    console.log(\"RETRY\")\n    callbackretry('failed')\n  }else{\n    callbackretry(null, 'true ')\n  }\n}, function(err, response){\n  if(err){\n    console.log(\"failed to send txHash query\")\n  }else{\n    console.log(\"send txHash query successfull\")\n    expect(res.body.raw_log).to.not.contain('failed')\n    expect(res.body).to.not.contain('error') \n  }\n})\nconsole.log(\"txHash: \" + txHash)",
                  "err": {},
                  "uuid": "718621cc-d116-4832-aeb1-1ba57c046edc",
                  "parentUUID": "186c04ed-2588-4e30-a53e-3c6955573da1",
                  "isHook": false,
                  "skipped": false
                }
              ],
              "suites": [],
              "passes": [
                "60476252-b23d-4a31-b6d3-a98f3face993",
                "718621cc-d116-4832-aeb1-1ba57c046edc"
              ],
              "failures": [],
              "pending": [],
              "skipped": [],
              "duration": 33,
              "root": false,
              "rootEmpty": false,
              "_timeout": 2000
            },
            {
              "uuid": "c1e29ba4-40dc-4586-90fb-835815f0a9d1",
              "title": "Reveal a meta of string type",
              "fullFile": "/home/aditimahesh/Documents/Work/Persistence/go/src/github.com/persistenceOne/assetMantle/tests/mocha-awesome/test/keys.js",
              "file": "/test/keys.js",
              "beforeHooks": [
                {
                  "title": "\"before each\" hook",
                  "fullTitle": "Metas Reveal a meta of string type \"before each\" hook",
                  "timedOut": false,
                  "duration": 3002,
                  "state": null,
                  "speed": null,
                  "pass": false,
                  "fail": false,
                  "pending": false,
                  "context": null,
                  "code": "this.timeout(4000)\nsetTimeout(function() {\n  done()\n}, 3000)",
                  "err": {},
                  "uuid": "8723c976-ef59-42eb-8ba3-5c80512ef12b",
                  "parentUUID": "c1e29ba4-40dc-4586-90fb-835815f0a9d1",
                  "isHook": true,
                  "skipped": false
                }
              ],
              "afterHooks": [],
              "tests": [
                {
                  "title": "Meta Reveal: ",
                  "fullTitle": "Metas Reveal a meta of string type Meta Reveal: ",
                  "timedOut": false,
                  "duration": 34,
                  "state": "passed",
                  "speed": "fast",
                  "pass": true,
                  "fail": false,
                  "pending": false,
                  "context": null,
                  "code": "let obj = {\n     \"type\": config.metaRevealType,\n      \"value\": {\n         \"baseReq\": {\n           \"from\": config.testAccountAddress,\n           \"chain_id\": config.chain_id\n         },\n         \"metaFact\": \"S|AAA\"\n       }\n     }\n      \n   var err,res = await chai.request(server)\n   .post(config.metaRevealPath)\n   .send(obj)\n  \n   expect(res.body.txhash).to.not.equal(null)\n   expect(res.body.txhash).to.not.equal('')\n  \n   txHash = res.body.txhash",
                  "err": {},
                  "uuid": "f3d962bc-cd2a-4f89-b65a-fab145d8ec7b",
                  "parentUUID": "c1e29ba4-40dc-4586-90fb-835815f0a9d1",
                  "isHook": false,
                  "skipped": false
                },
                {
                  "title": "Query Tx: ",
                  "fullTitle": "Metas Reveal a meta of string type Query Tx: ",
                  "timedOut": false,
                  "duration": 2,
                  "state": "passed",
                  "speed": "fast",
                  "pass": true,
                  "fail": false,
                  "pending": false,
                  "context": null,
                  "code": "async.retry({ times:config.retry_count, interval:config.timeout}, async function (callbackretry){\n  var err,res = await chai.request(server)\n .get('/txs/'+txHash) \n var data1 = res.body    \n  if((data1.indexOf('error') != -1) || (data1.indexOf('failed') != -1)){\n    console.log(\"RETRY\")\n    callbackretry('failed')\n  }else{\n    callbackretry(null, 'true ')\n  }\n}, function(err, response){\n  if(err){\n    console.log(\"failed to send txHash query\")\n  }else{\n    console.log(\"send txHash query successfull\")\n    expect(res.body.raw_log).to.not.contain('failed')\n    expect(res.body).to.not.contain('error') \n  }\n})\nconsole.log(\"txHash: \" + txHash)",
                  "err": {},
                  "uuid": "e37c9b11-af33-4083-86f6-bfc9d6e0789d",
                  "parentUUID": "c1e29ba4-40dc-4586-90fb-835815f0a9d1",
                  "isHook": false,
                  "skipped": false
                }
              ],
              "suites": [],
              "passes": [
                "f3d962bc-cd2a-4f89-b65a-fab145d8ec7b",
                "e37c9b11-af33-4083-86f6-bfc9d6e0789d"
              ],
              "failures": [],
              "pending": [],
              "skipped": [],
              "duration": 36,
              "root": false,
              "rootEmpty": false,
              "_timeout": 2000
            },
            {
              "uuid": "a08cbfcd-e3ea-49fd-b302-cd5c07e52bde",
              "title": "Reveal a meta of dec type",
              "fullFile": "/home/aditimahesh/Documents/Work/Persistence/go/src/github.com/persistenceOne/assetMantle/tests/mocha-awesome/test/keys.js",
              "file": "/test/keys.js",
              "beforeHooks": [
                {
                  "title": "\"before each\" hook",
                  "fullTitle": "Metas Reveal a meta of dec type \"before each\" hook",
                  "timedOut": false,
                  "duration": 3000,
                  "state": null,
                  "speed": null,
                  "pass": false,
                  "fail": false,
                  "pending": false,
                  "context": null,
                  "code": "this.timeout(4000)\nsetTimeout(function() {\n  done()\n}, 3000)",
                  "err": {},
                  "uuid": "20393c8c-d3d5-46fa-b956-dad4874c7945",
                  "parentUUID": "a08cbfcd-e3ea-49fd-b302-cd5c07e52bde",
                  "isHook": true,
                  "skipped": false
                }
              ],
              "afterHooks": [],
              "tests": [
                {
                  "title": "Meta Reveal: ",
                  "fullTitle": "Metas Reveal a meta of dec type Meta Reveal: ",
                  "timedOut": false,
                  "duration": 46,
                  "state": "passed",
                  "speed": "medium",
                  "pass": true,
                  "fail": false,
                  "pending": false,
                  "context": null,
                  "code": "let obj = {\n     \"type\": config.metaRevealType,\n      \"value\": {\n         \"baseReq\": {\n           \"from\": config.testAccountAddress,\n           \"chain_id\": config.chain_id\n         },\n         \"metaFact\": \"D|0.344\"\n       }\n     }\n      \n   var err,res = await chai.request(server)\n   .post(config.metaRevealPath)\n   .send(obj)\n  \n   expect(res.body.txhash).to.not.equal(null)\n   expect(res.body.txhash).to.not.equal('')\n  \n   txHash = res.body.txhash",
                  "err": {},
                  "uuid": "19f57b51-b7d6-427f-a14e-ed1330175639",
                  "parentUUID": "a08cbfcd-e3ea-49fd-b302-cd5c07e52bde",
                  "isHook": false,
                  "skipped": false
                },
                {
                  "title": "Query Tx: ",
                  "fullTitle": "Metas Reveal a meta of dec type Query Tx: ",
                  "timedOut": false,
                  "duration": 2,
                  "state": "passed",
                  "speed": "fast",
                  "pass": true,
                  "fail": false,
                  "pending": false,
                  "context": null,
                  "code": "async.retry({ times:config.retry_count, interval:config.timeout}, async function (callbackretry){\n  var err,res = await chai.request(server)\n .get('/txs/'+txHash) \n var data1 = res.body    \n  if((data1.indexOf('error') != -1) || (data1.indexOf('failed') != -1)){\n    console.log(\"RETRY\")\n    callbackretry('failed')\n  }else{\n    callbackretry(null, 'true ')\n  }\n}, function(err, response){\n  if(err){\n    console.log(\"failed to send txHash query\")\n  }else{\n    console.log(\"send txHash query successfull\")\n    expect(res.body.raw_log).to.not.contain('failed')\n    expect(res.body).to.not.contain('error') \n  }\n})\nconsole.log(\"txHash: \" + txHash)",
                  "err": {},
                  "uuid": "ca0abc7a-ff50-4b7e-a0c3-0750f8e26ec4",
                  "parentUUID": "a08cbfcd-e3ea-49fd-b302-cd5c07e52bde",
                  "isHook": false,
                  "skipped": false
                }
              ],
              "suites": [],
              "passes": [
                "19f57b51-b7d6-427f-a14e-ed1330175639",
                "ca0abc7a-ff50-4b7e-a0c3-0750f8e26ec4"
              ],
              "failures": [],
              "pending": [],
              "skipped": [],
              "duration": 48,
              "root": false,
              "rootEmpty": false,
              "_timeout": 2000
            },
            {
              "uuid": "7ad3f57e-3747-4930-bd7a-bfe279fc217d",
              "title": "Reveal a meta of height type",
              "fullFile": "/home/aditimahesh/Documents/Work/Persistence/go/src/github.com/persistenceOne/assetMantle/tests/mocha-awesome/test/keys.js",
              "file": "/test/keys.js",
              "beforeHooks": [
                {
                  "title": "\"before each\" hook",
                  "fullTitle": "Metas Reveal a meta of height type \"before each\" hook",
                  "timedOut": false,
                  "duration": 3000,
                  "state": null,
                  "speed": null,
                  "pass": false,
                  "fail": false,
                  "pending": false,
                  "context": null,
                  "code": "this.timeout(4000)\nsetTimeout(function() {\n  done()\n}, 3000)",
                  "err": {},
                  "uuid": "9dbe4f8b-bddf-45ea-85a9-c6e15cd7e9e3",
                  "parentUUID": "7ad3f57e-3747-4930-bd7a-bfe279fc217d",
                  "isHook": true,
                  "skipped": false
                }
              ],
              "afterHooks": [],
              "tests": [
                {
                  "title": "Meta Reveal: ",
                  "fullTitle": "Metas Reveal a meta of height type Meta Reveal: ",
                  "timedOut": false,
                  "duration": 43,
                  "state": "passed",
                  "speed": "medium",
                  "pass": true,
                  "fail": false,
                  "pending": false,
                  "context": null,
                  "code": "let obj = {\n     \"type\": config.metaRevealType,\n      \"value\": {\n         \"baseReq\": {\n           \"from\": config.testAccountAddress,\n           \"chain_id\": config.chain_id\n         },\n         \"metaFact\": \"H|4\"\n       }\n     }\n      \n   var err,res = await chai.request(server)\n   .post(config.metaRevealPath)\n   .send(obj)\n  \n   expect(res.body.txhash).to.not.equal(null)\n   expect(res.body.txhash).to.not.equal('')\n  \n   txHash = res.body.txhash",
                  "err": {},
                  "uuid": "8b0bd4aa-a9b0-4333-b39b-3a6d603760a3",
                  "parentUUID": "7ad3f57e-3747-4930-bd7a-bfe279fc217d",
                  "isHook": false,
                  "skipped": false
                },
                {
                  "title": "Query Tx: ",
                  "fullTitle": "Metas Reveal a meta of height type Query Tx: ",
                  "timedOut": false,
                  "duration": 1,
                  "state": "passed",
                  "speed": "fast",
                  "pass": true,
                  "fail": false,
                  "pending": false,
                  "context": null,
                  "code": "async.retry({ times:config.retry_count, interval:config.timeout}, async function (callbackretry){\n  var err,res = await chai.request(server)\n .get('/txs/'+txHash) \n var data1 = res.body    \n  if((data1.indexOf('error') != -1) || (data1.indexOf('failed') != -1)){\n    console.log(\"RETRY\")\n    callbackretry('failed')\n  }else{\n    callbackretry(null, 'true ')\n  }\n}, function(err, response){\n  if(err){\n    console.log(\"failed to send txHash query\")\n  }else{\n    console.log(\"send txHash query successfull\")\n    expect(res.body.raw_log).to.not.contain('failed')\n    expect(res.body).to.not.contain('error') \n  }\n})\nconsole.log(\"txHash: \" + txHash)",
                  "err": {},
                  "uuid": "22eda0bf-535d-4c40-a8f0-98ceb09a5db6",
                  "parentUUID": "7ad3f57e-3747-4930-bd7a-bfe279fc217d",
                  "isHook": false,
                  "skipped": false
                }
              ],
              "suites": [],
              "passes": [
                "8b0bd4aa-a9b0-4333-b39b-3a6d603760a3",
                "22eda0bf-535d-4c40-a8f0-98ceb09a5db6"
              ],
              "failures": [],
              "pending": [],
              "skipped": [],
              "duration": 44,
              "root": false,
              "rootEmpty": false,
              "_timeout": 2000
            },
            {
              "uuid": "708bcf04-2930-4433-a57f-69ed2ce22dd1",
              "title": "Reveal an already revealed meta",
              "fullFile": "/home/aditimahesh/Documents/Work/Persistence/go/src/github.com/persistenceOne/assetMantle/tests/mocha-awesome/test/keys.js",
              "file": "/test/keys.js",
              "beforeHooks": [
                {
                  "title": "\"before each\" hook",
                  "fullTitle": "Metas Reveal an already revealed meta \"before each\" hook",
                  "timedOut": false,
                  "duration": 3000,
                  "state": null,
                  "speed": null,
                  "pass": false,
                  "fail": false,
                  "pending": false,
                  "context": null,
                  "code": "this.timeout(4000)\nsetTimeout(function() {\n  done()\n}, 3000)",
                  "err": {},
                  "uuid": "28b507c3-f795-4b7a-b26a-e351330be859",
                  "parentUUID": "708bcf04-2930-4433-a57f-69ed2ce22dd1",
                  "isHook": true,
                  "skipped": false
                }
              ],
              "afterHooks": [],
              "tests": [
                {
                  "title": "Meta Reveal: ",
                  "fullTitle": "Metas Reveal an already revealed meta Meta Reveal: ",
                  "timedOut": false,
                  "duration": 49,
                  "state": "passed",
                  "speed": "medium",
                  "pass": true,
                  "fail": false,
                  "pending": false,
                  "context": null,
                  "code": "let obj = {\n     \"type\": config.metaRevealType,\n      \"value\": {\n         \"baseReq\": {\n           \"from\": config.testAccountAddress,\n           \"chain_id\": config.chain_id\n         },\n         \"metaFact\": \"H|4\"\n       }\n     }\n      \n   var err,res = await chai.request(server)\n   .post(config.metaRevealPath)\n   .send(obj)\n  \n   expect(res.body.txhash).to.not.equal(null)\n   expect(res.body.txhash).to.not.equal('')\n  \n   txHash = res.body.txhash",
                  "err": {},
                  "uuid": "6c57eeec-07aa-4664-b33b-b300071a25c9",
                  "parentUUID": "708bcf04-2930-4433-a57f-69ed2ce22dd1",
                  "isHook": false,
                  "skipped": false
                },
                {
                  "title": "Query Tx: ",
                  "fullTitle": "Metas Reveal an already revealed meta Query Tx: ",
                  "timedOut": false,
                  "duration": 2,
                  "state": "passed",
                  "speed": "fast",
                  "pass": true,
                  "fail": false,
                  "pending": false,
                  "context": null,
                  "code": "async.retry({ times:config.retry_count, interval:config.timeout}, async function (callbackretry){\n  var err,res = await chai.request(server)\n .get('/txs/'+txHash) \n var data1 = res.body    \n  if((data1.indexOf('error') != -1) || (data1.indexOf('failed') != -1)){\n    console.log(\"RETRY\")\n    callbackretry('failed')\n  }else{\n    callbackretry(null, 'true ')\n  }\n}, function(err, response){\n  if(err){\n    console.log(\"failed to send txHash query\")\n  }else{\n    console.log(\"send txHash query successfull\")\n    expect(res.body.raw_log).to.not.contain('failed')\n    expect(res.body).to.not.contain('error') \n  }\n})\nconsole.log(\"txHash: \" + txHash)",
                  "err": {},
                  "uuid": "b5feabc8-da35-492c-b07c-4d4e87b4cf7a",
                  "parentUUID": "708bcf04-2930-4433-a57f-69ed2ce22dd1",
                  "isHook": false,
                  "skipped": false
                }
              ],
              "suites": [],
              "passes": [
                "6c57eeec-07aa-4664-b33b-b300071a25c9",
                "b5feabc8-da35-492c-b07c-4d4e87b4cf7a"
              ],
              "failures": [],
              "pending": [],
              "skipped": [],
              "duration": 51,
              "root": false,
              "rootEmpty": false,
              "_timeout": 2000
            }
          ],
          "passes": [],
          "failures": [],
          "pending": [],
          "skipped": [],
          "duration": 0,
          "root": false,
          "rootEmpty": false,
          "_timeout": 2000
        }
      ],
      "passes": [],
      "failures": [],
      "pending": [],
      "skipped": [],
      "duration": 0,
      "root": true,
      "rootEmpty": true,
      "_timeout": 2000
    }
  ],
  "meta": {
    "mocha": {
      "version": "7.2.0"
    },
    "mochawesome": {
      "options": {
        "quiet": false,
        "reportFilename": "mochawesome",
        "saveHtml": true,
        "saveJson": true,
        "consoleReporter": "spec",
        "useInlineDiffs": false,
        "code": true
      },
      "version": "6.1.1"
    },
    "marge": {
      "options": null,
      "version": "5.1.0"
    }
  }
}